{"/home/runner/workspace/client/src/hooks/use-toast.ts": {"path":"/home/runner/workspace/client/src/hooks/use-toast.ts","statementMap":{"0":{"start":{"line":8,"column":20},"end":{"line":8,"column":null}},"1":{"start":{"line":9,"column":27},"end":{"line":9,"column":null}},"2":{"start":{"line":18,"column":20},"end":{"line":23,"column":null}},"3":{"start":{"line":25,"column":12},"end":{"line":25,"column":null}},"4":{"start":{"line":28,"column":2},"end":{"line":28,"column":null}},"5":{"start":{"line":29,"column":2},"end":{"line":29,"column":null}},"6":{"start":{"line":56,"column":22},"end":{"line":56,"column":null}},"7":{"start":{"line":58,"column":25},"end":{"line":72,"column":null}},"8":{"start":{"line":59,"column":2},"end":{"line":61,"column":null}},"9":{"start":{"line":60,"column":4},"end":{"line":60,"column":null}},"10":{"start":{"line":63,"column":18},"end":{"line":69,"column":null}},"11":{"start":{"line":64,"column":4},"end":{"line":64,"column":null}},"12":{"start":{"line":65,"column":4},"end":{"line":68,"column":null}},"13":{"start":{"line":71,"column":2},"end":{"line":71,"column":null}},"14":{"start":{"line":74,"column":23},"end":{"line":127,"column":null}},"15":{"start":{"line":75,"column":2},"end":{"line":126,"column":null}},"16":{"start":{"line":77,"column":6},"end":{"line":80,"column":null}},"17":{"start":{"line":83,"column":6},"end":{"line":88,"column":null}},"18":{"start":{"line":86,"column":10},"end":{"line":86,"column":null}},"19":{"start":{"line":91,"column":26},"end":{"line":91,"column":null}},"20":{"start":{"line":95,"column":6},"end":{"line":101,"column":null}},"21":{"start":{"line":96,"column":8},"end":{"line":96,"column":null}},"22":{"start":{"line":98,"column":8},"end":{"line":100,"column":null}},"23":{"start":{"line":99,"column":10},"end":{"line":99,"column":null}},"24":{"start":{"line":103,"column":6},"end":{"line":113,"column":null}},"25":{"start":{"line":106,"column":10},"end":{"line":111,"column":null}},"26":{"start":{"line":116,"column":6},"end":{"line":121,"column":null}},"27":{"start":{"line":117,"column":8},"end":{"line":120,"column":null}},"28":{"start":{"line":122,"column":6},"end":{"line":125,"column":null}},"29":{"start":{"line":124,"column":43},"end":{"line":124,"column":66}},"30":{"start":{"line":129,"column":49},"end":{"line":129,"column":null}},"31":{"start":{"line":131,"column":25},"end":{"line":131,"column":null}},"32":{"start":{"line":134,"column":2},"end":{"line":134,"column":null}},"33":{"start":{"line":135,"column":2},"end":{"line":137,"column":null}},"34":{"start":{"line":136,"column":4},"end":{"line":136,"column":null}},"35":{"start":{"line":143,"column":13},"end":{"line":143,"column":null}},"36":{"start":{"line":145,"column":17},"end":{"line":149,"column":null}},"37":{"start":{"line":146,"column":4},"end":{"line":149,"column":null}},"38":{"start":{"line":150,"column":18},"end":{"line":150,"column":null}},"39":{"start":{"line":150,"column":24},"end":{"line":150,"column":null}},"40":{"start":{"line":152,"column":2},"end":{"line":162,"column":null}},"41":{"start":{"line":159,"column":8},"end":{"line":159,"column":null}},"42":{"start":{"line":159,"column":19},"end":{"line":159,"column":null}},"43":{"start":{"line":164,"column":2},"end":{"line":168,"column":null}},"44":{"start":{"line":172,"column":28},"end":{"line":172,"column":null}},"45":{"start":{"line":174,"column":2},"end":{"line":182,"column":null}},"46":{"start":{"line":175,"column":4},"end":{"line":175,"column":null}},"47":{"start":{"line":176,"column":4},"end":{"line":181,"column":null}},"48":{"start":{"line":177,"column":20},"end":{"line":177,"column":null}},"49":{"start":{"line":178,"column":6},"end":{"line":180,"column":null}},"50":{"start":{"line":179,"column":8},"end":{"line":179,"column":null}},"51":{"start":{"line":184,"column":2},"end":{"line":188,"column":null}},"52":{"start":{"line":187,"column":35},"end":{"line":187,"column":null}}},"fnMap":{"0":{"name":"genId","decl":{"start":{"line":27,"column":9},"end":{"line":27,"column":17}},"loc":{"start":{"line":27,"column":17},"end":{"line":30,"column":null}},"line":27},"1":{"name":"(anonymous_1)","decl":{"start":{"line":58,"column":25},"end":{"line":58,"column":26}},"loc":{"start":{"line":58,"column":46},"end":{"line":72,"column":null}},"line":58},"2":{"name":"(anonymous_2)","decl":{"start":{"line":63,"column":29},"end":{"line":63,"column":35}},"loc":{"start":{"line":63,"column":35},"end":{"line":69,"column":5}},"line":63},"3":{"name":"(anonymous_3)","decl":{"start":{"line":74,"column":23},"end":{"line":74,"column":24}},"loc":{"start":{"line":74,"column":64},"end":{"line":127,"column":null}},"line":74},"4":{"name":"(anonymous_4)","decl":{"start":{"line":85,"column":33},"end":{"line":85,"column":34}},"loc":{"start":{"line":86,"column":10},"end":{"line":86,"column":null}},"line":86},"5":{"name":"(anonymous_5)","decl":{"start":{"line":98,"column":29},"end":{"line":98,"column":30}},"loc":{"start":{"line":98,"column":40},"end":{"line":100,"column":9}},"line":98},"6":{"name":"(anonymous_6)","decl":{"start":{"line":105,"column":33},"end":{"line":105,"column":34}},"loc":{"start":{"line":106,"column":10},"end":{"line":111,"column":null}},"line":106},"7":{"name":"(anonymous_7)","decl":{"start":{"line":124,"column":36},"end":{"line":124,"column":37}},"loc":{"start":{"line":124,"column":43},"end":{"line":124,"column":66}},"line":124},"8":{"name":"dispatch","decl":{"start":{"line":133,"column":9},"end":{"line":133,"column":18}},"loc":{"start":{"line":133,"column":34},"end":{"line":138,"column":null}},"line":133},"9":{"name":"(anonymous_9)","decl":{"start":{"line":135,"column":20},"end":{"line":135,"column":21}},"loc":{"start":{"line":135,"column":34},"end":{"line":137,"column":3}},"line":135},"10":{"name":"toast","decl":{"start":{"line":142,"column":9},"end":{"line":142,"column":15}},"loc":{"start":{"line":142,"column":36},"end":{"line":169,"column":null}},"line":142},"11":{"name":"(anonymous_11)","decl":{"start":{"line":145,"column":17},"end":{"line":145,"column":18}},"loc":{"start":{"line":146,"column":4},"end":{"line":149,"column":null}},"line":146},"12":{"name":"(anonymous_12)","decl":{"start":{"line":150,"column":18},"end":{"line":150,"column":24}},"loc":{"start":{"line":150,"column":24},"end":{"line":150,"column":null}},"line":150},"13":{"name":"(anonymous_13)","decl":{"start":{"line":158,"column":20},"end":{"line":158,"column":21}},"loc":{"start":{"line":158,"column":30},"end":{"line":160,"column":null}},"line":158},"14":{"name":"useToast","decl":{"start":{"line":171,"column":9},"end":{"line":171,"column":20}},"loc":{"start":{"line":171,"column":20},"end":{"line":189,"column":null}},"line":171},"15":{"name":"(anonymous_15)","decl":{"start":{"line":174,"column":18},"end":{"line":174,"column":24}},"loc":{"start":{"line":174,"column":24},"end":{"line":182,"column":5}},"line":174},"16":{"name":"(anonymous_16)","decl":{"start":{"line":176,"column":11},"end":{"line":176,"column":17}},"loc":{"start":{"line":176,"column":17},"end":{"line":181,"column":null}},"line":176},"17":{"name":"(anonymous_17)","decl":{"start":{"line":187,"column":13},"end":{"line":187,"column":14}},"loc":{"start":{"line":187,"column":35},"end":{"line":187,"column":null}},"line":187}},"branchMap":{"0":{"loc":{"start":{"line":59,"column":2},"end":{"line":61,"column":null}},"type":"if","locations":[{"start":{"line":59,"column":2},"end":{"line":61,"column":null}},{"start":{},"end":{}}],"line":59},"1":{"loc":{"start":{"line":75,"column":2},"end":{"line":126,"column":null}},"type":"switch","locations":[{"start":{"line":76,"column":4},"end":{"line":80,"column":null}},{"start":{"line":82,"column":4},"end":{"line":88,"column":null}},{"start":{"line":90,"column":4},"end":{"line":114,"column":null}},{"start":{"line":115,"column":4},"end":{"line":125,"column":null}}],"line":75},"2":{"loc":{"start":{"line":86,"column":10},"end":{"line":86,"column":null}},"type":"cond-expr","locations":[{"start":{"line":86,"column":37},"end":{"line":86,"column":65}},{"start":{"line":86,"column":65},"end":{"line":86,"column":null}}],"line":86},"3":{"loc":{"start":{"line":95,"column":6},"end":{"line":101,"column":null}},"type":"if","locations":[{"start":{"line":95,"column":6},"end":{"line":101,"column":null}},{"start":{"line":97,"column":13},"end":{"line":101,"column":null}}],"line":95},"4":{"loc":{"start":{"line":106,"column":10},"end":{"line":111,"column":null}},"type":"cond-expr","locations":[{"start":{"line":107,"column":14},"end":{"line":110,"column":null}},{"start":{"line":111,"column":14},"end":{"line":111,"column":null}}],"line":106},"5":{"loc":{"start":{"line":106,"column":10},"end":{"line":106,"column":null}},"type":"binary-expr","locations":[{"start":{"line":106,"column":10},"end":{"line":106,"column":30}},{"start":{"line":106,"column":30},"end":{"line":106,"column":null}}],"line":106},"6":{"loc":{"start":{"line":116,"column":6},"end":{"line":121,"column":null}},"type":"if","locations":[{"start":{"line":116,"column":6},"end":{"line":121,"column":null}},{"start":{},"end":{}}],"line":116},"7":{"loc":{"start":{"line":159,"column":8},"end":{"line":159,"column":null}},"type":"if","locations":[{"start":{"line":159,"column":8},"end":{"line":159,"column":null}},{"start":{},"end":{}}],"line":159},"8":{"loc":{"start":{"line":178,"column":6},"end":{"line":180,"column":null}},"type":"if","locations":[{"start":{"line":178,"column":6},"end":{"line":180,"column":null}},{"start":{},"end":{}}],"line":178}},"s":{"0":0,"1":0,"2":0,"3":0,"4":0,"5":0,"6":0,"7":0,"8":0,"9":0,"10":0,"11":0,"12":0,"13":0,"14":0,"15":0,"16":0,"17":0,"18":0,"19":0,"20":0,"21":0,"22":0,"23":0,"24":0,"25":0,"26":0,"27":0,"28":0,"29":0,"30":0,"31":0,"32":0,"33":0,"34":0,"35":0,"36":0,"37":0,"38":0,"39":0,"40":0,"41":0,"42":0,"43":0,"44":0,"45":0,"46":0,"47":0,"48":0,"49":0,"50":0,"51":0,"52":0},"f":{"0":0,"1":0,"2":0,"3":0,"4":0,"5":0,"6":0,"7":0,"8":0,"9":0,"10":0,"11":0,"12":0,"13":0,"14":0,"15":0,"16":0,"17":0},"b":{"0":[0,0],"1":[0,0,0,0],"2":[0,0],"3":[0,0],"4":[0,0],"5":[0,0],"6":[0,0],"7":[0,0],"8":[0,0]},"meta":{"lastBranch":9,"lastFunction":18,"lastStatement":53,"seen":{"s:8:20:8:Infinity":0,"s:9:27:9:Infinity":1,"s:18:20:23:Infinity":2,"s:25:12:25:Infinity":3,"f:27:9:27:17":0,"s:28:2:28:Infinity":4,"s:29:2:29:Infinity":5,"s:56:22:56:Infinity":6,"s:58:25:72:Infinity":7,"f:58:25:58:26":1,"b:59:2:61:Infinity:undefined:undefined:undefined:undefined":0,"s:59:2:61:Infinity":8,"s:60:4:60:Infinity":9,"s:63:18:69:Infinity":10,"f:63:29:63:35":2,"s:64:4:64:Infinity":11,"s:65:4:68:Infinity":12,"s:71:2:71:Infinity":13,"s:74:23:127:Infinity":14,"f:74:23:74:24":3,"b:76:4:80:Infinity:82:4:88:Infinity:90:4:114:Infinity:115:4:125:Infinity":1,"s:75:2:126:Infinity":15,"s:77:6:80:Infinity":16,"s:83:6:88:Infinity":17,"f:85:33:85:34":4,"s:86:10:86:Infinity":18,"b:86:37:86:65:86:65:86:Infinity":2,"s:91:26:91:Infinity":19,"b:95:6:101:Infinity:97:13:101:Infinity":3,"s:95:6:101:Infinity":20,"s:96:8:96:Infinity":21,"s:98:8:100:Infinity":22,"f:98:29:98:30":5,"s:99:10:99:Infinity":23,"s:103:6:113:Infinity":24,"f:105:33:105:34":6,"s:106:10:111:Infinity":25,"b:107:14:110:Infinity:111:14:111:Infinity":4,"b:106:10:106:30:106:30:106:Infinity":5,"b:116:6:121:Infinity:undefined:undefined:undefined:undefined":6,"s:116:6:121:Infinity":26,"s:117:8:120:Infinity":27,"s:122:6:125:Infinity":28,"f:124:36:124:37":7,"s:124:43:124:66":29,"s:129:49:129:Infinity":30,"s:131:25:131:Infinity":31,"f:133:9:133:18":8,"s:134:2:134:Infinity":32,"s:135:2:137:Infinity":33,"f:135:20:135:21":9,"s:136:4:136:Infinity":34,"f:142:9:142:15":10,"s:143:13:143:Infinity":35,"s:145:17:149:Infinity":36,"f:145:17:145:18":11,"s:146:4:149:Infinity":37,"s:150:18:150:Infinity":38,"f:150:18:150:24":12,"s:150:24:150:Infinity":39,"s:152:2:162:Infinity":40,"f:158:20:158:21":13,"b:159:8:159:Infinity:undefined:undefined:undefined:undefined":7,"s:159:8:159:Infinity":41,"s:159:19:159:Infinity":42,"s:164:2:168:Infinity":43,"f:171:9:171:20":14,"s:172:28:172:Infinity":44,"s:174:2:182:Infinity":45,"f:174:18:174:24":15,"s:175:4:175:Infinity":46,"s:176:4:181:Infinity":47,"f:176:11:176:17":16,"s:177:20:177:Infinity":48,"b:178:6:180:Infinity:undefined:undefined:undefined:undefined":8,"s:178:6:180:Infinity":49,"s:179:8:179:Infinity":50,"s:184:2:188:Infinity":51,"f:187:13:187:14":17,"s:187:35:187:Infinity":52}}}
,"/home/runner/workspace/client/src/lib/api.ts": {"path":"/home/runner/workspace/client/src/lib/api.ts","statementMap":{"0":{"start":{"line":11,"column":4},"end":{"line":11,"column":null}},"1":{"start":{"line":7,"column":11},"end":{"line":7,"column":null}},"2":{"start":{"line":9,"column":11},"end":{"line":9,"column":null}},"3":{"start":{"line":12,"column":4},"end":{"line":12,"column":null}},"4":{"start":{"line":78,"column":19},"end":{"line":78,"column":null}},"5":{"start":{"line":79,"column":2},"end":{"line":79,"column":null}},"6":{"start":{"line":80,"column":2},"end":{"line":80,"column":null}},"7":{"start":{"line":81,"column":2},"end":{"line":81,"column":null}},"8":{"start":{"line":83,"column":19},"end":{"line":86,"column":null}},"9":{"start":{"line":88,"column":2},"end":{"line":104,"column":null}},"10":{"start":{"line":89,"column":18},"end":{"line":89,"column":null}},"11":{"start":{"line":92,"column":29},"end":{"line":92,"column":null}},"12":{"start":{"line":93,"column":4},"end":{"line":100,"column":null}},"13":{"start":{"line":94,"column":29},"end":{"line":94,"column":null}},"14":{"start":{"line":95,"column":6},"end":{"line":99,"column":null}},"15":{"start":{"line":103,"column":4},"end":{"line":103,"column":null}},"16":{"start":{"line":106,"column":2},"end":{"line":106,"column":null}},"17":{"start":{"line":110,"column":14},"end":{"line":110,"column":null}},"18":{"start":{"line":111,"column":19},"end":{"line":111,"column":null}},"19":{"start":{"line":112,"column":2},"end":{"line":112,"column":null}},"20":{"start":{"line":120,"column":17},"end":{"line":120,"column":null}},"21":{"start":{"line":121,"column":2},"end":{"line":121,"column":null}},"22":{"start":{"line":121,"column":16},"end":{"line":121,"column":null}},"23":{"start":{"line":122,"column":2},"end":{"line":122,"column":null}},"24":{"start":{"line":122,"column":17},"end":{"line":122,"column":null}},"25":{"start":{"line":123,"column":2},"end":{"line":123,"column":null}},"26":{"start":{"line":123,"column":14},"end":{"line":123,"column":null}},"27":{"start":{"line":125,"column":14},"end":{"line":125,"column":null}},"28":{"start":{"line":126,"column":19},"end":{"line":126,"column":null}},"29":{"start":{"line":127,"column":2},"end":{"line":127,"column":null}},"30":{"start":{"line":137,"column":19},"end":{"line":137,"column":null}},"31":{"start":{"line":138,"column":2},"end":{"line":141,"column":null}},"32":{"start":{"line":139,"column":18},"end":{"line":139,"column":null}},"33":{"start":{"line":140,"column":4},"end":{"line":140,"column":null}},"34":{"start":{"line":142,"column":2},"end":{"line":142,"column":null}},"35":{"start":{"line":146,"column":19},"end":{"line":146,"column":null}},"36":{"start":{"line":147,"column":2},"end":{"line":147,"column":null}}},"fnMap":{"0":{"name":"(anonymous_0)","decl":{"start":{"line":6,"column":2},"end":{"line":6,"column":null}},"loc":{"start":{"line":10,"column":4},"end":{"line":13,"column":null}},"line":10},"1":{"name":"uploadLabResult","decl":{"start":{"line":73,"column":22},"end":{"line":73,"column":null}},"loc":{"start":{"line":77,"column":36},"end":{"line":107,"column":null}},"line":77},"2":{"name":"getHealthTips","decl":{"start":{"line":109,"column":22},"end":{"line":109,"column":36}},"loc":{"start":{"line":109,"column":83},"end":{"line":113,"column":null}},"line":109},"3":{"name":"getNearbyHospitals","decl":{"start":{"line":115,"column":22},"end":{"line":115,"column":null}},"loc":{"start":{"line":119,"column":29},"end":{"line":128,"column":null}},"line":119},"4":{"name":"getUserData","decl":{"start":{"line":130,"column":22},"end":{"line":130,"column":34}},"loc":{"start":{"line":136,"column":3},"end":{"line":143,"column":null}},"line":136},"5":{"name":"deleteUserData","decl":{"start":{"line":145,"column":22},"end":{"line":145,"column":37}},"loc":{"start":{"line":145,"column":101},"end":{"line":148,"column":null}},"line":145}},"branchMap":{"0":{"loc":{"start":{"line":88,"column":2},"end":{"line":104,"column":null}},"type":"if","locations":[{"start":{"line":88,"column":2},"end":{"line":104,"column":null}},{"start":{},"end":{}}],"line":88},"1":{"loc":{"start":{"line":93,"column":4},"end":{"line":100,"column":null}},"type":"if","locations":[{"start":{"line":93,"column":4},"end":{"line":100,"column":null}},{"start":{},"end":{}}],"line":93},"2":{"loc":{"start":{"line":103,"column":20},"end":{"line":103,"column":67}},"type":"binary-expr","locations":[{"start":{"line":103,"column":20},"end":{"line":103,"column":35}},{"start":{"line":103,"column":35},"end":{"line":103,"column":52}},{"start":{"line":103,"column":52},"end":{"line":103,"column":67}}],"line":103},"3":{"loc":{"start":{"line":110,"column":14},"end":{"line":110,"column":null}},"type":"cond-expr","locations":[{"start":{"line":110,"column":25},"end":{"line":110,"column":67}},{"start":{"line":110,"column":67},"end":{"line":110,"column":null}}],"line":110},"4":{"loc":{"start":{"line":121,"column":2},"end":{"line":121,"column":null}},"type":"if","locations":[{"start":{"line":121,"column":2},"end":{"line":121,"column":null}},{"start":{},"end":{}}],"line":121},"5":{"loc":{"start":{"line":122,"column":2},"end":{"line":122,"column":null}},"type":"if","locations":[{"start":{"line":122,"column":2},"end":{"line":122,"column":null}},{"start":{},"end":{}}],"line":122},"6":{"loc":{"start":{"line":123,"column":2},"end":{"line":123,"column":null}},"type":"if","locations":[{"start":{"line":123,"column":2},"end":{"line":123,"column":null}},{"start":{},"end":{}}],"line":123},"7":{"loc":{"start":{"line":125,"column":38},"end":{"line":125,"column":75}},"type":"cond-expr","locations":[{"start":{"line":125,"column":58},"end":{"line":125,"column":73}},{"start":{"line":125,"column":73},"end":{"line":125,"column":75}}],"line":125},"8":{"loc":{"start":{"line":138,"column":2},"end":{"line":141,"column":null}},"type":"if","locations":[{"start":{"line":138,"column":2},"end":{"line":141,"column":null}},{"start":{},"end":{}}],"line":138},"9":{"loc":{"start":{"line":140,"column":20},"end":{"line":140,"column":62}},"type":"binary-expr","locations":[{"start":{"line":140,"column":20},"end":{"line":140,"column":35}},{"start":{"line":140,"column":35},"end":{"line":140,"column":62}}],"line":140}},"s":{"0":0,"1":0,"2":0,"3":0,"4":0,"5":0,"6":0,"7":0,"8":0,"9":0,"10":0,"11":0,"12":0,"13":0,"14":0,"15":0,"16":0,"17":0,"18":0,"19":0,"20":0,"21":0,"22":0,"23":0,"24":0,"25":0,"26":0,"27":0,"28":0,"29":0,"30":0,"31":0,"32":0,"33":0,"34":0,"35":0,"36":0},"f":{"0":0,"1":0,"2":0,"3":0,"4":0,"5":0},"b":{"0":[0,0],"1":[0,0],"2":[0,0,0],"3":[0,0],"4":[0,0],"5":[0,0],"6":[0,0],"7":[0,0],"8":[0,0],"9":[0,0]},"meta":{"lastBranch":10,"lastFunction":6,"lastStatement":37,"seen":{"f:6:2:6:Infinity":0,"s:11:4:11:Infinity":0,"s:7:11:7:Infinity":1,"s:9:11:9:Infinity":2,"s:12:4:12:Infinity":3,"f:73:22:73:Infinity":1,"s:78:19:78:Infinity":4,"s:79:2:79:Infinity":5,"s:80:2:80:Infinity":6,"s:81:2:81:Infinity":7,"s:83:19:86:Infinity":8,"b:88:2:104:Infinity:undefined:undefined:undefined:undefined":0,"s:88:2:104:Infinity":9,"s:89:18:89:Infinity":10,"s:92:29:92:Infinity":11,"b:93:4:100:Infinity:undefined:undefined:undefined:undefined":1,"s:93:4:100:Infinity":12,"s:94:29:94:Infinity":13,"s:95:6:99:Infinity":14,"s:103:4:103:Infinity":15,"b:103:20:103:35:103:35:103:52:103:52:103:67":2,"s:106:2:106:Infinity":16,"f:109:22:109:36":2,"s:110:14:110:Infinity":17,"b:110:25:110:67:110:67:110:Infinity":3,"s:111:19:111:Infinity":18,"s:112:2:112:Infinity":19,"f:115:22:115:Infinity":3,"s:120:17:120:Infinity":20,"b:121:2:121:Infinity:undefined:undefined:undefined:undefined":4,"s:121:2:121:Infinity":21,"s:121:16:121:Infinity":22,"b:122:2:122:Infinity:undefined:undefined:undefined:undefined":5,"s:122:2:122:Infinity":23,"s:122:17:122:Infinity":24,"b:123:2:123:Infinity:undefined:undefined:undefined:undefined":6,"s:123:2:123:Infinity":25,"s:123:14:123:Infinity":26,"s:125:14:125:Infinity":27,"b:125:58:125:73:125:73:125:75":7,"s:126:19:126:Infinity":28,"s:127:2:127:Infinity":29,"f:130:22:130:34":4,"s:137:19:137:Infinity":30,"b:138:2:141:Infinity:undefined:undefined:undefined:undefined":8,"s:138:2:141:Infinity":31,"s:139:18:139:Infinity":32,"s:140:4:140:Infinity":33,"b:140:20:140:35:140:35:140:62":9,"s:142:2:142:Infinity":34,"f:145:22:145:37":5,"s:146:19:146:Infinity":35,"s:147:2:147:Infinity":36}}}
,"/home/runner/workspace/client/src/lib/firebase.ts": {"path":"/home/runner/workspace/client/src/lib/firebase.ts","statementMap":{"0":{"start":{"line":7,"column":23},"end":{"line":12,"column":null}},"1":{"start":{"line":15,"column":13},"end":{"line":15,"column":null}},"2":{"start":{"line":18,"column":13},"end":{"line":18,"column":null}},"3":{"start":{"line":19,"column":13},"end":{"line":19,"column":null}},"4":{"start":{"line":20,"column":30},"end":{"line":20,"column":null}}},"fnMap":{},"branchMap":{},"s":{"0":0,"1":0,"2":0,"3":0,"4":0},"f":{},"b":{},"meta":{"lastBranch":0,"lastFunction":0,"lastStatement":5,"seen":{"s:7:23:12:Infinity":0,"s:15:13:15:Infinity":1,"s:18:13:18:Infinity":2,"s:19:13:19:Infinity":3,"s:20:30:20:Infinity":4}}}
,"/home/runner/workspace/client/src/lib/queryClient.ts": {"path":"/home/runner/workspace/client/src/lib/queryClient.ts","statementMap":{"0":{"start":{"line":4,"column":2},"end":{"line":7,"column":null}},"1":{"start":{"line":5,"column":18},"end":{"line":5,"column":null}},"2":{"start":{"line":6,"column":4},"end":{"line":6,"column":null}},"3":{"start":{"line":16,"column":42},"end":{"line":19,"column":null}},"4":{"start":{"line":21,"column":14},"end":{"line":26,"column":null}},"5":{"start":{"line":28,"column":2},"end":{"line":28,"column":null}},"6":{"start":{"line":29,"column":2},"end":{"line":29,"column":null}},"7":{"start":{"line":36,"column":2},"end":{"line":48,"column":null}},"8":{"start":{"line":37,"column":2},"end":{"line":48,"column":null}},"9":{"start":{"line":38,"column":16},"end":{"line":40,"column":null}},"10":{"start":{"line":42,"column":4},"end":{"line":44,"column":null}},"11":{"start":{"line":43,"column":6},"end":{"line":43,"column":null}},"12":{"start":{"line":46,"column":4},"end":{"line":46,"column":null}},"13":{"start":{"line":47,"column":4},"end":{"line":47,"column":null}},"14":{"start":{"line":50,"column":27},"end":{"line":63,"column":null}}},"fnMap":{"0":{"name":"throwIfResNotOk","decl":{"start":{"line":3,"column":15},"end":{"line":3,"column":31}},"loc":{"start":{"line":3,"column":46},"end":{"line":8,"column":null}},"line":3},"1":{"name":"apiRequest","decl":{"start":{"line":10,"column":22},"end":{"line":10,"column":null}},"loc":{"start":{"line":15,"column":21},"end":{"line":30,"column":null}},"line":15},"2":{"name":"(anonymous_2)","decl":{"start":{"line":36,"column":2},"end":{"line":36,"column":3}},"loc":{"start":{"line":37,"column":2},"end":{"line":48,"column":null}},"line":37},"3":{"name":"(anonymous_3)","decl":{"start":{"line":37,"column":2},"end":{"line":37,"column":9}},"loc":{"start":{"line":37,"column":26},"end":{"line":48,"column":null}},"line":37}},"branchMap":{"0":{"loc":{"start":{"line":4,"column":2},"end":{"line":7,"column":null}},"type":"if","locations":[{"start":{"line":4,"column":2},"end":{"line":7,"column":null}},{"start":{},"end":{}}],"line":4},"1":{"loc":{"start":{"line":5,"column":18},"end":{"line":5,"column":null}},"type":"binary-expr","locations":[{"start":{"line":5,"column":18},"end":{"line":5,"column":39}},{"start":{"line":5,"column":39},"end":{"line":5,"column":null}}],"line":5},"2":{"loc":{"start":{"line":17,"column":8},"end":{"line":17,"column":null}},"type":"cond-expr","locations":[{"start":{"line":17,"column":15},"end":{"line":17,"column":56}},{"start":{"line":17,"column":56},"end":{"line":17,"column":null}}],"line":17},"3":{"loc":{"start":{"line":18,"column":8},"end":{"line":18,"column":null}},"type":"binary-expr","locations":[{"start":{"line":18,"column":8},"end":{"line":18,"column":25}},{"start":{"line":18,"column":25},"end":{"line":18,"column":null}}],"line":18},"4":{"loc":{"start":{"line":24,"column":10},"end":{"line":24,"column":null}},"type":"cond-expr","locations":[{"start":{"line":24,"column":17},"end":{"line":24,"column":40}},{"start":{"line":24,"column":40},"end":{"line":24,"column":null}}],"line":24},"5":{"loc":{"start":{"line":42,"column":4},"end":{"line":44,"column":null}},"type":"if","locations":[{"start":{"line":42,"column":4},"end":{"line":44,"column":null}},{"start":{},"end":{}}],"line":42},"6":{"loc":{"start":{"line":42,"column":8},"end":{"line":42,"column":69}},"type":"binary-expr","locations":[{"start":{"line":42,"column":8},"end":{"line":42,"column":49}},{"start":{"line":42,"column":49},"end":{"line":42,"column":69}}],"line":42}},"s":{"0":0,"1":0,"2":0,"3":0,"4":0,"5":0,"6":0,"7":0,"8":0,"9":0,"10":0,"11":0,"12":0,"13":0,"14":0},"f":{"0":0,"1":0,"2":0,"3":0},"b":{"0":[0,0],"1":[0,0],"2":[0,0],"3":[0,0],"4":[0,0],"5":[0,0],"6":[0,0]},"meta":{"lastBranch":7,"lastFunction":4,"lastStatement":15,"seen":{"f:3:15:3:31":0,"b:4:2:7:Infinity:undefined:undefined:undefined:undefined":0,"s:4:2:7:Infinity":0,"s:5:18:5:Infinity":1,"b:5:18:5:39:5:39:5:Infinity":1,"s:6:4:6:Infinity":2,"f:10:22:10:Infinity":1,"s:16:42:19:Infinity":3,"b:17:15:17:56:17:56:17:Infinity":2,"b:18:8:18:25:18:25:18:Infinity":3,"s:21:14:26:Infinity":4,"b:24:17:24:40:24:40:24:Infinity":4,"s:28:2:28:Infinity":5,"s:29:2:29:Infinity":6,"s:36:2:48:Infinity":7,"f:36:2:36:3":2,"s:37:2:48:Infinity":8,"f:37:2:37:9":3,"s:38:16:40:Infinity":9,"b:42:4:44:Infinity:undefined:undefined:undefined:undefined":5,"s:42:4:44:Infinity":10,"b:42:8:42:49:42:49:42:69":6,"s:43:6:43:Infinity":11,"s:46:4:46:Infinity":12,"s:47:4:47:Infinity":13,"s:50:27:63:Infinity":14}}}
,"/home/runner/workspace/client/src/lib/utils.ts": {"path":"/home/runner/workspace/client/src/lib/utils.ts","statementMap":{"0":{"start":{"line":5,"column":2},"end":{"line":5,"column":null}}},"fnMap":{"0":{"name":"cn","decl":{"start":{"line":4,"column":16},"end":{"line":4,"column":22}},"loc":{"start":{"line":4,"column":44},"end":{"line":6,"column":null}},"line":4}},"branchMap":{},"s":{"0":0},"f":{"0":0},"b":{},"meta":{"lastBranch":0,"lastFunction":1,"lastStatement":1,"seen":{"f:4:16:4:22":0,"s:5:2:5:Infinity":0}}}
,"/home/runner/workspace/server/index.ts": {"path":"/home/runner/workspace/server/index.ts","statementMap":{"0":{"start":{"line":2,"column":0},"end":{"line":2,"column":null}},"1":{"start":{"line":3,"column":0},"end":{"line":3,"column":null}},"2":{"start":{"line":4,"column":0},"end":{"line":4,"column":null}},"3":{"start":{"line":5,"column":0},"end":{"line":5,"column":null}},"4":{"start":{"line":6,"column":0},"end":{"line":6,"column":null}},"5":{"start":{"line":13,"column":6},"end":{"line":13,"column":null}},"6":{"start":{"line":16,"column":19},"end":{"line":16,"column":null}},"7":{"start":{"line":17,"column":0},"end":{"line":17,"column":null}},"8":{"start":{"line":24,"column":0},"end":{"line":28,"column":null}},"9":{"start":{"line":26,"column":4},"end":{"line":26,"column":null}},"10":{"start":{"line":29,"column":0},"end":{"line":29,"column":null}},"11":{"start":{"line":31,"column":0},"end":{"line":59,"column":null}},"12":{"start":{"line":32,"column":16},"end":{"line":32,"column":null}},"13":{"start":{"line":33,"column":15},"end":{"line":33,"column":null}},"14":{"start":{"line":34,"column":62},"end":{"line":34,"column":null}},"15":{"start":{"line":36,"column":26},"end":{"line":36,"column":null}},"16":{"start":{"line":37,"column":2},"end":{"line":40,"column":null}},"17":{"start":{"line":38,"column":4},"end":{"line":38,"column":null}},"18":{"start":{"line":39,"column":4},"end":{"line":39,"column":null}},"19":{"start":{"line":42,"column":2},"end":{"line":56,"column":null}},"20":{"start":{"line":43,"column":21},"end":{"line":43,"column":null}},"21":{"start":{"line":44,"column":4},"end":{"line":55,"column":null}},"22":{"start":{"line":45,"column":20},"end":{"line":45,"column":null}},"23":{"start":{"line":46,"column":6},"end":{"line":48,"column":null}},"24":{"start":{"line":47,"column":8},"end":{"line":47,"column":null}},"25":{"start":{"line":50,"column":6},"end":{"line":52,"column":null}},"26":{"start":{"line":51,"column":8},"end":{"line":51,"column":null}},"27":{"start":{"line":54,"column":6},"end":{"line":54,"column":null}},"28":{"start":{"line":58,"column":2},"end":{"line":58,"column":null}},"29":{"start":{"line":59,"column":1},"end":{"line":90,"column":null}},"30":{"start":{"line":62,"column":17},"end":{"line":62,"column":null}},"31":{"start":{"line":64,"column":2},"end":{"line":70,"column":null}},"32":{"start":{"line":65,"column":19},"end":{"line":65,"column":null}},"33":{"start":{"line":66,"column":20},"end":{"line":66,"column":null}},"34":{"start":{"line":68,"column":4},"end":{"line":68,"column":null}},"35":{"start":{"line":69,"column":4},"end":{"line":69,"column":null}},"36":{"start":{"line":75,"column":2},"end":{"line":79,"column":null}},"37":{"start":{"line":76,"column":4},"end":{"line":76,"column":null}},"38":{"start":{"line":78,"column":4},"end":{"line":78,"column":null}},"39":{"start":{"line":85,"column":15},"end":{"line":85,"column":null}},"40":{"start":{"line":86,"column":2},"end":{"line":89,"column":null}},"41":{"start":{"line":87,"column":4},"end":{"line":87,"column":null}},"42":{"start":{"line":88,"column":4},"end":{"line":88,"column":null}}},"fnMap":{"0":{"name":"(anonymous_0)","decl":{"start":{"line":25,"column":10},"end":{"line":25,"column":11}},"loc":{"start":{"line":25,"column":30},"end":{"line":27,"column":null}},"line":25},"1":{"name":"(anonymous_1)","decl":{"start":{"line":31,"column":8},"end":{"line":31,"column":9}},"loc":{"start":{"line":31,"column":28},"end":{"line":59,"column":1}},"line":31},"2":{"name":"(anonymous_2)","decl":{"start":{"line":37,"column":13},"end":{"line":37,"column":23}},"loc":{"start":{"line":37,"column":42},"end":{"line":40,"column":null}},"line":37},"3":{"name":"(anonymous_3)","decl":{"start":{"line":42,"column":19},"end":{"line":42,"column":25}},"loc":{"start":{"line":42,"column":25},"end":{"line":56,"column":3}},"line":42},"4":{"name":"(anonymous_4)","decl":{"start":{"line":61,"column":1},"end":{"line":61,"column":13}},"loc":{"start":{"line":61,"column":13},"end":{"line":90,"column":3}},"line":61},"5":{"name":"(anonymous_5)","decl":{"start":{"line":64,"column":10},"end":{"line":64,"column":11}},"loc":{"start":{"line":64,"column":75},"end":{"line":70,"column":3}},"line":64},"6":{"name":"(anonymous_6)","decl":{"start":{"line":86,"column":33},"end":{"line":86,"column":39}},"loc":{"start":{"line":86,"column":39},"end":{"line":89,"column":3}},"line":86}},"branchMap":{"0":{"loc":{"start":{"line":6,"column":35},"end":{"line":6,"column":null}},"type":"binary-expr","locations":[{"start":{"line":6,"column":35},"end":{"line":6,"column":75}},{"start":{"line":6,"column":75},"end":{"line":6,"column":null}}],"line":6},"1":{"loc":{"start":{"line":16,"column":19},"end":{"line":16,"column":null}},"type":"binary-expr","locations":[{"start":{"line":16,"column":19},"end":{"line":16,"column":45}},{"start":{"line":16,"column":45},"end":{"line":16,"column":null}}],"line":16},"2":{"loc":{"start":{"line":44,"column":4},"end":{"line":55,"column":null}},"type":"if","locations":[{"start":{"line":44,"column":4},"end":{"line":55,"column":null}},{"start":{},"end":{}}],"line":44},"3":{"loc":{"start":{"line":46,"column":6},"end":{"line":48,"column":null}},"type":"if","locations":[{"start":{"line":46,"column":6},"end":{"line":48,"column":null}},{"start":{},"end":{}}],"line":46},"4":{"loc":{"start":{"line":50,"column":6},"end":{"line":52,"column":null}},"type":"if","locations":[{"start":{"line":50,"column":6},"end":{"line":52,"column":null}},{"start":{},"end":{}}],"line":50},"5":{"loc":{"start":{"line":65,"column":19},"end":{"line":65,"column":null}},"type":"binary-expr","locations":[{"start":{"line":65,"column":19},"end":{"line":65,"column":33}},{"start":{"line":65,"column":33},"end":{"line":65,"column":51}},{"start":{"line":65,"column":51},"end":{"line":65,"column":null}}],"line":65},"6":{"loc":{"start":{"line":66,"column":20},"end":{"line":66,"column":null}},"type":"binary-expr","locations":[{"start":{"line":66,"column":20},"end":{"line":66,"column":35}},{"start":{"line":66,"column":35},"end":{"line":66,"column":null}}],"line":66},"7":{"loc":{"start":{"line":75,"column":2},"end":{"line":79,"column":null}},"type":"if","locations":[{"start":{"line":75,"column":2},"end":{"line":79,"column":null}},{"start":{"line":77,"column":9},"end":{"line":79,"column":null}}],"line":75},"8":{"loc":{"start":{"line":85,"column":24},"end":{"line":85,"column":52}},"type":"binary-expr","locations":[{"start":{"line":85,"column":24},"end":{"line":85,"column":44}},{"start":{"line":85,"column":44},"end":{"line":85,"column":52}}],"line":85}},"s":{"0":0,"1":0,"2":0,"3":0,"4":0,"5":0,"6":0,"7":0,"8":0,"9":0,"10":0,"11":0,"12":0,"13":0,"14":0,"15":0,"16":0,"17":0,"18":0,"19":0,"20":0,"21":0,"22":0,"23":0,"24":0,"25":0,"26":0,"27":0,"28":0,"29":0,"30":0,"31":0,"32":0,"33":0,"34":0,"35":0,"36":0,"37":0,"38":0,"39":0,"40":0,"41":0,"42":0},"f":{"0":0,"1":0,"2":0,"3":0,"4":0,"5":0,"6":0},"b":{"0":[0,0],"1":[0,0],"2":[0,0],"3":[0,0],"4":[0,0],"5":[0,0,0],"6":[0,0],"7":[0,0],"8":[0,0]},"meta":{"lastBranch":9,"lastFunction":7,"lastStatement":43,"seen":{"s:2:0:2:Infinity":0,"s:3:0:3:Infinity":1,"s:4:0:4:Infinity":2,"s:5:0:5:Infinity":3,"s:6:0:6:Infinity":4,"b:6:35:6:75:6:75:6:Infinity":0,"s:13:6:13:Infinity":5,"s:16:19:16:Infinity":6,"b:16:19:16:45:16:45:16:Infinity":1,"s:17:0:17:Infinity":7,"s:24:0:28:Infinity":8,"f:25:10:25:11":0,"s:26:4:26:Infinity":9,"s:29:0:29:Infinity":10,"s:31:0:59:Infinity":11,"f:31:8:31:9":1,"s:32:16:32:Infinity":12,"s:33:15:33:Infinity":13,"s:34:62:34:Infinity":14,"s:36:26:36:Infinity":15,"s:37:2:40:Infinity":16,"f:37:13:37:23":2,"s:38:4:38:Infinity":17,"s:39:4:39:Infinity":18,"s:42:2:56:Infinity":19,"f:42:19:42:25":3,"s:43:21:43:Infinity":20,"b:44:4:55:Infinity:undefined:undefined:undefined:undefined":2,"s:44:4:55:Infinity":21,"s:45:20:45:Infinity":22,"b:46:6:48:Infinity:undefined:undefined:undefined:undefined":3,"s:46:6:48:Infinity":23,"s:47:8:47:Infinity":24,"b:50:6:52:Infinity:undefined:undefined:undefined:undefined":4,"s:50:6:52:Infinity":25,"s:51:8:51:Infinity":26,"s:54:6:54:Infinity":27,"s:58:2:58:Infinity":28,"s:59:1:90:Infinity":29,"f:61:1:61:13":4,"s:62:17:62:Infinity":30,"s:64:2:70:Infinity":31,"f:64:10:64:11":5,"s:65:19:65:Infinity":32,"b:65:19:65:33:65:33:65:51:65:51:65:Infinity":5,"s:66:20:66:Infinity":33,"b:66:20:66:35:66:35:66:Infinity":6,"s:68:4:68:Infinity":34,"s:69:4:69:Infinity":35,"b:75:2:79:Infinity:77:9:79:Infinity":7,"s:75:2:79:Infinity":36,"s:76:4:76:Infinity":37,"s:78:4:78:Infinity":38,"s:85:15:85:Infinity":39,"b:85:24:85:44:85:44:85:52":8,"s:86:2:89:Infinity":40,"f:86:33:86:39":6,"s:87:4:87:Infinity":41,"s:88:4:88:Infinity":42}}}
,"/home/runner/workspace/server/routes.ts": {"path":"/home/runner/workspace/server/routes.ts","statementMap":{"0":{"start":{"line":22,"column":6},"end":{"line":34,"column":null}},"1":{"start":{"line":28,"column":4},"end":{"line":32,"column":null}},"2":{"start":{"line":29,"column":6},"end":{"line":29,"column":null}},"3":{"start":{"line":31,"column":6},"end":{"line":31,"column":null}},"4":{"start":{"line":38,"column":2},"end":{"line":40,"column":null}},"5":{"start":{"line":39,"column":4},"end":{"line":39,"column":null}},"6":{"start":{"line":43,"column":2},"end":{"line":229,"column":null}},"7":{"start":{"line":44,"column":4},"end":{"line":228,"column":null}},"8":{"start":{"line":45,"column":6},"end":{"line":47,"column":null}},"9":{"start":{"line":46,"column":8},"end":{"line":46,"column":null}},"10":{"start":{"line":49,"column":34},"end":{"line":49,"column":null}},"11":{"start":{"line":51,"column":6},"end":{"line":53,"column":null}},"12":{"start":{"line":52,"column":8},"end":{"line":52,"column":null}},"13":{"start":{"line":56,"column":32},"end":{"line":56,"column":null}},"14":{"start":{"line":58,"column":6},"end":{"line":67,"column":null}},"15":{"start":{"line":59,"column":8},"end":{"line":66,"column":null}},"16":{"start":{"line":63,"column":56},"end":{"line":63,"column":71}},"17":{"start":{"line":70,"column":24},"end":{"line":70,"column":null}},"18":{"start":{"line":73,"column":12},"end":{"line":73,"column":null}},"19":{"start":{"line":75,"column":6},"end":{"line":101,"column":null}},"20":{"start":{"line":76,"column":8},"end":{"line":82,"column":null}},"21":{"start":{"line":84,"column":8},"end":{"line":100,"column":null}},"22":{"start":{"line":104,"column":12},"end":{"line":104,"column":null}},"23":{"start":{"line":106,"column":6},"end":{"line":131,"column":null}},"24":{"start":{"line":107,"column":8},"end":{"line":112,"column":null}},"25":{"start":{"line":114,"column":8},"end":{"line":130,"column":null}},"26":{"start":{"line":133,"column":6},"end":{"line":138,"column":null}},"27":{"start":{"line":141,"column":29},"end":{"line":141,"column":null}},"28":{"start":{"line":144,"column":36},"end":{"line":144,"column":null}},"29":{"start":{"line":147,"column":29},"end":{"line":147,"column":null}},"30":{"start":{"line":148,"column":29},"end":{"line":148,"column":null}},"31":{"start":{"line":150,"column":6},"end":{"line":155,"column":null}},"32":{"start":{"line":158,"column":26},"end":{"line":166,"column":null}},"33":{"start":{"line":168,"column":25},"end":{"line":184,"column":null}},"34":{"start":{"line":187,"column":32},"end":{"line":199,"column":null}},"35":{"start":{"line":188,"column":63},"end":{"line":192,"column":12}},"36":{"start":{"line":193,"column":59},"end":{"line":199,"column":12}},"37":{"start":{"line":202,"column":6},"end":{"line":224,"column":null}},"38":{"start":{"line":226,"column":6},"end":{"line":226,"column":null}},"39":{"start":{"line":227,"column":6},"end":{"line":227,"column":null}},"40":{"start":{"line":232,"column":2},"end":{"line":462,"column":null}},"41":{"start":{"line":233,"column":25},"end":{"line":233,"column":null}},"42":{"start":{"line":235,"column":23},"end":{"line":455,"column":null}},"43":{"start":{"line":457,"column":21},"end":{"line":459,"column":null}},"44":{"start":{"line":458,"column":33},"end":{"line":458,"column":58}},"45":{"start":{"line":461,"column":4},"end":{"line":461,"column":null}},"46":{"start":{"line":465,"column":2},"end":{"line":489,"column":null}},"47":{"start":{"line":466,"column":4},"end":{"line":488,"column":null}},"48":{"start":{"line":467,"column":25},"end":{"line":467,"column":null}},"49":{"start":{"line":469,"column":6},"end":{"line":471,"column":null}},"50":{"start":{"line":470,"column":8},"end":{"line":470,"column":null}},"51":{"start":{"line":473,"column":37},"end":{"line":476,"column":null}},"52":{"start":{"line":478,"column":6},"end":{"line":484,"column":null}},"53":{"start":{"line":486,"column":6},"end":{"line":486,"column":null}},"54":{"start":{"line":487,"column":6},"end":{"line":487,"column":null}},"55":{"start":{"line":492,"column":2},"end":{"line":523,"column":null}},"56":{"start":{"line":493,"column":4},"end":{"line":522,"column":null}},"57":{"start":{"line":494,"column":25},"end":{"line":494,"column":null}},"58":{"start":{"line":496,"column":6},"end":{"line":498,"column":null}},"59":{"start":{"line":497,"column":8},"end":{"line":497,"column":null}},"60":{"start":{"line":500,"column":23},"end":{"line":500,"column":null}},"61":{"start":{"line":502,"column":6},"end":{"line":507,"column":null}},"62":{"start":{"line":503,"column":8},"end":{"line":506,"column":null}},"63":{"start":{"line":509,"column":6},"end":{"line":518,"column":null}},"64":{"start":{"line":520,"column":6},"end":{"line":520,"column":null}},"65":{"start":{"line":521,"column":6},"end":{"line":521,"column":null}},"66":{"start":{"line":526,"column":2},"end":{"line":561,"column":null}},"67":{"start":{"line":527,"column":4},"end":{"line":560,"column":null}},"68":{"start":{"line":528,"column":25},"end":{"line":528,"column":null}},"69":{"start":{"line":529,"column":48},"end":{"line":529,"column":null}},"70":{"start":{"line":531,"column":6},"end":{"line":533,"column":null}},"71":{"start":{"line":532,"column":8},"end":{"line":532,"column":null}},"72":{"start":{"line":535,"column":6},"end":{"line":537,"column":null}},"73":{"start":{"line":536,"column":8},"end":{"line":536,"column":null}},"74":{"start":{"line":539,"column":6},"end":{"line":541,"column":null}},"75":{"start":{"line":540,"column":8},"end":{"line":540,"column":null}},"76":{"start":{"line":543,"column":6},"end":{"line":545,"column":null}},"77":{"start":{"line":544,"column":8},"end":{"line":544,"column":null}},"78":{"start":{"line":547,"column":6},"end":{"line":551,"column":null}},"79":{"start":{"line":553,"column":6},"end":{"line":556,"column":null}},"80":{"start":{"line":558,"column":6},"end":{"line":558,"column":null}},"81":{"start":{"line":559,"column":6},"end":{"line":559,"column":null}},"82":{"start":{"line":564,"column":2},"end":{"line":683,"column":null}},"83":{"start":{"line":565,"column":25},"end":{"line":565,"column":null}},"84":{"start":{"line":568,"column":4},"end":{"line":570,"column":null}},"85":{"start":{"line":569,"column":6},"end":{"line":569,"column":null}},"86":{"start":{"line":572,"column":4},"end":{"line":587,"column":null}},"87":{"start":{"line":573,"column":23},"end":{"line":573,"column":null}},"88":{"start":{"line":574,"column":24},"end":{"line":574,"column":null}},"89":{"start":{"line":576,"column":6},"end":{"line":578,"column":null}},"90":{"start":{"line":577,"column":8},"end":{"line":577,"column":null}},"91":{"start":{"line":580,"column":6},"end":{"line":582,"column":null}},"92":{"start":{"line":581,"column":8},"end":{"line":581,"column":null}},"93":{"start":{"line":584,"column":6},"end":{"line":586,"column":null}},"94":{"start":{"line":585,"column":8},"end":{"line":585,"column":null}},"95":{"start":{"line":591,"column":16},"end":{"line":591,"column":null}},"96":{"start":{"line":592,"column":12},"end":{"line":592,"column":null}},"97":{"start":{"line":593,"column":12},"end":{"line":593,"column":null}},"98":{"start":{"line":595,"column":8},"end":{"line":597,"column":null}},"99":{"start":{"line":598,"column":16},"end":{"line":598,"column":null}},"100":{"start":{"line":599,"column":6},"end":{"line":599,"column":null}},"101":{"start":{"line":604,"column":26},"end":{"line":660,"column":null}},"102":{"start":{"line":663,"column":34},"end":{"line":677,"column":null}},"103":{"start":{"line":664,"column":6},"end":{"line":672,"column":null}},"104":{"start":{"line":665,"column":24},"end":{"line":665,"column":null}},"105":{"start":{"line":666,"column":24},"end":{"line":666,"column":null}},"106":{"start":{"line":667,"column":25},"end":{"line":667,"column":null}},"107":{"start":{"line":668,"column":8},"end":{"line":671,"column":null}},"108":{"start":{"line":673,"column":6},"end":{"line":676,"column":null}},"109":{"start":{"line":680,"column":28},"end":{"line":680,"column":null}},"110":{"start":{"line":680,"column":65},"end":{"line":680,"column":88}},"111":{"start":{"line":682,"column":4},"end":{"line":682,"column":null}},"112":{"start":{"line":686,"column":2},"end":{"line":729,"column":null}},"113":{"start":{"line":687,"column":4},"end":{"line":728,"column":null}},"114":{"start":{"line":688,"column":29},"end":{"line":688,"column":null}},"115":{"start":{"line":691,"column":21},"end":{"line":691,"column":null}},"116":{"start":{"line":693,"column":6},"end":{"line":695,"column":null}},"117":{"start":{"line":694,"column":8},"end":{"line":694,"column":null}},"118":{"start":{"line":698,"column":23},"end":{"line":698,"column":null}},"119":{"start":{"line":699,"column":31},"end":{"line":699,"column":null}},"120":{"start":{"line":699,"column":50},"end":{"line":699,"column":69}},"121":{"start":{"line":701,"column":6},"end":{"line":703,"column":null}},"122":{"start":{"line":702,"column":8},"end":{"line":702,"column":null}},"123":{"start":{"line":706,"column":6},"end":{"line":706,"column":null}},"124":{"start":{"line":709,"column":6},"end":{"line":716,"column":null}},"125":{"start":{"line":710,"column":8},"end":{"line":715,"column":null}},"126":{"start":{"line":711,"column":10},"end":{"line":711,"column":null}},"127":{"start":{"line":713,"column":10},"end":{"line":713,"column":null}},"128":{"start":{"line":718,"column":6},"end":{"line":721,"column":null}},"129":{"start":{"line":723,"column":6},"end":{"line":723,"column":null}},"130":{"start":{"line":724,"column":6},"end":{"line":726,"column":null}},"131":{"start":{"line":725,"column":8},"end":{"line":725,"column":null}},"132":{"start":{"line":727,"column":6},"end":{"line":727,"column":null}},"133":{"start":{"line":732,"column":2},"end":{"line":750,"column":null}},"134":{"start":{"line":733,"column":4},"end":{"line":749,"column":null}},"135":{"start":{"line":734,"column":25},"end":{"line":734,"column":null}},"136":{"start":{"line":736,"column":6},"end":{"line":738,"column":null}},"137":{"start":{"line":737,"column":8},"end":{"line":737,"column":null}},"138":{"start":{"line":740,"column":6},"end":{"line":740,"column":null}},"139":{"start":{"line":742,"column":6},"end":{"line":745,"column":null}},"140":{"start":{"line":747,"column":6},"end":{"line":747,"column":null}},"141":{"start":{"line":748,"column":6},"end":{"line":748,"column":null}},"142":{"start":{"line":752,"column":8},"end":{"line":752,"column":null}},"143":{"start":{"line":754,"column":2},"end":{"line":754,"column":null}}},"fnMap":{"0":{"name":"(anonymous_0)","decl":{"start":{"line":27,"column":14},"end":{"line":27,"column":15}},"loc":{"start":{"line":27,"column":33},"end":{"line":33,"column":null}},"line":27},"1":{"name":"registerRoutes","decl":{"start":{"line":36,"column":22},"end":{"line":36,"column":37}},"loc":{"start":{"line":36,"column":68},"end":{"line":755,"column":null}},"line":36},"2":{"name":"(anonymous_2)","decl":{"start":{"line":38,"column":25},"end":{"line":38,"column":26}},"loc":{"start":{"line":38,"column":39},"end":{"line":40,"column":3}},"line":38},"3":{"name":"(anonymous_3)","decl":{"start":{"line":43,"column":61},"end":{"line":43,"column":68}},"loc":{"start":{"line":43,"column":81},"end":{"line":229,"column":3}},"line":43},"4":{"name":"(anonymous_4)","decl":{"start":{"line":63,"column":51},"end":{"line":63,"column":56}},"loc":{"start":{"line":63,"column":56},"end":{"line":63,"column":71}},"line":63},"5":{"name":"(anonymous_5)","decl":{"start":{"line":188,"column":57},"end":{"line":188,"column":63}},"loc":{"start":{"line":188,"column":63},"end":{"line":192,"column":12}},"line":188},"6":{"name":"(anonymous_6)","decl":{"start":{"line":193,"column":50},"end":{"line":193,"column":59}},"loc":{"start":{"line":193,"column":59},"end":{"line":199,"column":12}},"line":193},"7":{"name":"(anonymous_7)","decl":{"start":{"line":232,"column":30},"end":{"line":232,"column":31}},"loc":{"start":{"line":232,"column":44},"end":{"line":462,"column":3}},"line":232},"8":{"name":"(anonymous_8)","decl":{"start":{"line":458,"column":26},"end":{"line":458,"column":33}},"loc":{"start":{"line":458,"column":33},"end":{"line":458,"column":58}},"line":458},"9":{"name":"(anonymous_9)","decl":{"start":{"line":465,"column":36},"end":{"line":465,"column":43}},"loc":{"start":{"line":465,"column":56},"end":{"line":489,"column":3}},"line":465},"10":{"name":"(anonymous_10)","decl":{"start":{"line":492,"column":40},"end":{"line":492,"column":47}},"loc":{"start":{"line":492,"column":60},"end":{"line":523,"column":3}},"line":492},"11":{"name":"(anonymous_11)","decl":{"start":{"line":526,"column":41},"end":{"line":526,"column":48}},"loc":{"start":{"line":526,"column":61},"end":{"line":561,"column":3}},"line":526},"12":{"name":"(anonymous_12)","decl":{"start":{"line":564,"column":35},"end":{"line":564,"column":36}},"loc":{"start":{"line":564,"column":49},"end":{"line":683,"column":3}},"line":564},"13":{"name":"calculateDistance","decl":{"start":{"line":590,"column":13},"end":{"line":590,"column":31}},"loc":{"start":{"line":590,"column":95},"end":{"line":600,"column":null}},"line":590},"14":{"name":"(anonymous_14)","decl":{"start":{"line":663,"column":52},"end":{"line":663,"column":64}},"loc":{"start":{"line":663,"column":64},"end":{"line":677,"column":5}},"line":663},"15":{"name":"(anonymous_15)","decl":{"start":{"line":680,"column":55},"end":{"line":680,"column":56}},"loc":{"start":{"line":680,"column":65},"end":{"line":680,"column":88}},"line":680},"16":{"name":"(anonymous_16)","decl":{"start":{"line":686,"column":69},"end":{"line":686,"column":76}},"loc":{"start":{"line":686,"column":89},"end":{"line":729,"column":3}},"line":686},"17":{"name":"(anonymous_17)","decl":{"start":{"line":699,"column":45},"end":{"line":699,"column":50}},"loc":{"start":{"line":699,"column":50},"end":{"line":699,"column":69}},"line":699},"18":{"name":"(anonymous_18)","decl":{"start":{"line":732,"column":39},"end":{"line":732,"column":46}},"loc":{"start":{"line":732,"column":59},"end":{"line":750,"column":3}},"line":732}},"branchMap":{"0":{"loc":{"start":{"line":28,"column":4},"end":{"line":32,"column":null}},"type":"if","locations":[{"start":{"line":28,"column":4},"end":{"line":32,"column":null}},{"start":{"line":30,"column":11},"end":{"line":32,"column":null}}],"line":28},"1":{"loc":{"start":{"line":45,"column":6},"end":{"line":47,"column":null}},"type":"if","locations":[{"start":{"line":45,"column":6},"end":{"line":47,"column":null}},{"start":{},"end":{}}],"line":45},"2":{"loc":{"start":{"line":51,"column":6},"end":{"line":53,"column":null}},"type":"if","locations":[{"start":{"line":51,"column":6},"end":{"line":53,"column":null}},{"start":{},"end":{}}],"line":51},"3":{"loc":{"start":{"line":51,"column":10},"end":{"line":51,"column":31}},"type":"binary-expr","locations":[{"start":{"line":51,"column":10},"end":{"line":51,"column":22}},{"start":{"line":51,"column":22},"end":{"line":51,"column":31}}],"line":51},"4":{"loc":{"start":{"line":58,"column":6},"end":{"line":67,"column":null}},"type":"if","locations":[{"start":{"line":58,"column":6},"end":{"line":67,"column":null}},{"start":{},"end":{}}],"line":58},"5":{"loc":{"start":{"line":75,"column":6},"end":{"line":101,"column":null}},"type":"if","locations":[{"start":{"line":75,"column":6},"end":{"line":101,"column":null}},{"start":{},"end":{}}],"line":75},"6":{"loc":{"start":{"line":89,"column":28},"end":{"line":90,"column":null}},"type":"cond-expr","locations":[{"start":{"line":89,"column":62},"end":{"line":89,"column":null}},{"start":{"line":90,"column":27},"end":{"line":90,"column":null}}],"line":89},"7":{"loc":{"start":{"line":90,"column":27},"end":{"line":90,"column":null}},"type":"cond-expr","locations":[{"start":{"line":90,"column":61},"end":{"line":90,"column":72}},{"start":{"line":90,"column":72},"end":{"line":90,"column":null}}],"line":90},"8":{"loc":{"start":{"line":106,"column":6},"end":{"line":131,"column":null}},"type":"if","locations":[{"start":{"line":106,"column":6},"end":{"line":131,"column":null}},{"start":{},"end":{}}],"line":106},"9":{"loc":{"start":{"line":119,"column":28},"end":{"line":120,"column":null}},"type":"cond-expr","locations":[{"start":{"line":119,"column":65},"end":{"line":119,"column":null}},{"start":{"line":120,"column":27},"end":{"line":120,"column":null}}],"line":119},"10":{"loc":{"start":{"line":120,"column":27},"end":{"line":120,"column":null}},"type":"cond-expr","locations":[{"start":{"line":120,"column":64},"end":{"line":120,"column":75}},{"start":{"line":120,"column":75},"end":{"line":120,"column":null}}],"line":120},"11":{"loc":{"start":{"line":147,"column":29},"end":{"line":147,"column":null}},"type":"binary-expr","locations":[{"start":{"line":147,"column":29},"end":{"line":147,"column":74}},{"start":{"line":147,"column":74},"end":{"line":147,"column":null}}],"line":147},"12":{"loc":{"start":{"line":148,"column":29},"end":{"line":148,"column":null}},"type":"binary-expr","locations":[{"start":{"line":148,"column":29},"end":{"line":148,"column":74}},{"start":{"line":148,"column":74},"end":{"line":148,"column":null}}],"line":148},"13":{"loc":{"start":{"line":187,"column":32},"end":{"line":199,"column":null}},"type":"cond-expr","locations":[{"start":{"line":188,"column":10},"end":{"line":192,"column":null}},{"start":{"line":193,"column":10},"end":{"line":199,"column":null}}],"line":187},"14":{"loc":{"start":{"line":187,"column":32},"end":{"line":187,"column":null}},"type":"binary-expr","locations":[{"start":{"line":187,"column":32},"end":{"line":187,"column":79}},{"start":{"line":187,"column":79},"end":{"line":187,"column":null}}],"line":187},"15":{"loc":{"start":{"line":194,"column":18},"end":{"line":194,"column":null}},"type":"cond-expr","locations":[{"start":{"line":194,"column":45},"end":{"line":194,"column":52}},{"start":{"line":194,"column":52},"end":{"line":194,"column":null}}],"line":194},"16":{"loc":{"start":{"line":195,"column":20},"end":{"line":197,"column":null}},"type":"cond-expr","locations":[{"start":{"line":196,"column":16},"end":{"line":196,"column":null}},{"start":{"line":197,"column":16},"end":{"line":197,"column":null}}],"line":195},"17":{"loc":{"start":{"line":197,"column":16},"end":{"line":197,"column":null}},"type":"binary-expr","locations":[{"start":{"line":197,"column":16},"end":{"line":197,"column":31}},{"start":{"line":197,"column":31},"end":{"line":197,"column":null}}],"line":197},"18":{"loc":{"start":{"line":227,"column":36},"end":{"line":227,"column":84}},"type":"binary-expr","locations":[{"start":{"line":227,"column":36},"end":{"line":227,"column":53}},{"start":{"line":227,"column":53},"end":{"line":227,"column":84}}],"line":227},"19":{"loc":{"start":{"line":457,"column":21},"end":{"line":459,"column":null}},"type":"cond-expr","locations":[{"start":{"line":458,"column":8},"end":{"line":458,"column":null}},{"start":{"line":459,"column":8},"end":{"line":459,"column":null}}],"line":457},"20":{"loc":{"start":{"line":457,"column":21},"end":{"line":457,"column":null}},"type":"binary-expr","locations":[{"start":{"line":457,"column":21},"end":{"line":457,"column":33}},{"start":{"line":457,"column":33},"end":{"line":457,"column":null}}],"line":457},"21":{"loc":{"start":{"line":469,"column":6},"end":{"line":471,"column":null}},"type":"if","locations":[{"start":{"line":469,"column":6},"end":{"line":471,"column":null}},{"start":{},"end":{}}],"line":469},"22":{"loc":{"start":{"line":487,"column":36},"end":{"line":487,"column":81}},"type":"binary-expr","locations":[{"start":{"line":487,"column":36},"end":{"line":487,"column":53}},{"start":{"line":487,"column":53},"end":{"line":487,"column":81}}],"line":487},"23":{"loc":{"start":{"line":496,"column":6},"end":{"line":498,"column":null}},"type":"if","locations":[{"start":{"line":496,"column":6},"end":{"line":498,"column":null}},{"start":{},"end":{}}],"line":496},"24":{"loc":{"start":{"line":502,"column":6},"end":{"line":507,"column":null}},"type":"if","locations":[{"start":{"line":502,"column":6},"end":{"line":507,"column":null}},{"start":{},"end":{}}],"line":502},"25":{"loc":{"start":{"line":521,"column":36},"end":{"line":521,"column":85}},"type":"binary-expr","locations":[{"start":{"line":521,"column":36},"end":{"line":521,"column":53}},{"start":{"line":521,"column":53},"end":{"line":521,"column":85}}],"line":521},"26":{"loc":{"start":{"line":531,"column":6},"end":{"line":533,"column":null}},"type":"if","locations":[{"start":{"line":531,"column":6},"end":{"line":533,"column":null}},{"start":{},"end":{}}],"line":531},"27":{"loc":{"start":{"line":535,"column":6},"end":{"line":537,"column":null}},"type":"if","locations":[{"start":{"line":535,"column":6},"end":{"line":537,"column":null}},{"start":{},"end":{}}],"line":535},"28":{"loc":{"start":{"line":535,"column":10},"end":{"line":535,"column":73}},"type":"binary-expr","locations":[{"start":{"line":535,"column":10},"end":{"line":535,"column":42}},{"start":{"line":535,"column":42},"end":{"line":535,"column":73}}],"line":535},"29":{"loc":{"start":{"line":539,"column":6},"end":{"line":541,"column":null}},"type":"if","locations":[{"start":{"line":539,"column":6},"end":{"line":541,"column":null}},{"start":{},"end":{}}],"line":539},"30":{"loc":{"start":{"line":539,"column":10},"end":{"line":539,"column":43}},"type":"binary-expr","locations":[{"start":{"line":539,"column":10},"end":{"line":539,"column":28}},{"start":{"line":539,"column":28},"end":{"line":539,"column":43}}],"line":539},"31":{"loc":{"start":{"line":543,"column":6},"end":{"line":545,"column":null}},"type":"if","locations":[{"start":{"line":543,"column":6},"end":{"line":545,"column":null}},{"start":{},"end":{}}],"line":543},"32":{"loc":{"start":{"line":543,"column":10},"end":{"line":543,"column":47}},"type":"binary-expr","locations":[{"start":{"line":543,"column":10},"end":{"line":543,"column":30}},{"start":{"line":543,"column":30},"end":{"line":543,"column":47}}],"line":543},"33":{"loc":{"start":{"line":550,"column":18},"end":{"line":550,"column":null}},"type":"binary-expr","locations":[{"start":{"line":550,"column":18},"end":{"line":550,"column":30}},{"start":{"line":550,"column":30},"end":{"line":550,"column":null}}],"line":550},"34":{"loc":{"start":{"line":559,"column":36},"end":{"line":559,"column":84}},"type":"binary-expr","locations":[{"start":{"line":559,"column":36},"end":{"line":559,"column":53}},{"start":{"line":559,"column":53},"end":{"line":559,"column":84}}],"line":559},"35":{"loc":{"start":{"line":568,"column":4},"end":{"line":570,"column":null}},"type":"if","locations":[{"start":{"line":568,"column":4},"end":{"line":570,"column":null}},{"start":{},"end":{}}],"line":568},"36":{"loc":{"start":{"line":568,"column":9},"end":{"line":568,"column":40}},"type":"binary-expr","locations":[{"start":{"line":568,"column":9},"end":{"line":568,"column":16}},{"start":{"line":568,"column":16},"end":{"line":568,"column":26}},{"start":{"line":568,"column":26},"end":{"line":568,"column":34}},{"start":{"line":568,"column":34},"end":{"line":568,"column":40}}],"line":568},"37":{"loc":{"start":{"line":572,"column":4},"end":{"line":587,"column":null}},"type":"if","locations":[{"start":{"line":572,"column":4},"end":{"line":587,"column":null}},{"start":{},"end":{}}],"line":572},"38":{"loc":{"start":{"line":572,"column":8},"end":{"line":572,"column":20}},"type":"binary-expr","locations":[{"start":{"line":572,"column":8},"end":{"line":572,"column":15}},{"start":{"line":572,"column":15},"end":{"line":572,"column":20}}],"line":572},"39":{"loc":{"start":{"line":576,"column":6},"end":{"line":578,"column":null}},"type":"if","locations":[{"start":{"line":576,"column":6},"end":{"line":578,"column":null}},{"start":{},"end":{}}],"line":576},"40":{"loc":{"start":{"line":576,"column":10},"end":{"line":576,"column":47}},"type":"binary-expr","locations":[{"start":{"line":576,"column":10},"end":{"line":576,"column":29}},{"start":{"line":576,"column":29},"end":{"line":576,"column":47}}],"line":576},"41":{"loc":{"start":{"line":580,"column":6},"end":{"line":582,"column":null}},"type":"if","locations":[{"start":{"line":580,"column":6},"end":{"line":582,"column":null}},{"start":{},"end":{}}],"line":580},"42":{"loc":{"start":{"line":580,"column":10},"end":{"line":580,"column":43}},"type":"binary-expr","locations":[{"start":{"line":580,"column":10},"end":{"line":580,"column":28}},{"start":{"line":580,"column":28},"end":{"line":580,"column":43}}],"line":580},"43":{"loc":{"start":{"line":584,"column":6},"end":{"line":586,"column":null}},"type":"if","locations":[{"start":{"line":584,"column":6},"end":{"line":586,"column":null}},{"start":{},"end":{}}],"line":584},"44":{"loc":{"start":{"line":584,"column":10},"end":{"line":584,"column":47}},"type":"binary-expr","locations":[{"start":{"line":584,"column":10},"end":{"line":584,"column":30}},{"start":{"line":584,"column":30},"end":{"line":584,"column":47}}],"line":584},"45":{"loc":{"start":{"line":664,"column":6},"end":{"line":672,"column":null}},"type":"if","locations":[{"start":{"line":664,"column":6},"end":{"line":672,"column":null}},{"start":{},"end":{}}],"line":664},"46":{"loc":{"start":{"line":664,"column":10},"end":{"line":664,"column":22}},"type":"binary-expr","locations":[{"start":{"line":664,"column":10},"end":{"line":664,"column":17}},{"start":{"line":664,"column":17},"end":{"line":664,"column":22}}],"line":664},"47":{"loc":{"start":{"line":693,"column":6},"end":{"line":695,"column":null}},"type":"if","locations":[{"start":{"line":693,"column":6},"end":{"line":695,"column":null}},{"start":{},"end":{}}],"line":693},"48":{"loc":{"start":{"line":701,"column":6},"end":{"line":703,"column":null}},"type":"if","locations":[{"start":{"line":701,"column":6},"end":{"line":703,"column":null}},{"start":{},"end":{}}],"line":701},"49":{"loc":{"start":{"line":709,"column":6},"end":{"line":716,"column":null}},"type":"if","locations":[{"start":{"line":709,"column":6},"end":{"line":716,"column":null}},{"start":{},"end":{}}],"line":709},"50":{"loc":{"start":{"line":724,"column":6},"end":{"line":726,"column":null}},"type":"if","locations":[{"start":{"line":724,"column":6},"end":{"line":726,"column":null}},{"start":{},"end":{}}],"line":724},"51":{"loc":{"start":{"line":724,"column":10},"end":{"line":724,"column":89}},"type":"binary-expr","locations":[{"start":{"line":724,"column":10},"end":{"line":724,"column":52}},{"start":{"line":724,"column":52},"end":{"line":724,"column":89}}],"line":724},"52":{"loc":{"start":{"line":727,"column":36},"end":{"line":727,"column":81}},"type":"binary-expr","locations":[{"start":{"line":727,"column":36},"end":{"line":727,"column":53}},{"start":{"line":727,"column":53},"end":{"line":727,"column":81}}],"line":727},"53":{"loc":{"start":{"line":736,"column":6},"end":{"line":738,"column":null}},"type":"if","locations":[{"start":{"line":736,"column":6},"end":{"line":738,"column":null}},{"start":{},"end":{}}],"line":736},"54":{"loc":{"start":{"line":748,"column":36},"end":{"line":748,"column":82}},"type":"binary-expr","locations":[{"start":{"line":748,"column":36},"end":{"line":748,"column":53}},{"start":{"line":748,"column":53},"end":{"line":748,"column":82}}],"line":748}},"s":{"0":0,"1":0,"2":0,"3":0,"4":0,"5":0,"6":0,"7":0,"8":0,"9":0,"10":0,"11":0,"12":0,"13":0,"14":0,"15":0,"16":0,"17":0,"18":0,"19":0,"20":0,"21":0,"22":0,"23":0,"24":0,"25":0,"26":0,"27":0,"28":0,"29":0,"30":0,"31":0,"32":0,"33":0,"34":0,"35":0,"36":0,"37":0,"38":0,"39":0,"40":0,"41":0,"42":0,"43":0,"44":0,"45":0,"46":0,"47":0,"48":0,"49":0,"50":0,"51":0,"52":0,"53":0,"54":0,"55":0,"56":0,"57":0,"58":0,"59":0,"60":0,"61":0,"62":0,"63":0,"64":0,"65":0,"66":0,"67":0,"68":0,"69":0,"70":0,"71":0,"72":0,"73":0,"74":0,"75":0,"76":0,"77":0,"78":0,"79":0,"80":0,"81":0,"82":0,"83":0,"84":0,"85":0,"86":0,"87":0,"88":0,"89":0,"90":0,"91":0,"92":0,"93":0,"94":0,"95":0,"96":0,"97":0,"98":0,"99":0,"100":0,"101":0,"102":0,"103":0,"104":0,"105":0,"106":0,"107":0,"108":0,"109":0,"110":0,"111":0,"112":0,"113":0,"114":0,"115":0,"116":0,"117":0,"118":0,"119":0,"120":0,"121":0,"122":0,"123":0,"124":0,"125":0,"126":0,"127":0,"128":0,"129":0,"130":0,"131":0,"132":0,"133":0,"134":0,"135":0,"136":0,"137":0,"138":0,"139":0,"140":0,"141":0,"142":0,"143":0},"f":{"0":0,"1":0,"2":0,"3":0,"4":0,"5":0,"6":0,"7":0,"8":0,"9":0,"10":0,"11":0,"12":0,"13":0,"14":0,"15":0,"16":0,"17":0,"18":0},"b":{"0":[0,0],"1":[0,0],"2":[0,0],"3":[0,0],"4":[0,0],"5":[0,0],"6":[0,0],"7":[0,0],"8":[0,0],"9":[0,0],"10":[0,0],"11":[0,0],"12":[0,0],"13":[0,0],"14":[0,0],"15":[0,0],"16":[0,0],"17":[0,0],"18":[0,0],"19":[0,0],"20":[0,0],"21":[0,0],"22":[0,0],"23":[0,0],"24":[0,0],"25":[0,0],"26":[0,0],"27":[0,0],"28":[0,0],"29":[0,0],"30":[0,0],"31":[0,0],"32":[0,0],"33":[0,0],"34":[0,0],"35":[0,0],"36":[0,0,0,0],"37":[0,0],"38":[0,0],"39":[0,0],"40":[0,0],"41":[0,0],"42":[0,0],"43":[0,0],"44":[0,0],"45":[0,0],"46":[0,0],"47":[0,0],"48":[0,0],"49":[0,0],"50":[0,0],"51":[0,0],"52":[0,0],"53":[0,0],"54":[0,0]},"meta":{"lastBranch":55,"lastFunction":19,"lastStatement":144,"seen":{"s:22:6:34:Infinity":0,"f:27:14:27:15":0,"b:28:4:32:Infinity:30:11:32:Infinity":0,"s:28:4:32:Infinity":1,"s:29:6:29:Infinity":2,"s:31:6:31:Infinity":3,"f:36:22:36:37":1,"s:38:2:40:Infinity":4,"f:38:25:38:26":2,"s:39:4:39:Infinity":5,"s:43:2:229:Infinity":6,"f:43:61:43:68":3,"s:44:4:228:Infinity":7,"b:45:6:47:Infinity:undefined:undefined:undefined:undefined":1,"s:45:6:47:Infinity":8,"s:46:8:46:Infinity":9,"s:49:34:49:Infinity":10,"b:51:6:53:Infinity:undefined:undefined:undefined:undefined":2,"s:51:6:53:Infinity":11,"b:51:10:51:22:51:22:51:31":3,"s:52:8:52:Infinity":12,"s:56:32:56:Infinity":13,"b:58:6:67:Infinity:undefined:undefined:undefined:undefined":4,"s:58:6:67:Infinity":14,"s:59:8:66:Infinity":15,"f:63:51:63:56":4,"s:63:56:63:71":16,"s:70:24:70:Infinity":17,"s:73:12:73:Infinity":18,"b:75:6:101:Infinity:undefined:undefined:undefined:undefined":5,"s:75:6:101:Infinity":19,"s:76:8:82:Infinity":20,"s:84:8:100:Infinity":21,"b:89:62:89:Infinity:90:27:90:Infinity":6,"b:90:61:90:72:90:72:90:Infinity":7,"s:104:12:104:Infinity":22,"b:106:6:131:Infinity:undefined:undefined:undefined:undefined":8,"s:106:6:131:Infinity":23,"s:107:8:112:Infinity":24,"s:114:8:130:Infinity":25,"b:119:65:119:Infinity:120:27:120:Infinity":9,"b:120:64:120:75:120:75:120:Infinity":10,"s:133:6:138:Infinity":26,"s:141:29:141:Infinity":27,"s:144:36:144:Infinity":28,"s:147:29:147:Infinity":29,"b:147:29:147:74:147:74:147:Infinity":11,"s:148:29:148:Infinity":30,"b:148:29:148:74:148:74:148:Infinity":12,"s:150:6:155:Infinity":31,"s:158:26:166:Infinity":32,"s:168:25:184:Infinity":33,"s:187:32:199:Infinity":34,"b:188:10:192:Infinity:193:10:199:Infinity":13,"b:187:32:187:79:187:79:187:Infinity":14,"f:188:57:188:63":5,"s:188:63:192:12":35,"f:193:50:193:59":6,"s:193:59:199:12":36,"b:194:45:194:52:194:52:194:Infinity":15,"b:196:16:196:Infinity:197:16:197:Infinity":16,"b:197:16:197:31:197:31:197:Infinity":17,"s:202:6:224:Infinity":37,"s:226:6:226:Infinity":38,"s:227:6:227:Infinity":39,"b:227:36:227:53:227:53:227:84":18,"s:232:2:462:Infinity":40,"f:232:30:232:31":7,"s:233:25:233:Infinity":41,"s:235:23:455:Infinity":42,"s:457:21:459:Infinity":43,"b:458:8:458:Infinity:459:8:459:Infinity":19,"b:457:21:457:33:457:33:457:Infinity":20,"f:458:26:458:33":8,"s:458:33:458:58":44,"s:461:4:461:Infinity":45,"s:465:2:489:Infinity":46,"f:465:36:465:43":9,"s:466:4:488:Infinity":47,"s:467:25:467:Infinity":48,"b:469:6:471:Infinity:undefined:undefined:undefined:undefined":21,"s:469:6:471:Infinity":49,"s:470:8:470:Infinity":50,"s:473:37:476:Infinity":51,"s:478:6:484:Infinity":52,"s:486:6:486:Infinity":53,"s:487:6:487:Infinity":54,"b:487:36:487:53:487:53:487:81":22,"s:492:2:523:Infinity":55,"f:492:40:492:47":10,"s:493:4:522:Infinity":56,"s:494:25:494:Infinity":57,"b:496:6:498:Infinity:undefined:undefined:undefined:undefined":23,"s:496:6:498:Infinity":58,"s:497:8:497:Infinity":59,"s:500:23:500:Infinity":60,"b:502:6:507:Infinity:undefined:undefined:undefined:undefined":24,"s:502:6:507:Infinity":61,"s:503:8:506:Infinity":62,"s:509:6:518:Infinity":63,"s:520:6:520:Infinity":64,"s:521:6:521:Infinity":65,"b:521:36:521:53:521:53:521:85":25,"s:526:2:561:Infinity":66,"f:526:41:526:48":11,"s:527:4:560:Infinity":67,"s:528:25:528:Infinity":68,"s:529:48:529:Infinity":69,"b:531:6:533:Infinity:undefined:undefined:undefined:undefined":26,"s:531:6:533:Infinity":70,"s:532:8:532:Infinity":71,"b:535:6:537:Infinity:undefined:undefined:undefined:undefined":27,"s:535:6:537:Infinity":72,"b:535:10:535:42:535:42:535:73":28,"s:536:8:536:Infinity":73,"b:539:6:541:Infinity:undefined:undefined:undefined:undefined":29,"s:539:6:541:Infinity":74,"b:539:10:539:28:539:28:539:43":30,"s:540:8:540:Infinity":75,"b:543:6:545:Infinity:undefined:undefined:undefined:undefined":31,"s:543:6:545:Infinity":76,"b:543:10:543:30:543:30:543:47":32,"s:544:8:544:Infinity":77,"s:547:6:551:Infinity":78,"b:550:18:550:30:550:30:550:Infinity":33,"s:553:6:556:Infinity":79,"s:558:6:558:Infinity":80,"s:559:6:559:Infinity":81,"b:559:36:559:53:559:53:559:84":34,"s:564:2:683:Infinity":82,"f:564:35:564:36":12,"s:565:25:565:Infinity":83,"b:568:4:570:Infinity:undefined:undefined:undefined:undefined":35,"s:568:4:570:Infinity":84,"b:568:9:568:16:568:16:568:26:568:26:568:34:568:34:568:40":36,"s:569:6:569:Infinity":85,"b:572:4:587:Infinity:undefined:undefined:undefined:undefined":37,"s:572:4:587:Infinity":86,"b:572:8:572:15:572:15:572:20":38,"s:573:23:573:Infinity":87,"s:574:24:574:Infinity":88,"b:576:6:578:Infinity:undefined:undefined:undefined:undefined":39,"s:576:6:578:Infinity":89,"b:576:10:576:29:576:29:576:47":40,"s:577:8:577:Infinity":90,"b:580:6:582:Infinity:undefined:undefined:undefined:undefined":41,"s:580:6:582:Infinity":91,"b:580:10:580:28:580:28:580:43":42,"s:581:8:581:Infinity":92,"b:584:6:586:Infinity:undefined:undefined:undefined:undefined":43,"s:584:6:586:Infinity":93,"b:584:10:584:30:584:30:584:47":44,"s:585:8:585:Infinity":94,"f:590:13:590:31":13,"s:591:16:591:Infinity":95,"s:592:12:592:Infinity":96,"s:593:12:593:Infinity":97,"s:595:8:597:Infinity":98,"s:598:16:598:Infinity":99,"s:599:6:599:Infinity":100,"s:604:26:660:Infinity":101,"s:663:34:677:Infinity":102,"f:663:52:663:64":14,"b:664:6:672:Infinity:undefined:undefined:undefined:undefined":45,"s:664:6:672:Infinity":103,"b:664:10:664:17:664:17:664:22":46,"s:665:24:665:Infinity":104,"s:666:24:666:Infinity":105,"s:667:25:667:Infinity":106,"s:668:8:671:Infinity":107,"s:673:6:676:Infinity":108,"s:680:28:680:Infinity":109,"f:680:55:680:56":15,"s:680:65:680:88":110,"s:682:4:682:Infinity":111,"s:686:2:729:Infinity":112,"f:686:69:686:76":16,"s:687:4:728:Infinity":113,"s:688:29:688:Infinity":114,"s:691:21:691:Infinity":115,"b:693:6:695:Infinity:undefined:undefined:undefined:undefined":47,"s:693:6:695:Infinity":116,"s:694:8:694:Infinity":117,"s:698:23:698:Infinity":118,"s:699:31:699:Infinity":119,"f:699:45:699:50":17,"s:699:50:699:69":120,"b:701:6:703:Infinity:undefined:undefined:undefined:undefined":48,"s:701:6:703:Infinity":121,"s:702:8:702:Infinity":122,"s:706:6:706:Infinity":123,"b:709:6:716:Infinity:undefined:undefined:undefined:undefined":49,"s:709:6:716:Infinity":124,"s:710:8:715:Infinity":125,"s:711:10:711:Infinity":126,"s:713:10:713:Infinity":127,"s:718:6:721:Infinity":128,"s:723:6:723:Infinity":129,"b:724:6:726:Infinity:undefined:undefined:undefined:undefined":50,"s:724:6:726:Infinity":130,"b:724:10:724:52:724:52:724:89":51,"s:725:8:725:Infinity":131,"s:727:6:727:Infinity":132,"b:727:36:727:53:727:53:727:81":52,"s:732:2:750:Infinity":133,"f:732:39:732:46":18,"s:733:4:749:Infinity":134,"s:734:25:734:Infinity":135,"b:736:6:738:Infinity:undefined:undefined:undefined:undefined":53,"s:736:6:738:Infinity":136,"s:737:8:737:Infinity":137,"s:740:6:740:Infinity":138,"s:742:6:745:Infinity":139,"s:747:6:747:Infinity":140,"s:748:6:748:Infinity":141,"b:748:36:748:53:748:53:748:82":54,"s:752:8:752:Infinity":142,"s:754:2:754:Infinity":143}}}
,"/home/runner/workspace/server/vite.ts": {"path":"/home/runner/workspace/server/vite.ts","statementMap":{"0":{"start":{"line":9,"column":6},"end":{"line":9,"column":null}},"1":{"start":{"line":12,"column":8},"end":{"line":17,"column":null}},"2":{"start":{"line":19,"column":2},"end":{"line":19,"column":null}},"3":{"start":{"line":23,"column":24},"end":{"line":27,"column":null}},"4":{"start":{"line":29,"column":15},"end":{"line":41,"column":null}},"5":{"start":{"line":35,"column":8},"end":{"line":35,"column":null}},"6":{"start":{"line":36,"column":8},"end":{"line":36,"column":null}},"7":{"start":{"line":43,"column":2},"end":{"line":43,"column":null}},"8":{"start":{"line":44,"column":2},"end":{"line":67,"column":null}},"9":{"start":{"line":45,"column":16},"end":{"line":45,"column":null}},"10":{"start":{"line":47,"column":4},"end":{"line":66,"column":null}},"11":{"start":{"line":48,"column":29},"end":{"line":53,"column":null}},"12":{"start":{"line":56,"column":21},"end":{"line":56,"column":null}},"13":{"start":{"line":57,"column":6},"end":{"line":60,"column":null}},"14":{"start":{"line":61,"column":19},"end":{"line":61,"column":null}},"15":{"start":{"line":62,"column":6},"end":{"line":62,"column":null}},"16":{"start":{"line":64,"column":6},"end":{"line":64,"column":null}},"17":{"start":{"line":65,"column":6},"end":{"line":65,"column":null}},"18":{"start":{"line":71,"column":19},"end":{"line":71,"column":null}},"19":{"start":{"line":73,"column":2},"end":{"line":77,"column":null}},"20":{"start":{"line":74,"column":4},"end":{"line":76,"column":null}},"21":{"start":{"line":79,"column":2},"end":{"line":79,"column":null}},"22":{"start":{"line":82,"column":2},"end":{"line":84,"column":null}},"23":{"start":{"line":83,"column":4},"end":{"line":83,"column":null}}},"fnMap":{"0":{"name":"log","decl":{"start":{"line":11,"column":16},"end":{"line":11,"column":20}},"loc":{"start":{"line":11,"column":57},"end":{"line":20,"column":null}},"line":11},"1":{"name":"setupVite","decl":{"start":{"line":22,"column":22},"end":{"line":22,"column":32}},"loc":{"start":{"line":22,"column":62},"end":{"line":68,"column":null}},"line":22},"2":{"name":"(anonymous_2)","decl":{"start":{"line":34,"column":13},"end":{"line":34,"column":14}},"loc":{"start":{"line":34,"column":31},"end":{"line":37,"column":null}},"line":34},"3":{"name":"(anonymous_3)","decl":{"start":{"line":44,"column":15},"end":{"line":44,"column":22}},"loc":{"start":{"line":44,"column":41},"end":{"line":67,"column":3}},"line":44},"4":{"name":"serveStatic","decl":{"start":{"line":70,"column":16},"end":{"line":70,"column":28}},"loc":{"start":{"line":70,"column":42},"end":{"line":85,"column":null}},"line":70},"5":{"name":"(anonymous_5)","decl":{"start":{"line":82,"column":15},"end":{"line":82,"column":16}},"loc":{"start":{"line":82,"column":30},"end":{"line":84,"column":3}},"line":82}},"branchMap":{"0":{"loc":{"start":{"line":11,"column":37},"end":{"line":11,"column":57}},"type":"default-arg","locations":[{"start":{"line":11,"column":46},"end":{"line":11,"column":57}}],"line":11},"1":{"loc":{"start":{"line":73,"column":2},"end":{"line":77,"column":null}},"type":"if","locations":[{"start":{"line":73,"column":2},"end":{"line":77,"column":null}},{"start":{},"end":{}}],"line":73}},"s":{"0":0,"1":0,"2":0,"3":0,"4":0,"5":0,"6":0,"7":0,"8":0,"9":0,"10":0,"11":0,"12":0,"13":0,"14":0,"15":0,"16":0,"17":0,"18":0,"19":0,"20":0,"21":0,"22":0,"23":0},"f":{"0":0,"1":0,"2":0,"3":0,"4":0,"5":0},"b":{"0":[0],"1":[0,0]},"meta":{"lastBranch":2,"lastFunction":6,"lastStatement":24,"seen":{"s:9:6:9:Infinity":0,"f:11:16:11:20":0,"b:11:46:11:57":0,"s:12:8:17:Infinity":1,"s:19:2:19:Infinity":2,"f:22:22:22:32":1,"s:23:24:27:Infinity":3,"s:29:15:41:Infinity":4,"f:34:13:34:14":2,"s:35:8:35:Infinity":5,"s:36:8:36:Infinity":6,"s:43:2:43:Infinity":7,"s:44:2:67:Infinity":8,"f:44:15:44:22":3,"s:45:16:45:Infinity":9,"s:47:4:66:Infinity":10,"s:48:29:53:Infinity":11,"s:56:21:56:Infinity":12,"s:57:6:60:Infinity":13,"s:61:19:61:Infinity":14,"s:62:6:62:Infinity":15,"s:64:6:64:Infinity":16,"s:65:6:65:Infinity":17,"f:70:16:70:28":4,"s:71:19:71:Infinity":18,"b:73:2:77:Infinity:undefined:undefined:undefined:undefined":1,"s:73:2:77:Infinity":19,"s:74:4:76:Infinity":20,"s:79:2:79:Infinity":21,"s:82:2:84:Infinity":22,"f:82:15:82:16":5,"s:83:4:83:Infinity":23}}}
,"/home/runner/workspace/server/services/comprehensiveAnalysisService.ts": {"path":"/home/runner/workspace/server/services/comprehensiveAnalysisService.ts","statementMap":{"0":{"start":{"line":6,"column":15},"end":{"line":6,"column":null}},"1":{"start":{"line":37,"column":27},"end":{"line":98,"column":null}},"2":{"start":{"line":105,"column":24},"end":{"line":105,"column":null}},"3":{"start":{"line":105,"column":65},"end":{"line":105,"column":90}},"4":{"start":{"line":106,"column":26},"end":{"line":106,"column":null}},"5":{"start":{"line":106,"column":67},"end":{"line":106,"column":94}},"6":{"start":{"line":107,"column":26},"end":{"line":107,"column":null}},"7":{"start":{"line":110,"column":28},"end":{"line":110,"column":null}},"8":{"start":{"line":110,"column":73},"end":{"line":110,"column":98}},"9":{"start":{"line":111,"column":26},"end":{"line":111,"column":null}},"10":{"start":{"line":111,"column":71},"end":{"line":111,"column":94}},"11":{"start":{"line":113,"column":18},"end":{"line":113,"column":null}},"12":{"start":{"line":114,"column":18},"end":{"line":114,"column":null}},"13":{"start":{"line":117,"column":29},"end":{"line":117,"column":null}},"14":{"start":{"line":118,"column":31},"end":{"line":118,"column":null}},"15":{"start":{"line":121,"column":2},"end":{"line":137,"column":null}},"16":{"start":{"line":123,"column":4},"end":{"line":123,"column":null}},"17":{"start":{"line":124,"column":4},"end":{"line":124,"column":null}},"18":{"start":{"line":125,"column":2},"end":{"line":137,"column":null}},"19":{"start":{"line":127,"column":4},"end":{"line":127,"column":null}},"20":{"start":{"line":128,"column":4},"end":{"line":128,"column":null}},"21":{"start":{"line":129,"column":2},"end":{"line":137,"column":null}},"22":{"start":{"line":131,"column":4},"end":{"line":131,"column":null}},"23":{"start":{"line":132,"column":4},"end":{"line":132,"column":null}},"24":{"start":{"line":133,"column":2},"end":{"line":137,"column":null}},"25":{"start":{"line":135,"column":4},"end":{"line":135,"column":null}},"26":{"start":{"line":136,"column":4},"end":{"line":136,"column":null}},"27":{"start":{"line":140,"column":2},"end":{"line":140,"column":null}},"28":{"start":{"line":142,"column":2},"end":{"line":151,"column":null}},"29":{"start":{"line":153,"column":2},"end":{"line":153,"column":null}},"30":{"start":{"line":162,"column":17},"end":{"line":173,"column":null}},"31":{"start":{"line":168,"column":50},"end":{"line":168,"column":70}},"32":{"start":{"line":172,"column":2},"end":{"line":172,"column":null}},"33":{"start":{"line":227,"column":2},"end":{"line":274,"column":null}},"34":{"start":{"line":228,"column":21},"end":{"line":243,"column":null}},"35":{"start":{"line":245,"column":25},"end":{"line":245,"column":null}},"36":{"start":{"line":246,"column":4},"end":{"line":248,"column":null}},"37":{"start":{"line":247,"column":6},"end":{"line":247,"column":null}},"38":{"start":{"line":250,"column":21},"end":{"line":250,"column":null}},"39":{"start":{"line":252,"column":4},"end":{"line":258,"column":null}},"40":{"start":{"line":261,"column":26},"end":{"line":261,"column":null}},"41":{"start":{"line":263,"column":4},"end":{"line":267,"column":null}},"42":{"start":{"line":270,"column":4},"end":{"line":270,"column":null}},"43":{"start":{"line":273,"column":4},"end":{"line":273,"column":null}},"44":{"start":{"line":281,"column":23},"end":{"line":287,"column":null}},"45":{"start":{"line":281,"column":72},"end":{"line":287,"column":4}},"46":{"start":{"line":289,"column":2},"end":{"line":307,"column":null}}},"fnMap":{"0":{"name":"calculateCorrectedRiskAssessment","decl":{"start":{"line":100,"column":9},"end":{"line":100,"column":null}},"loc":{"start":{"line":103,"column":65},"end":{"line":154,"column":null}},"line":103},"1":{"name":"(anonymous_1)","decl":{"start":{"line":105,"column":58},"end":{"line":105,"column":65}},"loc":{"start":{"line":105,"column":65},"end":{"line":105,"column":90}},"line":105},"2":{"name":"(anonymous_2)","decl":{"start":{"line":106,"column":60},"end":{"line":106,"column":67}},"loc":{"start":{"line":106,"column":67},"end":{"line":106,"column":94}},"line":106},"3":{"name":"(anonymous_3)","decl":{"start":{"line":110,"column":65},"end":{"line":110,"column":73}},"loc":{"start":{"line":110,"column":73},"end":{"line":110,"column":98}},"line":110},"4":{"name":"(anonymous_4)","decl":{"start":{"line":111,"column":63},"end":{"line":111,"column":71}},"loc":{"start":{"line":111,"column":71},"end":{"line":111,"column":94}},"line":111},"5":{"name":"generateComprehensiveAnalysis","decl":{"start":{"line":156,"column":22},"end":{"line":156,"column":null}},"loc":{"start":{"line":160,"column":34},"end":{"line":275,"column":null}},"line":160},"6":{"name":"(anonymous_6)","decl":{"start":{"line":168,"c
[...]
232,"f:610:46:610:51":18,"s:610:51:610:76":233,"f:610:82:610:87":19,"s:610:87:610:98":234,"s:612:4:612:Infinity":235,"b:612:126:612:174:612:174:612:176":83,"b:614:4:616:Infinity:undefined:undefined:undefined:undefined":84,"s:614:4:616:Infinity":236,"s:615:6:615:Infinity":237,"b:617:4:619:Infinity:undefined:undefined:undefined:undefined":85,"s:617:4:619:Infinity":238,"s:618:6:618:Infinity":239,"s:621:4:621:Infinity":240,"b:621:120:621:165:621:165:621:184":86,"b:625:2:631:Infinity:undefined:undefined:undefined:undefined":87,"s:625:2:631:Infinity":241,"s:626:4:630:Infinity":242,"s:633:2:641:Infinity":243,"f:644:9:644:Infinity":20,"s:649:22:649:Infinity":244,"b:649:40:649:62:649:62:649:65":88,"s:650:14:650:Infinity":245,"b:650:32:650:46:650:46:650:48":89,"s:651:14:651:Infinity":246,"b:651:32:651:46:651:46:651:49":90,"s:652:24:652:Infinity":247,"b:652:42:652:66:652:66:652:69":91,"s:654:32:654:Infinity":248,"s:655:96:655:Infinity":249,"s:656:94:656:Infinity":250,"s:657:103:657:Infinity":251,"s:660:57:660:Infinity":252,"s:661:27:661:Infinity":253,"b:663:2:674:Infinity:671:2:674:Infinity":92,"s:663:2:674:Infinity":254,"s:664:4:664:Infinity":255,"s:665:4:665:Infinity":256,"s:666:4:670:Infinity":257,"b:671:2:674:Infinity:undefined:undefined:undefined:undefined":93,"s:671:2:674:Infinity":258,"s:672:4:672:Infinity":259,"s:673:4:673:Infinity":260,"s:676:2:682:Infinity":261,"s:685:56:685:Infinity":262,"s:686:26:686:Infinity":263,"b:688:2:703:Infinity:698:2:703:Infinity":94,"s:688:2:703:Infinity":264,"s:689:4:689:Infinity":265,"s:690:4:690:Infinity":266,"b:691:4:697:Infinity:undefined:undefined:undefined:undefined":95,"s:691:4:697:Infinity":267,"f:691:26:691:31":21,"s:691:31:691:56":268,"s:692:6:696:Infinity":269,"b:698:2:703:Infinity:701:2:703:Infinity":96,"s:698:2:703:Infinity":270,"s:699:4:699:Infinity":271,"s:700:4:700:Infinity":272,"b:701:2:703:Infinity:undefined:undefined:undefined:undefined":97,"s:701:2:703:Infinity":273,"s:702:4:702:Infinity":274,"s:705:2:711:Infinity":275,"s:714:56:714:Infinity":276,"s:715:26:715:Infinity":277,"b:717:2:729:Infinity:727:2:729:Infinity":98,"s:717:2:729:Infinity":278,"s:718:4:718:Infinity":279,"s:719:4:719:Infinity":280,"b:720:4:726:Infinity:undefined:undefined:undefined:undefined":99,"s:720:4:726:Infinity":281,"f:720:26:720:31":22,"s:720:31:720:56":282,"s:721:6:725:Infinity":283,"b:727:2:729:Infinity:undefined:undefined:undefined:undefined":100,"s:727:2:729:Infinity":284,"s:728:4:728:Infinity":285,"s:731:2:737:Infinity":286,"s:740:55:740:Infinity":287,"s:741:25:741:Infinity":288,"b:743:2:756:Infinity:753:2:756:Infinity":101,"s:743:2:756:Infinity":289,"s:744:4:744:Infinity":290,"s:745:4:745:Infinity":291,"b:746:4:752:Infinity:undefined:undefined:undefined:undefined":102,"s:746:4:752:Infinity":292,"f:746:26:746:31":23,"s:746:31:746:56":293,"s:747:6:751:Infinity":294,"b:753:2:756:Infinity:undefined:undefined:undefined:undefined":103,"s:753:2:756:Infinity":295,"s:754:4:754:Infinity":296,"s:755:4:755:Infinity":297,"s:758:2:764:Infinity":298,"b:767:2:797:Infinity:791:9:797:Infinity":104,"s:767:2:797:Infinity":299,"b:767:6:767:33:767:33:767:59:767:59:767:82":105,"s:768:4:772:Infinity":300,"b:771:51:771:96:771:96:771:184":106,"b:771:121:771:144:771:144:771:184":107,"s:774:4:778:Infinity":301,"s:780:4:784:Infinity":302,"s:786:4:790:Infinity":303,"s:792:4:796:Infinity":304,"b:799:2:811:Infinity:undefined:undefined:undefined:undefined":108,"s:799:2:811:Infinity":305,"s:800:4:804:Infinity":306,"s:806:4:810:Infinity":307,"b:813:2:831:Infinity:undefined:undefined:undefined:undefined":109,"s:813:2:831:Infinity":308,"s:814:4:818:Infinity":309,"s:820:4:824:Infinity":310,"s:826:4:830:Infinity":311,"b:828:45:828:121:828:121:828:Infinity":110,"b:834:2:852:Infinity:840:2:852:Infinity":111,"s:834:2:852:Infinity":312,"b:834:6:834:35:834:35:834:61":112,"s:835:4:839:Infinity":313,"b:840:2:852:Infinity:846:9:852:Infinity":113,"s:840:2:852:Infinity":314,"b:840:13:840:44:840:44:840:72":114,"s:841:4:845:Infinity":315,"s:847:4:851:Infinity":316,"b:854:2:866:Infinity:860:2:866:Infinity":115,"s:854:2:866:Infinity":317,"b:854:6:854:32:854:32:854:59:854:59:854:82":116,"s:855:4:859:Infinity":318,"b:860:2:866:Infinity:undefined:undefined:undefined:undefined":117,"s:860:2:866:Infinity":319,"s:861:4:865:Infinity":320,"b:868:2:874:Infinity:undefined:undefined:undefined:undefined":118,"s:868:2:874:Infinity":321,"b:868:6:868:33:868:33:868:59:868:59:868:83":119,"s:869:4:873:Infinity":322,"b:876:2:882:Infinity:undefined:undefined:undefined:undefined":120,"s:876:2:882:Infinity":323,"s:877:4:881:Infinity":324,"s:885:24:885:Infinity":325,"f:885:41:885:46":24,"s:885:46:885:69":326,"s:886:26:886:Infinity":327,"f:886:43:886:48":25,"s:886:48:886:73":328,"s:887:22:887:Infinity":329,"f:887:41:887:46":26,"s:887:46:887:68":330,"s:888:20:888:Infinity":331,"f:888:39:888:44":27,"s:888:44:888:64":332,"s:891:53:898:Infinity":333,"b:901:2:913:Infinity:907:9:913:Infinity":121,"s:901:2:913:Infinity":334,"b:901:6:901:29:901:29:901:51:901:51:901:74":122,"s:902:4:906:Infinity":335,"s:908:4:912:Infinity":336,"b:915:2:921:Infinity:undefined:undefined:undefined:undefined":123,"s:915:2:921:Infinity":337,"b:915:6:915:33:915:33:915:57":124,"s:916:4:920:Infinity":338,"b:926:2:961:Infinity:947:9:961:Infinity":125,"s:926:2:961:Infinity":339,"b:926:6:926:29:926:29:926:52":126,"s:927:4:927:Infinity":340,"s:929:4:933:Infinity":341,"s:935:4:939:Infinity":342,"s:942:4:946:Infinity":343,"s:948:27:948:Infinity":344,"f:948:44:948:49":28,"s:948:49:948:72":345,"f:948:78:948:83":29,"s:948:83:948:94":346,"s:949:29:949:Infinity":347,"f:949:46:949:51":30,"s:949:51:949:76":348,"f:949:82:949:87":31,"s:949:87:949:98":349,"s:951:4:951:Infinity":350,"b:951:113:951:161:951:161:951:163":127,"b:953:4:955:Infinity:undefined:undefined:undefined:undefined":128,"s:953:4:955:Infinity":351,"s:954:6:954:Infinity":352,"b:956:4:958:Infinity:undefined:undefined:undefined:undefined":129,"s:956:4:958:Infinity":353,"s:957:6:957:Infinity":354,"s:960:4:960:Infinity":355,"b:960:235:960:391:960:391:960:481":130,"b:964:2:970:Infinity:undefined:undefined:undefined:undefined":131,"s:964:2:970:Infinity":356,"s:965:4:969:Infinity":357,"s:972:2:980:Infinity":358,"f:983:9:983:Infinity":32,"s:988:13:988:Infinity":359,"b:988:31:988:44:988:44:988:47":132,"s:990:26:990:Infinity":360,"b:990:44:990:71:990:71:990:97:990:97:990:102":133,"s:991:23:991:Infinity":361,"b:991:30:991:48:991:48:991:58":134,"s:992:18:992:Infinity":362,"b:992:76:992:91:992:91:992:Infinity":135,"b:992:18:992:49:992:49:992:76":136,"s:995:19:995:Infinity":363,"b:995:37:995:66:995:66:995:86:995:86:995:87":137,"s:996:19:996:Infinity":364,"b:996:37:996:57:996:57:996:73:996:73:996:74":138,"s:997:24:997:Infinity":365,"b:997:31:997:50:997:50:997:60":139,"s:998:19:998:Infinity":366,"b:998:105:998:121:998:121:998:Infinity":140,"b:998:19:998:46:998:46:998:78:998:78:998:105":141,"s:1001:18:1001:Infinity":367,"b:1001:36:1001:54:1001:54:1001:55":142,"s:1002:18:1002:Infinity":368,"b:1002:36:1002:54:1002:54:1002:55":143,"s:1003:19:1003:Infinity":369,"b:1003:37:1003:56:1003:56:1003:57":144,"s:1006:16:1006:Infinity":370,"b:1006:23:1006:39:1006:39:1006:47":145,"s:1007:18:1007:Infinity":371,"b:1007:25:1007:43:1007:43:1007:50":146,"s:1009:32:1009:Infinity":372,"s:1010:96:1010:Infinity":373,"s:1011:94:1011:Infinity":374,"s:1012:103:1012:Infinity":375,"s:1015:55:1015:Infinity":376,"s:1016:25:1016:Infinity":377,"b:1018:2:1040:Infinity:1026:2:1040:Infinity":147,"s:1018:2:1040:Infinity":378,"s:1019:4:1019:Infinity":379,"s:1020:4:1020:Infinity":380,"s:1021:4:1025:Infinity":381,"b:1026:2:1040:Infinity:1034:2:1040:Infinity":148,"s:1026:2:1040:Infinity":382,"s:1027:4:1027:Infinity":383,"s:1028:4:1028:Infinity":384,"s:1029:4:1033:Infinity":385,"b:1034:2:1040:Infinity:1037:2:1040:Infinity":149,"s:1034:2:1040:Infinity":386,"s:1035:4:1035:Infinity":387,"s:1036:4:1036:Infinity":388,"b:1037:2:1040:Infinity:undefined:undefined:undefined:undefined":150,"s:1037:2:1040:Infinity":389,"s:1038:4:1038:Infinity":390,"s:1039:4:1039:Infinity":391,"s:1042:2:1048:Infinity":392,"s:1051:55:1051:Infinity":393,"s:1052:25:1052:Infinity":394,"b:1054:2:1072:Infinity:1062:2:1072:Infinity":151,"s:1054:2:1072:Infinity":395,"s:1055:4:1055:Infinity":396,"s:1056:4:1056:Infinity":397,"s:1057:4:1061:Infinity":398,"b:1062:2:1072:Infinity:undefined:undefined:undefined:undefined":152,"s:1062:2:1072:Infinity":399,"s:1063:4:1063:Infinity":400,"s:1064:4:1064:Infinity":401,"b:1065:4:1071:Infinity:undefined:undefined:undefined:undefined":153,"s:1065:4:1071:Infinity":402,"f:1065:26:1065:31":33,"s:1065:31:1065:56":403,"s:1066:6:1070:Infinity":404,"s:1075:2:1083:Infinity":405,"s:1086:2:1092:Infinity":406,"s:1095:60:1095:Infinity":407,"s:1096:30:1096:Infinity":408,"b:1098:2:1104:Infinity:1101:2:1104:Infinity":154,"s:1098:2:1104:Infinity":409,"b:1098:6:1098:34:1098:34:1098:62":155,"s:1099:4:1099:Infinity":410,"s:1100:4:1100:Infinity":411,"b:1101:2:1104:Infinity:undefined:undefined:undefined:undefined":156,"s:1101:2:1104:Infinity":412,"s:1102:4:1102:Infinity":413,"s:1103:4:1103:Infinity":414,"s:1106:2:1112:Infinity":415,"s:1114:2:1120:Infinity":416,"s:1123:60:1123:Infinity":417,"s:1124:30:1124:Infinity":418,"b:1126:2:1146:Infinity:1136:2:1146:Infinity":157,"s:1126:2:1146:Infinity":419,"s:1127:4:1127:Infinity":420,"s:1128:4:1128:Infinity":421,"b:1129:4:1135:Infinity:undefined:undefined:undefined:undefined":158,"s:1129:4:1135:Infinity":422,"f:1129:26:1129:31":34,"s:1129:31:1129:56":423,"s:1130:6:1134:Infinity":424,"b:1136:2:1146:Infinity:undefined:undefined:undefined:undefined":159,"s:1136:2:1146:Infinity":425,"s:1137:4:1137:Infinity":426,"s:1138:4:1138:Infinity":427,"b:1139:4:1145:Infinity:undefined:undefined:undefined:undefined":160,"s:1139:4:1145:Infinity":428,"f:1139:26:1139:31":35,"s:1139:31:1139:56":429,"s:1140:6:1144:Infinity":430,"s:1148:2:1154:Infinity":431,"s:1157:60:1157:Infinity":432,"s:1158:30:1158:Infinity":433,"b:1160:2:1170:Infinity:undefined:undefined:undefined:undefined":161,"s:1160:2:1170:Infinity":434,"s:1161:4:1161:Infinity":435,"s:1162:4:1162:Infinity":436,"b:1163:4:1169:Infinity:undefined:undefined:undefined:undefined":162,"s:1163:4:1169:Infinity":437,"f:1163:26:1163:31":36,"s:1163:31:1163:59":438,"s:1164:6:1168:Infinity":439,"s:1172:2:1178:Infinity":440,"b:1174:25:1174:38:1174:38:1174:Infinity":163,"s:1181:61:1181:Infinity":441,"s:1182:31:1182:Infinity":442,"b:1184:2:1204:Infinity:1194:2:1204:Infinity":164,"s:1184:2:1204:Infinity":443,"s:1185:4:1185:Infinity":444,"s:1186:4:1186:Infinity":445,"b:1187:4:1193:Infinity:undefined:undefined:undefined:undefined":165,"s:1187:4:1193:Infinity":446,"f:1187:26:1187:31":37,"s:1187:31:1187:82":447,"b:1187:31:1187:57:1187:57:1187:82":166,"s:1188:6:1192:Infinity":448,"b:1194:2:1204:Infinity:undefined:undefined:undefined:undefined":167,"s:1194:2:1204:Infinity":449,"s:1195:4:1195:Infinity":450,"s:1196:4:1196:Infinity":451,"b:1197:4:1203:Infinity:undefined:undefined:undefined:undefined":168,"s:1197:4:1203:Infinity":452,"f:1197:26:1197:31":38,"s:1197:31:1197:53":453,"s:1198:6:1202:Infinity":454,"s:1206:2:1212:Infinity":455,"s:1215:61:1215:Infinity":456,"s:1216:31:1216:Infinity":457,"b:1218:2:1238:Infinity:1228:2:1238:Infinity":169,"s:1218:2:1238:Infinity":458,"s:1219:4:1219:Infinity":459,"s:1220:4:1220:Infinity":460,"b:1221:4:1227:Infinity:undefined:undefined:undefined:undefined":170,"s:1221:4:1227:Infinity":461,"f:1221:26:1221:31":39,"s:1221:31:1221:82":462,"b:1221:31:1221:57:1221:57:1221:82":171,"s:1222:6:1226:Infinity":463,"b:1228:2:1238:Infinity:undefined:undefined:undefined:undefined":172,"s:1228:2:1238:Infinity":464,"s:1229:4:1229:Infinity":465,"s:1230:4:1230:Infinity":466,"b:1231:4:1237:Infinity:undefined:undefined:undefined:undefined":173,"s:1231:4:1237:Infinity":467,"f:1231:26:1231:31":40,"s:1231:31:1231:53":468,"s:1232:6:1236:Infinity":469,"s:1240:2:1246:Infinity":470,"s:1249:61:1249:Infinity":471,"s:1250:31:1250:Infinity":472,"b:1252:2:1258:Infinity:1255:2:1258:Infinity":174,"s:1252:2:1258:Infinity":473,"b:1252:6:1252:29:1252:29:1252:54":175,"s:1253:4:1253:Infinity":474,"s:1254:4:1254:Infinity":475,"b:1255:2:1258:Infinity:undefined:undefined:undefined:undefined":176,"s:1255:2:1258:Infinity":476,"s:1256:4:1256:Infinity":477,"s:1257:4:1257:Infinity":478,"s:1260:2:1266:Infinity":479,"b:1269:2:1323:Infinity:1311:2:1323:Infinity":177,"s:1269:2:1323:Infinity":480,"b:1269:6:1269:39:1269:39:1269:70":178,"s:1270:4:1274:Infinity":481,"s:1276:4:1280:Infinity":482,"s:1282:4:1286:Infinity":483,"s:1288:4:1292:Infinity":484,"s:1294:4:1298:Infinity":485,"s:1300:4:1304:Infinity":486,"s:1306:4:1310:Infinity":487,"b:1311:2:1323:Infinity:undefined:undefined:undefined:undefined":179,"s:1311:2:1323:Infinity":488,"b:1311:13:1311:48:1311:48:1311:83:1311:83:1311:111":180,"s:1312:4:1316:Infinity":489,"s:1318:4:1322:Infinity":490,"b:1326:2:1368:Infinity:1350:2:1368:Infinity":181,"s:1326:2:1368:Infinity":491,"s:1327:4:1331:Infinity":492,"s:1333:4:1337:Infinity":493,"s:1339:4:1343:Infinity":494,"s:1345:4:1349:Infinity":495,"b:1350:2:1368:Infinity:1362:9:1368:Infinity":182,"s:1350:2:1368:Infinity":496,"s:1351:4:1355:Infinity":497,"s:1357:4:1361:Infinity":498,"s:1363:4:1367:Infinity":499,"b:1370:2:1396:Infinity:1390:2:1396:Infinity":183,"s:1370:2:1396:Infinity":500,"b:1371:4:1389:Infinity:1383:4:1389:Infinity":184,"s:1371:4:1389:Infinity":501,"s:1372:6:1376:Infinity":502,"s:1378:6:1382:Infinity":503,"b:1383:4:1389:Infinity:undefined:undefined:undefined:undefined":185,"s:1383:4:1389:Infinity":504,"s:1384:6:1388:Infinity":505,"b:1390:2:1396:Infinity:undefined:undefined:undefined:undefined":186,"s:1390:2:1396:Infinity":506,"b:1390:13:1390:25:1390:25:1390:35":187,"s:1391:4:1395:Infinity":507,"b:1393:33:1393:100:1393:100:1393:Infinity":188,"b:1398:2:1412:Infinity:undefined:undefined:undefined:undefined":189,"s:1398:2:1412:Infinity":508,"b:1399:4:1411:Infinity:1405:4:1411:Infinity":190,"s:1399:4:1411:Infinity":509,"s:1400:6:1404:Infinity":510,"b:1405:4:1411:Infinity:undefined:undefined:undefined:undefined":191,"s:1405:4:1411:Infinity":511,"s:1406:6:1410:Infinity":512,"b:1415:2:1433:Infinity:1421:2:1433:Infinity":192,"s:1415:2:1433:Infinity":513,"s:1416:4:1420:Infinity":514,"b:1421:2:1433:Infinity:1427:9:1433:Infinity":193,"s:1421:2:1433:Infinity":515,"b:1421:13:1421:47:1421:47:1421:72:1421:72:1421:95":194,"s:1422:4:1426:Infinity":516,"s:1428:4:1432:Infinity":517,"b:1435:2:1459:Infinity:1453:9:1459:Infinity":195,"s:1435:2:1459:Infinity":518,"s:1436:4:1440:Infinity":519,"s:1442:4:1446:Infinity":520,"s:1448:4:1452:Infinity":521,"s:1454:4:1458:Infinity":522,"b:1461:2:1467:Infinity:undefined:undefined:undefined:undefined":196,"s:1461:2:1467:Infinity":523,"b:1461:6:1461:33:1461:33:1461:63:1461:63:1461:86":197,"s:1462:4:1466:Infinity":524,"b:1469:2:1475:Infinity:undefined:undefined:undefined:undefined":198,"s:1469:2:1475:Infinity":525,"s:1470:4:1474:Infinity":526,"b:1477:2:1485:Infinity:undefined:undefined:undefined:undefined":199,"s:1477:2:1485:Infinity":527,"s:1478:4:1484:Infinity":528,"b:1481:10:1481:Infinity:1482:10:1482:Infinity":200,"b:1483:64:1483:158:1483:158:1483:237":201,"s:1488:24:1488:Infinity":529,"f:1488:41:1488:46":41,"s:1488:46:1488:69":530,"s:1489:26:1489:Infinity":531,"f:1489:43:1489:48":42,"s:1489:48:1489:73":532,"s:1490:22:1490:Infinity":533,"f:1490:41:1490:46":43,"s:1490:46:1490:68":534,"s:1491:20:1491:Infinity":535,"f:1491:39:1491:44":44,"s:1491:44:1491:64":536,"s:1494:53:1501:Infinity":537,"b:1506:2:1552:Infinity:1527:2:1552:Infinity":202,"s:1506:2:1552:Infinity":538,"b:1506:6:1506:29:1506:29:1506:54:1506:54:1506:86":203,"s:1507:4:1507:Infinity":539,"s:1509:4:1513:Infinity":540,"s:1515:4:1519:Infinity":541,"s:1522:4:1526:Infinity":542,"b:1527:2:1552:Infinity:1538:9:1552:Infinity":204,"s:1527:2:1552:Infinity":543,"b:1527:13:1527:36:1527:36:1527:57":205,"s:1529:29:1529:Infinity":544,"f:1529:46:1529:51":45,"s:1529:51:1529:76":545,"f:1529:82:1529:87":46,"s:1529:87:1529:98":546,"s:1531:4:1531:Infinity":547,"b:1533:4:1535:Infinity:undefined:undefined:undefined:undefined":206,"s:1533:4:1535:Infinity":548,"s:1534:6:1534:Infinity":549,"s:1537:4:1537:Infinity":550,"s:1539:27:1539:Infinity":551,"f:1539:44:1539:49":47,"s:1539:49:1539:72":552,"f:1539:78:1539:83":48,"s:1539:83:1539:94":553,"s:1540:29:1540:Infinity":554,"f:1540:46:1540:51":49,"s:1540:51:1540:76":555,"f:1540:82:1540:87":50,"s:1540:87:1540:98":556,"s:1542:4:1542:Infinity":557,"b:1542:108:1542:156:1542:156:1542:158":207,"b:1544:4:1546:Infinity:undefined:undefined:undefined:undefined":208,"s:1544:4:1546:Infinity":558,"s:1545:6:1545:Infinity":559,"b:1547:4:1549:Infinity:undefined:undefined:undefined:undefined":209,"s:1547:4:1549:Infinity":560,"s:1548:6:1548:Infinity":561,"s:1551:4:1551:Infinity":562,"b:1551:118:1551:259:1551:259:1551:261":210,"b:1551:289:1551:455:1551:455:1551:531":211,"b:1555:2:1561:Infinity:undefined:undefined:undefined:undefined":212,"s:1555:2:1561:Infinity":563,"s:1556:4:1560:Infinity":564,"s:1563:2:1571:Infinity":565,"f:1574:9:1574:Infinity":51,"s:1579:20:1585:Infinity":566,"f:1579:47:1579:48":52,"s:1579:66:1585:4":567,"s:1587:2:1607:Infinity":568}}}
,"/home/runner/workspace/shared/schema.ts": {"path":"/home/runner/workspace/shared/schema.ts","statementMap":{"0":{"start":{"line":4,"column":26},"end":{"line":9,"column":null}},"1":{"start":{"line":14,"column":31},"end":{"line":23,"column":null}},"2":{"start":{"line":25,"column":37},"end":{"line":25,"column":null}},"3":{"start":{"line":31,"column":35},"end":{"line":34,"column":null}},"4":{"start":{"line":39,"column":39},"end":{"line":45,"column":null}},"5":{"start":{"line":47,"column":47},"end":{"line":51,"column":null}},"6":{"start":{"line":53,"column":46},"end":{"line":57,"column":null}},"7":{"start":{"line":59,"column":43},"end":{"line":65,"column":null}},"8":{"start":{"line":70,"column":36},"end":{"line":88,"column":null}},"9":{"start":{"line":90,"column":42},"end":{"line":90,"column":null}},"10":{"start":{"line":96,"column":33},"end":{"line":102,"column":null}},"11":{"start":{"line":104,"column":39},"end":{"line":104,"column":null}},"12":{"start":{"line":110,"column":30},"end":{"line":120,"column":null}},"13":{"start":{"line":125,"column":31},"end":{"line":131,"column":null}},"14":{"start":{"line":136,"column":36},"end":{"line":140,"column":null}},"15":{"start":{"line":145,"column":38},"end":{"line":151,"column":null}},"16":{"start":{"line":148,"column":42},"end":{"line":148,"column":56}},"17":{"start":{"line":155,"column":33},"end":{"line":157,"column":null}},"18":{"start":{"line":161,"column":43},"end":{"line":166,"column":null}},"19":{"start":{"line":163,"column":45},"end":{"line":163,"column":59}},"20":{"start":{"line":171,"column":44},"end":{"line":177,"column":null}},"21":{"start":{"line":179,"column":37},"end":{"line":183,"column":null}}},"fnMap":{"0":{"name":"(anonymous_0)","decl":{"start":{"line":148,"column":35},"end":{"line":148,"column":42}},"loc":{"start":{"line":148,"column":42},"end":{"line":148,"column":56}},"line":148},"1":{"name":"(anonymous_1)","decl":{"start":{"line":163,"column":38},"end":{"line":163,"column":45}},"loc":{"start":{"line":163,"column":45},"end":{"line":163,"column":59}},"line":163}},"branchMap":{},"s":{"0":1,"1":1,"2":1,"3":1,"4":1,"5":1,"6":1,"7":1,"8":1,"9":1,"10":1,"11":1,"12":1,"13":1,"14":1,"15":1,"16":0,"17":1,"18":1,"19":2,"20":1,"21":1},"f":{"0":0,"1":2},"b":{},"meta":{"lastBranch":0,"lastFunction":2,"lastStatement":22,"seen":{"s:4:26:9:Infinity":0,"s:14:31:23:Infinity":1,"s:25:37:25:Infinity":2,"s:31:35:34:Infinity":3,"s:39:39:45:Infinity":4,"s:47:47:51:Infinity":5,"s:53:46:57:Infinity":6,"s:59:43:65:Infinity":7,"s:70:36:88:Infinity":8,"s:90:42:90:Infinity":9,"s:96:33:102:Infinity":10,"s:104:39:104:Infinity":11,"s:110:30:120:Infinity":12,"s:125:31:131:Infinity":13,"s:136:36:140:Infinity":14,"s:145:38:151:Infinity":15,"f:148:35:148:42":0,"s:148:42:148:56":16,"s:155:33:157:Infinity":17,"s:161:43:166:Infinity":18,"f:163:38:163:45":1,"s:163:45:163:59":19,"s:171:44:177:Infinity":20,"s:179:37:183:Infinity":21}}}
}
