{"C:\\Users\\marjames\\LabVioUltimatum\\client\\src\\App.tsx": {"path":"C:\\Users\\marjames\\LabVioUltimatum\\client\\src\\App.tsx","statementMap":{"0":{"start":{"line":19,"column":2},"end":{"line":29,"column":null}},"1":{"start":{"line":34,"column":2},"end":{"line":49,"column":null}}},"fnMap":{"0":{"name":"Router","decl":{"start":{"line":18,"column":9},"end":{"line":18,"column":18}},"loc":{"start":{"line":18,"column":18},"end":{"line":31,"column":null}},"line":18},"1":{"name":"App","decl":{"start":{"line":33,"column":9},"end":{"line":33,"column":15}},"loc":{"start":{"line":33,"column":15},"end":{"line":51,"column":null}},"line":33}},"branchMap":{},"s":{"0":0,"1":0},"f":{"0":0,"1":0},"b":{},"meta":{"lastBranch":0,"lastFunction":2,"lastStatement":2,"seen":{"f:18:9:18:18":0,"s:19:2:29:Infinity":0,"f:33:9:33:15":1,"s:34:2:49:Infinity":1}}}
,"C:\\Users\\marjames\\LabVioUltimatum\\client\\src\\main.tsx": {"path":"C:\\Users\\marjames\\LabVioUltimatum\\client\\src\\main.tsx","statementMap":{"0":{"start":{"line":5,"column":0},"end":{"line":5,"column":null}}},"fnMap":{},"branchMap":{},"s":{"0":0},"f":{},"b":{},"meta":{"lastBranch":0,"lastFunction":0,"lastStatement":1,"seen":{"s:5:0:5:Infinity":0}}}
,"C:\\Users\\marjames\\LabVioUltimatum\\client\\src\\components\\AnalysisResultModal.tsx": {"path":"C:\\Users\\marjames\\LabVioUltimatum\\client\\src\\components\\AnalysisResultModal.tsx","statementMap":{"0":{"start":{"line":90,"column":22},"end":{"line":137,"column":null}},"1":{"start":{"line":91,"column":2},"end":{"line":136,"column":null}},"2":{"start":{"line":93,"column":6},"end":{"line":102,"column":null}},"3":{"start":{"line":104,"column":6},"end":{"line":113,"column":null}},"4":{"start":{"line":115,"column":6},"end":{"line":124,"column":null}},"5":{"start":{"line":126,"column":6},"end":{"line":135,"column":null}},"6":{"start":{"line":141,"column":26},"end":{"line":152,"column":null}},"7":{"start":{"line":156,"column":2},"end":{"line":156,"column":null}},"8":{"start":{"line":156,"column":36},"end":{"line":156,"column":null}},"9":{"start":{"line":157,"column":2},"end":{"line":161,"column":null}},"10":{"start":{"line":158,"column":10},"end":{"line":158,"column":null}},"11":{"start":{"line":159,"column":18},"end":{"line":159,"column":null}},"12":{"start":{"line":160,"column":4},"end":{"line":160,"column":null}},"13":{"start":{"line":162,"column":2},"end":{"line":166,"column":null}},"14":{"start":{"line":163,"column":10},"end":{"line":163,"column":null}},"15":{"start":{"line":164,"column":18},"end":{"line":164,"column":null}},"16":{"start":{"line":165,"column":4},"end":{"line":165,"column":null}},"17":{"start":{"line":167,"column":2},"end":{"line":167,"column":null}},"18":{"start":{"line":172,"column":2},"end":{"line":172,"column":null}},"19":{"start":{"line":172,"column":36},"end":{"line":172,"column":null}},"20":{"start":{"line":173,"column":2},"end":{"line":179,"column":null}},"21":{"start":{"line":174,"column":10},"end":{"line":174,"column":null}},"22":{"start":{"line":175,"column":4},"end":{"line":175,"column":null}},"23":{"start":{"line":177,"column":10},"end":{"line":177,"column":null}},"24":{"start":{"line":178,"column":4},"end":{"line":178,"column":null}},"25":{"start":{"line":183,"column":78},"end":{"line":183,"column":null}},"26":{"start":{"line":184,"column":80},"end":{"line":184,"column":null}},"27":{"start":{"line":186,"column":17},"end":{"line":186,"column":null}},"28":{"start":{"line":187,"column":19},"end":{"line":187,"column":null}},"29":{"start":{"line":189,"column":2},"end":{"line":191,"column":null}},"30":{"start":{"line":190,"column":4},"end":{"line":190,"column":null}},"31":{"start":{"line":193,"column":2},"end":{"line":237,"column":null}},"32":{"start":{"line":194,"column":21},"end":{"line":194,"column":null}},"33":{"start":{"line":196,"column":4},"end":{"line":236,"column":null}},"34":{"start":{"line":198,"column":25},"end":{"line":198,"column":null}},"35":{"start":{"line":199,"column":23},"end":{"line":199,"column":null}},"36":{"start":{"line":202,"column":23},"end":{"line":202,"column":null}},"37":{"start":{"line":203,"column":6},"end":{"line":205,"column":null}},"38":{"start":{"line":204,"column":8},"end":{"line":204,"column":null}},"39":{"start":{"line":208,"column":6},"end":{"line":212,"column":null}},"40":{"start":{"line":209,"column":8},"end":{"line":211,"column":null}},"41":{"start":{"line":210,"column":10},"end":{"line":210,"column":null}},"42":{"start":{"line":214,"column":6},"end":{"line":235,"column":null}},"43":{"start":{"line":215,"column":26},"end":{"line":215,"column":null}},"44":{"start":{"line":218,"column":28},"end":{"line":218,"column":null}},"45":{"start":{"line":219,"column":8},"end":{"line":223,"column":null}},"46":{"start":{"line":226,"column":29},"end":{"line":226,"column":null}},"47":{"start":{"line":227,"column":8},"end":{"line":234,"column":null}},"48":{"start":{"line":228,"column":10},"end":{"line":232,"column":null}},"49":{"start":{"line":233,"column":10},"end":{"line":233,"column":null}},"50":{"start":{"line":239,"column":2},"end":{"line":239,"column":null}},"51":{"start":{"line":244,"column":14},"end":{"line":244,"column":null}},"52":{"start":{"line":245,"column":20},"end":{"line":245,"column":null}},"53":{"start":{"line":246,"column":13},"end":{"line":246,"column":null}},"54":{"start":{"line":247,"column":21},"end":{"line":247,"column":null}},"55":{"start":{"line":248,"column":22},"end":{"line":248,"column":null}},"56":{"start":{"line":249,"column":19},"end":{"line":249,"column":null}},"57":{"start":{"line":252,"column":2},"end":{"line":252,"column":null}},"58":{"start":{"line":253,"column":2},"end":{"line":253,"column":null}},"59":{"start":{"line":254,"column":2},"end":{"line":254,"column":null}},"60":{"start":{"line":255,"column":2},"end":{"line":255,"column":null}},"61":{"start":{"line":256,"column":2},"end":{"line":256,"column":null}},"62":{"start":{"line":259,"column":2},"end":{"line":259,"column":null}},"63":{"start":{"line":260,"column":2},"end":{"line":260,"column":null}},"64":{"start":{"line":261,"column":2},"end":{"line":261,"column":null}},"65":{"start":{"line":262,"column":2},"end":{"line":262,"column":null}},"66":{"start":{"line":263,"column":2},"end":{"line":263,"column":null}},"67":{"start":{"line":266,"column":2},"end":{"line":266,"column":null}},"68":{"start":{"line":267,"column":2},"end":{"line":267,"column":null}},"69":{"start":{"line":268,"column":2},"end":{"line":268,"column":null}},"70":{"start":{"line":269,"column":2},"end":{"line":269,"column":null}},"71":{"start":{"line":270,"column":2},"end":{"line":270,"column":null}},"72":{"start":{"line":272,"column":2},"end":{"line":272,"column":null}},"73":{"start":{"line":273,"column":2},"end":{"line":273,"column":null}},"74":{"start":{"line":274,"column":46},"end":{"line":274,"column":null}},"75":{"start":{"line":275,"column":2},"end":{"line":275,"column":null}},"76":{"start":{"line":276,"column":2},"end":{"line":276,"column":null}},"77":{"start":{"line":277,"column":2},"end":{"line":277,"column":null}},"78":{"start":{"line":278,"column":2},"end":{"line":278,"column":null}},"79":{"start":{"line":279,"column":2},"end":{"line":279,"column":null}},"80":{"start":{"line":280,"column":2},"end":{"line":280,"column":null}},"81":{"start":{"line":283,"column":2},"end":{"line":283,"column":null}},"82":{"start":{"line":284,"column":2},"end":{"line":284,"column":null}},"83":{"start":{"line":285,"column":2},"end":{"line":285,"column":null}},"84":{"start":{"line":286,"column":2},"end":{"line":286,"column":null}},"85":{"start":{"line":288,"column":2},"end":{"line":288,"column":null}},"86":{"start":{"line":289,"column":2},"end":{"line":289,"column":null}},"87":{"start":{"line":290,"column":24},"end":{"line":290,"column":null}},"88":{"start":{"line":291,"column":2},"end":{"line":291,"column":null}},"89":{"start":{"line":292,"column":2},"end":{"line":292,"column":null}},"90":{"start":{"line":295,"column":2},"end":{"line":326,"column":null}},"91":{"start":{"line":296,"column":4},"end":{"line":296,"column":null}},"92":{"start":{"line":296,"column":22},"end":{"line":296,"column":37}},"93":{"start":{"line":296,"column":37},"end":{"line":296,"column":48}},"94":{"start":{"line":298,"column":4},"end":{"line":298,"column":null}},"95":{"start":{"line":299,"column":4},"end":{"line":299,"column":null}},"96":{"start":{"line":300,"column":4},"end":{"line":300,"column":null}},"97":{"start":{"line":301,"column":4},"end":{"line":301,"column":null}},"98":{"start":{"line":303,"column":4},"end":{"line":303,"column":null}},"99":{"start":{"line":304,"column":4},"end":{"line":324,"column":null}},"100":{"start":{"line":305,"column":6},"end":{"line":305,"column":null}},"101":{"start":{"line":305,"column":24},"end":{"line":305,"column":39}},"102":{"start":{"line":305,"column":39},"end":{"line":305,"column":50}},"103":{"start":{"line":307,"column":6},"end":{"line":307,"column":null}},"104":{"start":{"line":308,"column":6},"end":{"line":308,"column":null}},"105":{"start":{"line":309,"column":6},"end":{"line":309,"column":null}},"106":{"start":{"line":311,"column":6},"end":{"line":311,"column":null}},"107":{"start":{"line":312,"column":6},"end":{"line":312,"column":null}},"108":{"start":{"line":313,"column":6},"end":{"line":313,"column":null}},"109":{"start":{"line":315,"column":52},"end":{"line":315,"column":null}},"110":{"start":{"line":316,"column":6},"end":{"line":316,"column":null}},"111":{"start":{"line":317,"column":6},"end":{"line":317,"column":null}},"112":{"start":{"line":318,"column":6},"end":{"line":318,"column":null}},"113":{"start":{"line":319,"column":6},"end":{"line":319,"column":null}},"114":{"start":{"line":321,"column":34},"end":{"line":321,"column":null}},"115":{"start":{"line":322,"column":6},"end":{"line":322,"column":null}},"116":{"start":{"line":323,"column":6},"end":{"line":323,"column":null}},"117":{"start":{"line":325,"column":4},"end":{"line":325,"column":null}},"118":{"start":{"line":329,"column":24},"end":{"line":331,"column":null}},"119":{"start":{"line":331,"column":61},"end":{"line":331,"column":121}},"120":{"start":{"line":333,"column":2},"end":{"line":364,"column":null}},"121":{"start":{"line":334,"column":4},"end":{"line":334,"column":null}},"122":{"start":{"line":334,"column":22},"end":{"line":334,"column":37}},"123":{"start":{"line":334,"column":37},"end":{"line":334,"column":48}},"124":{"start":{"line":336,"column":4},"end":{"line":336,"column":null}},"125":{"start":{"line":337,"column":4},"end":{"line":337,"column":null}},"126":{"start":{"line":338,"column":4},"end":{"line":338,"column":null}},"127":{"start":{"line":339,"column":4},"end":{"line":339,"column":null}},"128":{"start":{"line":341,"column":4},"end":{"line":341,"column":null}},"129":{"start":{"line":342,"column":4},"end":{"line":362,"column":null}},"130":{"start":{"line":343,"column":6},"end":{"line":343,"column":null}},"131":{"start":{"line":343,"column":24},"end":{"line":343,"column":39}},"132":{"start":{"line":343,"column":39},"end":{"line":343,"column":50}},"133":{"start":{"line":345,"column":6},"end":{"line":345,"column":null}},"134":{"start":{"line":346,"column":6},"end":{"line":346,"column":null}},"135":{"start":{"line":347,"column":6},"end":{"line":347,"column":null}},"136":{"start":{"line":349,"column":6},"end":{"line":349,"column":null}},"137":{"start":{"line":350,"column":23},"end":{"line":350,"column":null}},"138":{"start":{"line":351,"column":6},"end":{"line":351,"column":null}},"139":{"start":{"line":352,"column":6},"end":{"line":352,"column":null}},"140":{"start":{"line":354,"column":6},"end":{"line":361,"column":null}},"141":{"start":{"line":355,"column":8},"end":{"line":355,"column":null}},"142":{"start":{"line":356,"column":8},"end":{"line":356,"column":null}},"143":{"start":{"line":357,"column":31},"end":{"line":357,"column":null}},"144":{"start":{"line":358,"column":8},"end":{"line":358,"column":null}},"145":{"start":{"line":359,"column":8},"end":{"line":359,"column":null}},"146":{"start":{"line":360,"column":8},"end":{"line":360,"column":null}},"147":{"start":{"line":363,"column":4},"end":{"line":363,"column":null}},"148":{"start":{"line":367,"column":22},"end":{"line":369,"column":null}},"149":{"start":{"line":369,"column":59},"end":{"line":369,"column":119}},"150":{"start":{"line":371,"column":2},"end":{"line":402,"column":null}},"151":{"start":{"line":372,"column":4},"end":{"line":372,"column":null}},"152":{"start":{"line":372,"column":22},"end":{"line":372,"column":37}},"153":{"start":{"line":372,"column":37},"end":{"line":372,"column":48}},"154":{"start":{"line":374,"column":4},"end":{"line":374,"column":null}},"155":{"start":{"line":375,"column":4},"end":{"line":375,"column":null}},"156":{"start":{"line":376,"column":4},"end":{"line":376,"column":null}},"157":{"start":{"line":377,"column":4},"end":{"line":377,"column":null}},"158":{"start":{"line":379,"column":4},"end":{"line":379,"column":null}},"159":{"start":{"line":380,"column":4},"end":{"line":400,"column":null}},"160":{"start":{"line":381,"column":6},"end":{"line":381,"column":null}},"161":{"start":{"line":381,"column":24},"end":{"line":381,"column":39}},"162":{"start":{"line":381,"column":39},"end":{"line":381,"column":50}},"163":{"start":{"line":383,"column":6},"end":{"line":383,"column":null}},"164":{"start":{"line":384,"column":6},"end":{"line":384,"column":null}},"165":{"start":{"line":385,"column":6},"end":{"line":385,"column":null}},"166":{"start":{"line":387,"column":6},"end":{"line":387,"column":null}},"167":{"start":{"line":388,"column":23},"end":{"line":388,"column":null}},"168":{"start":{"line":389,"column":6},"end":{"line":389,"column":null}},"169":{"start":{"line":390,"column":6},"end":{"line":390,"column":null}},"170":{"start":{"line":392,"column":6},"end":{"line":399,"column":null}},"171":{"start":{"line":393,"column":8},"end":{"line":393,"column":null}},"172":{"start":{"line":394,"column":8},"end":{"line":394,"column":null}},"173":{"start":{"line":395,"column":31},"end":{"line":395,"column":null}},"174":{"start":{"line":396,"column":8},"end":{"line":396,"column":null}},"175":{"start":{"line":397,"column":8},"end":{"line":397,"column":null}},"176":{"start":{"line":398,"column":8},"end":{"line":398,"column":null}},"177":{"start":{"line":401,"column":4},"end":{"line":401,"column":null}},"178":{"start":{"line":405,"column":22},"end":{"line":407,"column":null}},"179":{"start":{"line":407,"column":50},"end":{"line":407,"column":156}},"180":{"start":{"line":409,"column":2},"end":{"line":438,"column":null}},"181":{"start":{"line":410,"column":4},"end":{"line":410,"column":null}},"182":{"start":{"line":410,"column":22},"end":{"line":410,"column":37}},"183":{"start":{"line":410,"column":37},"end":{"line":410,"column":48}},"184":{"start":{"line":412,"column":4},"end":{"line":412,"column":null}},"185":{"start":{"line":413,"column":4},"end":{"line":413,"column":null}},"186":{"start":{"line":414,"column":4},"end":{"line":414,"column":null}},"187":{"start":{"line":415,"column":4},"end":{"line":415,"column":null}},"188":{"start":{"line":417,"column":4},"end":{"line":417,"column":null}},"189":{"start":{"line":418,"column":4},"end":{"line":437,"column":null}},"190":{"start":{"line":419,"column":6},"end":{"line":419,"column":null}},"191":{"start":{"line":419,"column":24},"end":{"line":419,"column":39}},"192":{"start":{"line":419,"column":39},"end":{"line":419,"column":50}},"193":{"start":{"line":421,"column":6},"end":{"line":421,"column":null}},"194":{"start":{"line":422,"column":6},"end":{"line":422,"column":null}},"195":{"start":{"line":423,"column":6},"end":{"line":423,"column":null}},"196":{"start":{"line":425,"column":6},"end":{"line":425,"column":null}},"197":{"start":{"line":426,"column":26},"end":{"line":426,"column":null}},"198":{"start":{"line":427,"column":6},"end":{"line":427,"column":null}},"199":{"start":{"line":428,"column":6},"end":{"line":428,"column":null}},"200":{"start":{"line":430,"column":6},"end":{"line":436,"column":null}},"201":{"start":{"line":431,"column":55},"end":{"line":431,"column":null}},"202":{"start":{"line":432,"column":8},"end":{"line":432,"column":null}},"203":{"start":{"line":433,"column":8},"end":{"line":433,"column":null}},"204":{"start":{"line":434,"column":8},"end":{"line":434,"column":null}},"205":{"start":{"line":435,"column":8},"end":{"line":435,"column":null}},"206":{"start":{"line":441,"column":2},"end":{"line":441,"column":null}},"207":{"start":{"line":442,"column":2},"end":{"line":442,"column":null}},"208":{"start":{"line":443,"column":2},"end":{"line":443,"column":null}},"209":{"start":{"line":444,"column":2},"end":{"line":444,"column":null}},"210":{"start":{"line":445,"column":2},"end":{"line":445,"column":null}},"211":{"start":{"line":446,"column":2},"end":{"line":446,"column":null}},"212":{"start":{"line":447,"column":2},"end":{"line":447,"column":null}},"213":{"start":{"line":449,"column":2},"end":{"line":449,"column":null}},"214":{"start":{"line":450,"column":2},"end":{"line":450,"column":null}},"215":{"start":{"line":451,"column":2},"end":{"line":451,"column":null}},"216":{"start":{"line":452,"column":25},"end":{"line":452,"column":null}},"217":{"start":{"line":453,"column":26},"end":{"line":453,"column":null}},"218":{"start":{"line":454,"column":2},"end":{"line":454,"column":null}},"219":{"start":{"line":457,"column":22},"end":{"line":457,"column":null}},"220":{"start":{"line":458,"column":2},"end":{"line":465,"column":null}},"221":{"start":{"line":458,"column":15},"end":{"line":458,"column":18}},"222":{"start":{"line":459,"column":4},"end":{"line":459,"column":null}},"223":{"start":{"line":460,"column":4},"end":{"line":460,"column":null}},"224":{"start":{"line":461,"column":4},"end":{"line":461,"column":null}},"225":{"start":{"line":462,"column":4},"end":{"line":462,"column":null}},"226":{"start":{"line":463,"column":4},"end":{"line":463,"column":null}},"227":{"start":{"line":464,"column":4},"end":{"line":464,"column":null}},"228":{"start":{"line":468,"column":19},"end":{"line":468,"column":null}},"229":{"start":{"line":469,"column":2},"end":{"line":469,"column":null}},"230":{"start":{"line":478,"column":15},"end":{"line":478,"column":null}},"231":{"start":{"line":479,"column":16},"end":{"line":479,"column":null}},"232":{"start":{"line":480,"column":8},"end":{"line":480,"column":null}},"233":{"start":{"line":481,"column":52},"end":{"line":481,"column":null}},"234":{"start":{"line":482,"column":38},"end":{"line":482,"column":null}},"235":{"start":{"line":483,"column":42},"end":{"line":483,"column":null}},"236":{"start":{"line":484,"column":60},"end":{"line":484,"column":null}},"237":{"start":{"line":485,"column":48},"end":{"line":485,"column":null}},"238":{"start":{"line":487,"column":21},"end":{"line":487,"column":null}},"239":{"start":{"line":488,"column":19},"end":{"line":488,"column":null}},"240":{"start":{"line":490,"column":28},"end":{"line":492,"column":null}},"241":{"start":{"line":491,"column":4},"end":{"line":491,"column":null}},"242":{"start":{"line":495,"column":8},"end":{"line":531,"column":null}},"243":{"start":{"line":497,"column":6},"end":{"line":497,"column":null}},"244":{"start":{"line":497,"column":17},"end":{"line":497,"column":null}},"245":{"start":{"line":500,"column":22},"end":{"line":500,"column":null}},"246":{"start":{"line":503,"column":23},"end":{"line":508,"column":null}},"247":{"start":{"line":510,"column":6},"end":{"line":510,"column":null}},"248":{"start":{"line":514,"column":6},"end":{"line":514,"column":null}},"249":{"start":{"line":516,"column":6},"end":{"line":519,"column":null}},"250":{"start":{"line":522,"column":6},"end":{"line":522,"column":null}},"251":{"start":{"line":525,"column":6},"end":{"line":529,"column":null}},"252":{"start":{"line":533,"column":28},"end":{"line":535,"column":null}},"253":{"start":{"line":534,"column":4},"end":{"line":534,"column":null}},"254":{"start":{"line":537,"column":30},"end":{"line":540,"column":null}},"255":{"start":{"line":538,"column":4},"end":{"line":538,"column":null}},"256":{"start":{"line":539,"column":4},"end":{"line":539,"column":null}},"257":{"start":{"line":543,"column":33},"end":{"line":545,"column":null}},"258":{"start":{"line":548,"column":17},"end":{"line":548,"column":null}},"259":{"start":{"line":549,"column":24},"end":{"line":549,"column":null}},"260":{"start":{"line":550,"column":27},"end":{"line":550,"column":null}},"261":{"start":{"line":553,"column":19},"end":{"line":553,"column":null}},"262":{"start":{"line":556,"column":8},"end":{"line":578,"column":null}},"263":{"start":{"line":557,"column":4},"end":{"line":557,"column":null}},"264":{"start":{"line":557,"column":15},"end":{"line":557,"column":null}},"265":{"start":{"line":559,"column":4},"end":{"line":577,"column":null}},"266":{"start":{"line":560,"column":23},"end":{"line":570,"column":null}},"267":{"start":{"line":572,"column":6},"end":{"line":574,"column":null}},"268":{"start":{"line":573,"column":8},"end":{"line":573,"column":null}},"269":{"start":{"line":576,"column":6},"end":{"line":576,"column":null}},"270":{"start":{"line":581,"column":8},"end":{"line":628,"column":null}},"271":{"start":{"line":582,"column":4},"end":{"line":627,"column":null}},"272":{"start":{"line":583,"column":18},"end":{"line":585,"column":null}},"273":{"start":{"line":587,"column":6},"end":{"line":587,"column":null}},"274":{"start":{"line":588,"column":6},"end":{"line":588,"column":null}},"275":{"start":{"line":590,"column":23},"end":{"line":590,"column":null}},"276":{"start":{"line":591,"column":6},"end":{"line":591,"column":null}},"277":{"start":{"line":591,"column":24},"end":{"line":591,"column":null}},"278":{"start":{"line":593,"column":36},"end":{"line":593,"column":null}},"279":{"start":{"line":594,"column":6},"end":{"line":594,"column":null}},"280":{"start":{"line":597,"column":6},"end":{"line":601,"column":null}},"281":{"start":{"line":598,"column":8},"end":{"line":598,"column":null}},"282":{"start":{"line":599,"column":8},"end":{"line":599,"column":null}},"283":{"start":{"line":600,"column":8},"end":{"line":600,"column":null}},"284":{"start":{"line":604,"column":6},"end":{"line":622,"column":null}},"285":{"start":{"line":605,"column":32},"end":{"line":605,"column":null}},"286":{"start":{"line":605,"column":71},"end":{"line":605,"column":91}},"287":{"start":{"line":608,"column":32},"end":{"line":615,"column":null}},"288":{"start":{"line":609,"column":10},"end":{"line":614,"column":null}},"289":{"start":{"line":610,"column":12},"end":{"line":613,"column":null}},"290":{"start":{"line":611,"column":14},"end":{"line":612,"column":null}},"291":{"start":{"line":618,"column":8},"end":{"line":618,"column":null}},"292":{"start":{"line":621,"column":8},"end":{"line":621,"column":null}},"293":{"start":{"line":624,"column":6},"end":{"line":624,"column":null}},"294":{"start":{"line":626,"column":6},"end":{"line":626,"column":null}},"295":{"start":{"line":631,"column":8},"end":{"line":659,"column":null}},"296":{"start":{"line":632,"column":4},"end":{"line":632,"column":null}},"297":{"start":{"line":632,"column":28},"end":{"line":632,"column":null}},"298":{"start":{"line":634,"column":4},"end":{"line":658,"column":null}},"299":{"start":{"line":635,"column":23},"end":{"line":635,"column":null}},"300":{"start":{"line":638,"column":26},"end":{"line":638,"column":null}},"301":{"start":{"line":639,"column":6},"end":{"line":642,"column":null}},"302":{"start":{"line":640,"column":8},"end":{"line":640,"column":null}},"303":{"start":{"line":641,"column":8},"end":{"line":641,"column":null}},"304":{"start":{"line":644,"column":6},"end":{"line":644,"column":null}},"305":{"start":{"line":644,"column":24},"end":{"line":644,"column":null}},"306":{"start":{"line":646,"column":19},"end":{"line":646,"column":null}},"307":{"start":{"line":647,"column":6},"end":{"line":653,"column":null}},"308":{"start":{"line":648,"column":8},"end":{"line":648,"column":null}},"309":{"start":{"line":649,"column":8},"end":{"line":652,"column":null}},"310":{"start":{"line":654,"column":6},"end":{"line":654,"column":null}},"311":{"start":{"line":656,"column":6},"end":{"line":656,"column":null}},"312":{"start":{"line":657,"column":6},"end":{"line":657,"column":null}},"313":{"start":{"line":662,"column":8},"end":{"line":733,"column":null}},"314":{"start":{"line":663,"column":4},"end":{"line":667,"column":null}},"315":{"start":{"line":664,"column":6},"end":{"line":664,"column":null}},"316":{"start":{"line":665,"column":6},"end":{"line":665,"column":null}},"317":{"start":{"line":666,"column":6},"end":{"line":666,"column":null}},"318":{"start":{"line":669,"column":4},"end":{"line":669,"column":null}},"319":{"start":{"line":670,"column":4},"end":{"line":670,"column":null}},"320":{"start":{"line":673,"column":22},"end":{"line":677,"column":null}},"321":{"start":{"line":674,"column":6},"end":{"line":674,"column":null}},"322":{"start":{"line":675,"column":6},"end":{"line":675,"column":null}},"323":{"start":{"line":676,"column":6},"end":{"line":676,"column":null}},"324":{"start":{"line":680,"column":23},"end":{"line":680,"column":null}},"325":{"start":{"line":681,"column":22},"end":{"line":681,"column":null}},"326":{"start":{"line":682,"column":24},"end":{"line":682,"column":null}},"327":{"start":{"line":683,"column":25},"end":{"line":683,"column":null}},"328":{"start":{"line":685,"column":18},"end":{"line":685,"column":null}},"329":{"start":{"line":686,"column":4},"end":{"line":732,"column":null}},"330":{"start":{"line":688,"column":8},"end":{"line":688,"column":null}},"331":{"start":{"line":689,"column":25},"end":{"line":689,"column":null}},"332":{"start":{"line":691,"column":8},"end":{"line":691,"column":null}},"333":{"start":{"line":694,"column":8},"end":{"line":709,"column":null}},"334":{"start":{"line":695,"column":10},"end":{"line":695,"column":null}},"335":{"start":{"line":696,"column":27},"end":{"line":699,"column":null}},"336":{"start":{"line":700,"column":10},"end":{"line":700,"column":null}},"337":{"start":{"line":701,"column":10},"end":{"line":701,"column":null}},"338":{"start":{"line":702,"column":10},"end":{"line":702,"column":null}},"339":{"start":{"line":703,"column":10},"end":{"line":703,"column":null}},"340":{"start":{"line":706,"column":10},"end":{"line":708,"column":null}},"341":{"start":{"line":707,"column":12},"end":{"line":707,"column":null}},"342":{"start":{"line":712,"column":8},"end":{"line":716,"column":null}},"343":{"start":{"line":713,"column":10},"end":{"line":713,"column":null}},"344":{"start":{"line":714,"column":10},"end":{"line":714,"column":null}},"345":{"start":{"line":715,"column":10},"end":{"line":715,"column":null}},"346":{"start":{"line":719,"column":8},"end":{"line":719,"column":null}},"347":{"start":{"line":720,"column":8},"end":{"line":720,"column":null}},"348":{"start":{"line":721,"column":8},"end":{"line":725,"column":null}},"349":{"start":{"line":722,"column":10},"end":{"line":722,"column":null}},"350":{"start":{"line":724,"column":10},"end":{"line":724,"column":null}},"351":{"start":{"line":736,"column":2},"end":{"line":775,"column":null}},"352":{"start":{"line":737,"column":4},"end":{"line":774,"column":null}},"353":{"start":{"line":739,"column":6},"end":{"line":739,"column":null}},"354":{"start":{"line":740,"column":6},"end":{"line":740,"column":null}},"355":{"start":{"line":741,"column":6},"end":{"line":741,"column":null}},"356":{"start":{"line":744,"column":6},"end":{"line":744,"column":null}},"357":{"start":{"line":747,"column":33},"end":{"line":765,"column":null}},"358":{"start":{"line":748,"column":30},"end":{"line":748,"column":null}},"359":{"start":{"line":750,"column":8},"end":{"line":764,"column":null}},"360":{"start":{"line":752,"column":10},"end":{"line":752,"column":null}},"361":{"start":{"line":753,"column":10},"end":{"line":753,"column":null}},"362":{"start":{"line":754,"column":10},"end":{"line":754,"column":null}},"363":{"start":{"line":755,"column":10},"end":{"line":755,"column":null}},"364":{"start":{"line":758,"column":10},"end":{"line":763,"column":null}},"365":{"start":{"line":759,"column":12},"end":{"line":759,"column":null}},"366":{"start":{"line":762,"column":12},"end":{"line":762,"column":null}},"367":{"start":{"line":767,"column":6},"end":{"line":767,"column":null}},"368":{"start":{"line":770,"column":6},"end":{"line":770,"column":null}},"369":{"start":{"line":771,"column":6},"end":{"line":771,"column":null}},"370":{"start":{"line":772,"column":6},"end":{"line":772,"column":null}},"371":{"start":{"line":773,"column":6},"end":{"line":773,"column":null}},"372":{"start":{"line":777,"column":38},"end":{"line":781,"column":null}},"373":{"start":{"line":778,"column":4},"end":{"line":778,"column":null}},"374":{"start":{"line":780,"column":4},"end":{"line":780,"column":null}},"375":{"start":{"line":784,"column":29},"end":{"line":810,"column":null}},"376":{"start":{"line":785,"column":23},"end":{"line":785,"column":null}},"377":{"start":{"line":785,"column":38},"end":{"line":785,"column":null}},"378":{"start":{"line":786,"column":4},"end":{"line":786,"column":null}},"379":{"start":{"line":786,"column":33},"end":{"line":786,"column":null}},"380":{"start":{"line":787,"column":4},"end":{"line":787,"column":null}},"381":{"start":{"line":787,"column":37},"end":{"line":787,"column":null}},"382":{"start":{"line":790,"column":21},"end":{"line":790,"column":null}},"383":{"start":{"line":791,"column":15},"end":{"line":791,"column":null}},"384":{"start":{"line":792,"column":16},"end":{"line":792,"column":null}},"385":{"start":{"line":794,"column":18},"end":{"line":794,"column":null}},"386":{"start":{"line":795,"column":4},"end":{"line":807,"column":null}},"387":{"start":{"line":796,"column":18},"end":{"line":796,"column":null}},"388":{"start":{"line":797,"column":18},"end":{"line":797,"column":null}},"389":{"start":{"line":798,"column":6},"end":{"line":806,"column":null}},"390":{"start":{"line":799,"column":8},"end":{"line":805,"column":null}},"391":{"start":{"line":800,"column":10},"end":{"line":800,"column":null}},"392":{"start":{"line":801,"column":10},"end":{"line":801,"column":null}},"393":{"start":{"line":802,"column":8},"end":{"line":805,"column":null}},"394":{"start":{"line":803,"column":10},"end":{"line":803,"column":null}},"395":{"start":{"line":804,"column":10},"end":{"line":804,"column":null}},"396":{"start":{"line":809,"column":4},"end":{"line":809,"column":null}},"397":{"start":{"line":812,"column":21},"end":{"line":814,"column":null}},"398":{"start":{"line":813,"column":4},"end":{"line":813,"column":null}},"399":{"start":{"line":816,"column":24},"end":{"line":819,"column":null}},"400":{"start":{"line":817,"column":27},"end":{"line":817,"column":null}},"401":{"start":{"line":818,"column":4},"end":{"line":818,"column":null}},"402":{"start":{"line":821,"column":2},"end":{"line":1528,"column":null}},"403":{"start":{"line":969,"column":73},"end":{"line":969,"column":null}},"404":{"start":{"line":971,"column":24},"end":{"line":1002,"column":null}},"405":{"start":{"line":1098,"column":34},"end":{"line":1098,"column":null}},"406":{"start":{"line":1131,"column":26},"end":{"line":1143,"column":null}},"407":{"start":{"line":1148,"column":28},"end":{"line":1151,"column":null}},"408":{"start":{"line":1176,"column":26},"end":{"line":1188,"column":null}},"409":{"start":{"line":1193,"column":28},"end":{"line":1196,"column":null}},"410":{"start":{"line":1209,"column":46},"end":{"line":1209,"column":null}},"411":{"start":{"line":1212,"column":14},"end":{"line":1229,"column":null}},"412":{"start":{"line":1213,"column":16},"end":{"line":1213,"column":null}},"413":{"start":{"line":1214,"column":14},"end":{"line":1229,"column":null}},"414":{"start":{"line":1217,"column":30},"end":{"line":1217,"column":null}},"415":{"start":{"line":1219,"column":16},"end":{"line":1228,"column":null}},"416":{"start":{"line":1220,"column":35},"end":{"line":1226,"column":null}},"417":{"start":{"line":1227,"column":18},"end":{"line":1227,"column":null}},"418":{"start":{"line":1231,"column":14},"end":{"line":1231,"column":null}},"419":{"start":{"line":1231,"column":44},"end":{"line":1231,"column":null}},"420":{"start":{"line":1233,"column":14},"end":{"line":1281,"column":null}},"421":{"start":{"line":1247,"column":40},"end":{"line":1247,"column":null}},"422":{"start":{"line":1248,"column":24},"end":{"line":1276,"column":null}},"423":{"start":{"line":1391,"column":26},"end":{"line":1398,"column":null}},"424":{"start":{"line":1405,"column":41},"end":{"line":1405,"column":null}},"425":{"start":{"line":1413,"column":41},"end":{"line":1413,"column":null}},"426":{"start":{"line":1493,"column":16},"end":{"line":1493,"column":null}},"427":{"start":{"line":1494,"column":16},"end":{"line":1494,"column":null}}},"fnMap":{"0":{"name":"(anonymous_0)","decl":{"start":{"line":90,"column":22},"end":{"line":90,"column":23}},"loc":{"start":{"line":90,"column":45},"end":{"line":137,"column":null}},"line":90},"1":{"name":"normalizeLabValue","decl":{"start":{"line":155,"column":9},"end":{"line":155,"column":27}},"loc":{"start":{"line":155,"column":76},"end":{"line":168,"column":null}},"line":155},"2":{"name":"calculateRiskContribution","decl":{"start":{"line":171,"column":9},"end":{"line":171,"column":35}},"loc":{"start":{"line":171,"column":84},"end":{"line":180,"column":null}},"line":171},"3":{"name":"processLabDataForCharts","decl":{"start":{"line":182,"column":9},"end":{"line":182,"column":33}},"loc":{"start":{"line":182,"column":79},"end":{"line":240,"column":null}},"line":182},"4":{"name":"(anonymous_4)","decl":{"start":{"line":193,"column":28},"end":{"line":193,"column":29}},"loc":{"start":{"line":193,"column":62},"end":{"line":237,"column":3}},"line":193},"5":{"name":"(anonymous_5)","decl":{"start":{"line":203,"column":58},"end":{"line":203,"column":59}},"loc":{"start":{"line":204,"column":8},"end":{"line":204,"column":null}},"line":204},"6":{"name":"(anonymous_6)","decl":{"start":{"line":209,"column":60},"end":{"line":209,"column":61}},"loc":{"start":{"line":210,"column":10},"end":{"line":210,"column":null}},"line":210},"7":{"name":"generatePDFReport","decl":{"start":{"line":243,"column":9},"end":{"line":243,"column":27}},"loc":{"start":{"line":243,"column":53},"end":{"line":470,"column":null}},"line":243},"8":{"name":"(anonymous_8)","decl":{"start":{"line":304,"column":61},"end":{"line":304,"column":62}},"loc":{"start":{"line":304,"column":70},"end":{"line":324,"column":5}},"line":304},"9":{"name":"(anonymous_9)","decl":{"start":{"line":331,"column":45},"end":{"line":331,"column":46}},"loc":{"start":{"line":331,"column":61},"end":{"line":331,"column":121}},"line":331},"10":{"name":"(anonymous_10)","decl":{"start":{"line":342,"column":26},"end":{"line":342,"column":27}},"loc":{"start":{"line":342,"column":42},"end":{"line":362,"column":5}},"line":342},"11":{"name":"(anonymous_11)","decl":{"start":{"line":369,"column":43},"end":{"line":369,"column":44}},"loc":{"start":{"line":369,"column":59},"end":{"line":369,"column":119}},"line":369},"12":{"name":"(anonymous_12)","decl":{"start":{"line":380,"column":24},"end":{"line":380,"column":25}},"loc":{"start":{"line":380,"column":40},"end":{"line":400,"column":5}},"line":380},"13":{"name":"(anonymous_13)","decl":{"start":{"line":407,"column":41},"end":{"line":407,"column":50}},"loc":{"start":{"line":407,"column":50},"end":{"line":407,"column":156}},"line":407},"14":{"name":"(anonymous_14)","decl":{"start":{"line":418,"column":24},"end":{"line":418,"column":25}},"loc":{"start":{"line":418,"column":39},"end":{"line":437,"column":5}},"line":418},"15":{"name":"AnalysisResultModal","decl":{"start":{"line":472,"column":24},"end":{"line":472,"column":44}},"loc":{"start":{"line":477,"column":29},"end":{"line":1530,"column":null}},"line":477},"16":{"name":"(anonymous_16)","decl":{"start":{"line":490,"column":28},"end":{"line":490,"column":34}},"loc":{"start":{"line":490,"column":34},"end":{"line":492,"column":null}},"line":490},"17":{"name":"(anonymous_17)","decl":{"start":{"line":496,"column":16},"end":{"line":496,"column":28}},"loc":{"start":{"line":496,"column":28},"end":{"line":511,"column":null}},"line":496},"18":{"name":"(anonymous_18)","decl":{"start":{"line":512,"column":15},"end":{"line":512,"column":21}},"loc":{"start":{"line":512,"column":21},"end":{"line":523,"column":null}},"line":512},"19":{"name":"(anonymous_19)","decl":{"start":{"line":524,"column":13},"end":{"line":524,"column":14}},"loc":{"start":{"line":524,"column":38},"end":{"line":530,"column":null}},"line":524},"20":{"name":"(anonymous_20)","decl":{"start":{"line":533,"column":28},"end":{"line":533,"column":34}},"loc":{"start":{"line":533,"column":34},"end":{"line":535,"column":null}},"line":533},"21":{"name":"(anonymous_21)","decl":{"start":{"line":537,"column":30},"end":{"line":537,"column":36}},"loc":{"start":{"line":537,"column":36},"end":{"line":540,"column":null}},"line":537},"22":{"name":"(anonymous_22)","decl":{"start":{"line":556,"column":45},"end":{"line":556,"column":52}},"loc":{"start":{"line":556,"column":111},"end":{"line":578,"column":5}},"line":556},"23":{"name":"(anonymous_23)","decl":{"start":{"line":581,"column":42},"end":{"line":581,"column":49}},"loc":{"start":{"line":581,"column":97},"end":{"line":628,"column":5}},"line":581},"24":{"name":"(anonymous_24)","decl":{"start":{"line":605,"column":66},"end":{"line":605,"column":71}},"loc":{"start":{"line":605,"column":71},"end":{"line":605,"column":91}},"line":605},"25":{"name":"(anonymous_25)","decl":{"start":{"line":608,"column":47},"end":{"line":608,"column":null}},"loc":{"start":{"line":609,"column":10},"end":{"line":614,"column":null}},"line":609},"26":{"name":"(anonymous_26)","decl":{"start":{"line":609,"column":36},"end":{"line":609,"column":null}},"loc":{"start":{"line":610,"column":12},"end":{"line":613,"column":null}},"line":610},"27":{"name":"(anonymous_27)","decl":{"start":{"line":610,"column":33},"end":{"line":610,"column":null}},"loc":{"start":{"line":611,"column":14},"end":{"line":612,"column":null}},"line":611},"28":{"name":"(anonymous_28)","decl":{"start":{"line":631,"column":41},"end":{"line":631,"column":97}},"loc":{"start":{"line":631,"column":97},"end":{"line":659,"column":5}},"line":631},"29":{"name":"(anonymous_29)","decl":{"start":{"line":662,"column":38},"end":{"line":662,"column":39}},"loc":{"start":{"line":662,"column":69},"end":{"line":733,"column":3}},"line":662},"30":{"name":"(anonymous_30)","decl":{"start":{"line":673,"column":33},"end":{"line":673,"column":39}},"loc":{"start":{"line":673,"column":39},"end":{"line":677,"column":7}},"line":673},"31":{"name":"(anonymous_31)","decl":{"start":{"line":687,"column":6},"end":{"line":687,"column":7}},"loc":{"start":{"line":687,"column":20},"end":{"line":717,"column":null}},"line":687},"32":{"name":"(anonymous_32)","decl":{"start":{"line":718,"column":6},"end":{"line":718,"column":7}},"loc":{"start":{"line":718,"column":17},"end":{"line":726,"column":null}},"line":718},"33":{"name":"(anonymous_33)","decl":{"start":{"line":736,"column":12},"end":{"line":736,"column":18}},"loc":{"start":{"line":736,"column":18},"end":{"line":775,"column":5}},"line":736},"34":{"name":"(anonymous_34)","decl":{"start":{"line":747,"column":33},"end":{"line":747,"column":45}},"loc":{"start":{"line":747,"column":45},"end":{"line":765,"column":null}},"line":747},"35":{"name":"(anonymous_35)","decl":{"start":{"line":777,"column":38},"end":{"line":777,"column":44}},"loc":{"start":{"line":777,"column":44},"end":{"line":781,"column":null}},"line":777},"36":{"name":"(anonymous_36)","decl":{"start":{"line":784,"column":29},"end":{"line":784,"column":30}},"loc":{"start":{"line":784,"column":63},"end":{"line":810,"column":null}},"line":784},"37":{"name":"(anonymous_37)","decl":{"start":{"line":785,"column":23},"end":{"line":785,"column":24}},"loc":{"start":{"line":785,"column":38},"end":{"line":785,"column":null}},"line":785},"38":{"name":"(anonymous_38)","decl":{"start":{"line":812,"column":21},"end":{"line":812,"column":22}},"loc":{"start":{"line":812,"column":46},"end":{"line":814,"column":null}},"line":812},"39":{"name":"(anonymous_39)","decl":{"start":{"line":816,"column":24},"end":{"line":816,"column":25}},"loc":{"start":{"line":816,"column":45},"end":{"line":819,"column":null}},"line":816},"40":{"name":"(anonymous_40)","decl":{"start":{"line":968,"column":76},"end":{"line":968,"column":77}},"loc":{"start":{"line":968,"column":92},"end":{"line":1004,"column":23}},"line":968},"41":{"name":"(anonymous_41)","decl":{"start":{"line":1097,"column":45},"end":{"line":1097,"column":46}},"loc":{"start":{"line":1098,"column":34},"end":{"line":1098,"column":null}},"line":1098},"42":{"name":"(anonymous_42)","decl":{"start":{"line":1130,"column":84},"end":{"line":1130,"column":85}},"loc":{"start":{"line":1131,"column":26},"end":{"line":1143,"column":null}},"line":1131},"43":{"name":"(anonymous_43)","decl":{"start":{"line":1147,"column":65},"end":{"line":1147,"column":66}},"loc":{"start":{"line":1148,"column":28},"end":{"line":1151,"column":null}},"line":1148},"44":{"name":"(anonymous_44)","decl":{"start":{"line":1175,"column":82},"end":{"line":1175,"column":83}},"loc":{"start":{"line":1176,"column":26},"end":{"line":1188,"column":null}},"line":1176},"45":{"name":"(anonymous_45)","decl":{"start":{"line":1192,"column":63},"end":{"line":1192,"column":64}},"loc":{"start":{"line":1193,"column":28},"end":{"line":1196,"column":null}},"line":1193},"46":{"name":"(anonymous_46)","decl":{"start":{"line":1207,"column":14},"end":{"line":1207,"column":20}},"loc":{"start":{"line":1207,"column":20},"end":{"line":1283,"column":15}},"line":1207},"47":{"name":"(anonymous_47)","decl":{"start":{"line":1219,"column":40},"end":{"line":1219,"column":48}},"loc":{"start":{"line":1219,"column":48},"end":{"line":1228,"column":17}},"line":1219},"48":{"name":"(anonymous_48)","decl":{"start":{"line":1246,"column":39},"end":{"line":1246,"column":40}},"loc":{"start":{"line":1246,"column":62},"end":{"line":1278,"column":23}},"line":1246},"49":{"name":"(anonymous_49)","decl":{"start":{"line":1390,"column":61},"end":{"line":1390,"column":62}},"loc":{"start":{"line":1391,"column":26},"end":{"line":1398,"column":null}},"line":1391},"50":{"name":"(anonymous_50)","decl":{"start":{"line":1405,"column":35},"end":{"line":1405,"column":41}},"loc":{"start":{"line":1405,"column":41},"end":{"line":1405,"column":null}},"line":1405},"51":{"name":"(anonymous_51)","decl":{"start":{"line":1413,"column":35},"end":{"line":1413,"column":41}},"loc":{"start":{"line":1413,"column":41},"end":{"line":1413,"column":null}},"line":1413},"52":{"name":"(anonymous_52)","decl":{"start":{"line":1491,"column":23},"end":{"line":1491,"column":29}},"loc":{"start":{"line":1491,"column":29},"end":{"line":1495,"column":null}},"line":1491}},"branchMap":{"0":{"loc":{"start":{"line":91,"column":2},"end":{"line":136,"column":null}},"type":"switch","locations":[{"start":{"line":92,"column":4},"end":{"line":102,"column":null}},{"start":{"line":103,"column":4},"end":{"line":113,"column":null}},{"start":{"line":114,"column":4},"end":{"line":124,"column":null}},{"start":{"line":125,"column":4},"end":{"line":135,"column":null}}],"line":91},"1":{"loc":{"start":{"line":156,"column":2},"end":{"line":156,"column":null}},"type":"if","locations":[{"start":{"line":156,"column":2},"end":{"line":156,"column":null}},{"start":{},"end":{}}],"line":156},"2":{"loc":{"start":{"line":156,"column":6},"end":{"line":156,"column":36}},"type":"binary-expr","locations":[{"start":{"line":156,"column":6},"end":{"line":156,"column":22}},{"start":{"line":156,"column":22},"end":{"line":156,"column":36}}],"line":156},"3":{"loc":{"start":{"line":157,"column":2},"end":{"line":161,"column":null}},"type":"if","locations":[{"start":{"line":157,"column":2},"end":{"line":161,"column":null}},{"start":{},"end":{}}],"line":157},"4":{"loc":{"start":{"line":162,"column":2},"end":{"line":166,"column":null}},"type":"if","locations":[{"start":{"line":162,"column":2},"end":{"line":166,"column":null}},{"start":{},"end":{}}],"line":162},"5":{"loc":{"start":{"line":172,"column":2},"end":{"line":172,"column":null}},"type":"if","locations":[{"start":{"line":172,"column":2},"end":{"line":172,"column":null}},{"start":{},"end":{}}],"line":172},"6":{"loc":{"start":{"line":172,"column":6},"end":{"line":172,"column":36}},"type":"binary-expr","locations":[{"start":{"line":172,"column":6},"end":{"line":172,"column":22}},{"start":{"line":172,"column":22},"end":{"line":172,"column":36}}],"line":172},"7":{"loc":{"start":{"line":173,"column":2},"end":{"line":179,"column":null}},"type":"if","locations":[{"start":{"line":173,"column":2},"end":{"line":179,"column":null}},{"start":{"line":176,"column":9},"end":{"line":179,"column":null}}],"line":173},"8":{"loc":{"start":{"line":189,"column":2},"end":{"line":191,"column":null}},"type":"if","locations":[{"start":{"line":189,"column":2},"end":{"line":191,"column":null}},{"start":{},"end":{}}],"line":189},"9":{"loc":{"start":{"line":189,"column":6},"end":{"line":189,"column":75}},"type":"binary-expr","locations":[{"start":{"line":189,"column":6},"end":{"line":189,"column":43}},{"start":{"line":189,"column":43},"end":{"line":189,"column":75}}],"line":189},"10":{"loc":{"start":{"line":196,"column":4},"end":{"line":236,"column":null}},"type":"if","locations":[{"start":{"line":196,"column":4},"end":{"line":236,"column":null}},{"start":{},"end":{}}],"line":196},"11":{"loc":{"start":{"line":208,"column":6},"end":{"line":212,"column":null}},"type":"if","locations":[{"start":{"line":208,"column":6},"end":{"line":212,"column":null}},{"start":{},"end":{}}],"line":208},"12":{"loc":{"start":{"line":210,"column":10},"end":{"line":210,"column":null}},"type":"binary-expr","locations":[{"start":{"line":210,"column":10},"end":{"line":210,"column":52}},{"start":{"line":210,"column":52},"end":{"line":210,"column":null}}],"line":210},"13":{"loc":{"start":{"line":214,"column":6},"end":{"line":235,"column":null}},"type":"if","locations":[{"start":{"line":214,"column":6},"end":{"line":235,"column":null}},{"start":{},"end":{}}],"line":214},"14":{"loc":{"start":{"line":227,"column":8},"end":{"line":234,"column":null}},"type":"if","locations":[{"start":{"line":227,"column":8},"end":{"line":234,"column":null}},{"start":{},"end":{}}],"line":227},"15":{"loc":{"start":{"line":274,"column":46},"end":{"line":274,"column":null}},"type":"cond-expr","locations":[{"start":{"line":274,"column":77},"end":{"line":274,"column":93}},{"start":{"line":274,"column":93},"end":{"line":274,"column":null}}],"line":274},"16":{"loc":{"start":{"line":274,"column":93},"end":{"line":274,"column":null}},"type":"cond-expr","locations":[{"start":{"line":274,"column":129},"end":{"line":274,"column":146}},{"start":{"line":274,"column":146},"end":{"line":274,"column":null}}],"line":274},"17":{"loc":{"start":{"line":290,"column":44},"end":{"line":290,"column":115}},"type":"binary-expr","locations":[{"start":{"line":290,"column":44},"end":{"line":290,"column":96}},{"start":{"line":290,"column":96},"end":{"line":290,"column":115}}],"line":290},"18":{"loc":{"start":{"line":295,"column":2},"end":{"line":326,"column":null}},"type":"if","locations":[{"start":{"line":295,"column":2},"end":{"line":326,"column":null}},{"start":{},"end":{}}],"line":295},"19":{"loc":{"start":{"line":295,"column":6},"end":{"line":295,"column":120}},"type":"binary-expr","locations":[{"start":{"line":295,"column":6},"end":{"line":295,"column":59}},{"start":{"line":295,"column":59},"end":{"line":295,"column":120}}],"line":295},"20":{"loc":{"start":{"line":296,"column":4},"end":{"line":296,"column":null}},"type":"if","locations":[{"start":{"line":296,"column":4},"end":{"line":296,"column":null}},{"start":{},"end":{}}],"line":296},"21":{"loc":{"start":{"line":305,"column":6},"end":{"line":305,"column":null}},"type":"if","locations":[{"start":{"line":305,"column":6},"end":{"line":305,"column":null}},{"start":{},"end":{}}],"line":305},"22":{"loc":{"start":{"line":315,"column":52},"end":{"line":315,"column":null}},"type":"cond-expr","locations":[{"start":{"line":315,"column":78},"end":{"line":315,"column":94}},{"start":{"line":315,"column":94},"end":{"line":315,"column":null}}],"line":315},"23":{"loc":{"start":{"line":315,"column":94},"end":{"line":315,"column":null}},"type":"cond-expr","locations":[{"start":{"line":315,"column":124},"end":{"line":315,"column":141}},{"start":{"line":315,"column":141},"end":{"line":315,"column":null}}],"line":315},"24":{"loc":{"start":{"line":329,"column":24},"end":{"line":331,"column":null}},"type":"cond-expr","locations":[{"start":{"line":330,"column":6},"end":{"line":330,"column":null}},{"start":{"line":331,"column":6},"end":{"line":331,"column":null}}],"line":329},"25":{"loc":{"start":{"line":329,"column":24},"end":{"line":329,"column":null}},"type":"binary-expr","locations":[{"start":{"line":329,"column":24},"end":{"line":329,"column":84}},{"start":{"line":329,"column":84},"end":{"line":329,"column":null}}],"line":329},"26":{"loc":{"start":{"line":331,"column":6},"end":{"line":331,"column":null}},"type":"binary-expr","locations":[{"start":{"line":331,"column":6},"end":{"line":331,"column":126}},{"start":{"line":331,"column":126},"end":{"line":331,"column":null}}],"line":331},"27":{"loc":{"start":{"line":333,"column":2},"end":{"line":364,"column":null}},"type":"if","locations":[{"start":{"line":333,"column":2},"end":{"line":364,"column":null}},{"start":{},"end":{}}],"line":333},"28":{"loc":{"start":{"line":334,"column":4},"end":{"line":334,"column":null}},"type":"if","locations":[{"start":{"line":334,"column":4},"end":{"line":334,"column":null}},{"start":{},"end":{}}],"line":334},"29":{"loc":{"start":{"line":343,"column":6},"end":{"line":343,"column":null}},"type":"if","locations":[{"start":{"line":343,"column":6},"end":{"line":343,"column":null}},{"start":{},"end":{}}],"line":343},"30":{"loc":{"start":{"line":354,"column":6},"end":{"line":361,"column":null}},"type":"if","locations":[{"start":{"line":354,"column":6},"end":{"line":361,"column":null}},{"start":{},"end":{}}],"line":354},"31":{"loc":{"start":{"line":367,"column":22},"end":{"line":369,"column":null}},"type":"cond-expr","locations":[{"start":{"line":368,"column":6},"end":{"line":368,"column":null}},{"start":{"line":369,"column":6},"end":{"line":369,"column":null}}],"line":367},"32":{"loc":{"start":{"line":367,"column":22},"end":{"line":367,"column":null}},"type":"binary-expr","locations":[{"start":{"line":367,"column":22},"end":{"line":367,"column":80}},{"start":{"line":367,"column":80},"end":{"line":367,"column":null}}],"line":367},"33":{"loc":{"start":{"line":369,"column":6},"end":{"line":369,"column":null}},"type":"binary-expr","locations":[{"start":{"line":369,"column":6},"end":{"line":369,"column":124}},{"start":{"line":369,"column":124},"end":{"line":369,"column":null}}],"line":369},"34":{"loc":{"start":{"line":371,"column":2},"end":{"line":402,"column":null}},"type":"if","locations":[{"start":{"line":371,"column":2},"end":{"line":402,"column":null}},{"start":{},"end":{}}],"line":371},"35":{"loc":{"start":{"line":372,"column":4},"end":{"line":372,"column":null}},"type":"if","locations":[{"start":{"line":372,"column":4},"end":{"line":372,"column":null}},{"start":{},"end":{}}],"line":372},"36":{"loc":{"start":{"line":381,"column":6},"end":{"line":381,"column":null}},"type":"if","locations":[{"start":{"line":381,"column":6},"end":{"line":381,"column":null}},{"start":{},"end":{}}],"line":381},"37":{"loc":{"start":{"line":392,"column":6},"end":{"line":399,"column":null}},"type":"if","locations":[{"start":{"line":392,"column":6},"end":{"line":399,"column":null}},{"start":{},"end":{}}],"line":392},"38":{"loc":{"start":{"line":405,"column":22},"end":{"line":407,"column":null}},"type":"cond-expr","locations":[{"start":{"line":406,"column":6},"end":{"line":406,"column":null}},{"start":{"line":407,"column":6},"end":{"line":407,"column":null}}],"line":405},"39":{"loc":{"start":{"line":405,"column":22},"end":{"line":405,"column":null}},"type":"binary-expr","locations":[{"start":{"line":405,"column":22},"end":{"line":405,"column":78}},{"start":{"line":405,"column":78},"end":{"line":405,"column":null}}],"line":405},"40":{"loc":{"start":{"line":407,"column":6},"end":{"line":407,"column":null}},"type":"binary-expr","locations":[{"start":{"line":407,"column":6},"end":{"line":407,"column":161}},{"start":{"line":407,"column":161},"end":{"line":407,"column":null}}],"line":407},"41":{"loc":{"start":{"line":409,"column":2},"end":{"line":438,"column":null}},"type":"if","locations":[{"start":{"line":409,"column":2},"end":{"line":438,"column":null}},{"start":{},"end":{}}],"line":409},"42":{"loc":{"start":{"line":410,"column":4},"end":{"line":410,"column":null}},"type":"if","locations":[{"start":{"line":410,"column":4},"end":{"line":410,"column":null}},{"start":{},"end":{}}],"line":410},"43":{"loc":{"start":{"line":419,"column":6},"end":{"line":419,"column":null}},"type":"if","locations":[{"start":{"line":419,"column":6},"end":{"line":419,"column":null}},{"start":{},"end":{}}],"line":419},"44":{"loc":{"start":{"line":430,"column":6},"end":{"line":436,"column":null}},"type":"if","locations":[{"start":{"line":430,"column":6},"end":{"line":436,"column":null}},{"start":{},"end":{}}],"line":430},"45":{"loc":{"start":{"line":431,"column":55},"end":{"line":431,"column":null}},"type":"cond-expr","locations":[{"start":{"line":431,"column":83},"end":{"line":431,"column":99}},{"start":{"line":431,"column":99},"end":{"line":431,"column":null}}],"line":431},"46":{"loc":{"start":{"line":431,"column":99},"end":{"line":431,"column":null}},"type":"cond-expr","locations":[{"start":{"line":431,"column":125},"end":{"line":431,"column":142}},{"start":{"line":431,"column":142},"end":{"line":431,"column":null}}],"line":431},"47":{"loc":{"start":{"line":497,"column":6},"end":{"line":497,"column":null}},"type":"if","locations":[{"start":{"line":497,"column":6},"end":{"line":497,"column":null}},{"start":{},"end":{}}],"line":497},"48":{"loc":{"start":{"line":528,"column":8},"end":{"line":528,"column":null}},"type":"binary-expr","locations":[{"start":{"line":528,"column":22},"end":{"line":528,"column":97}},{"start":{"line":528,"column":97},"end":{"line":528,"column":null}}],"line":528},"49":{"loc":{"start":{"line":528,"column":22},"end":{"line":528,"column":97}},"type":"cond-expr","locations":[{"start":{"line":528,"column":47},"end":{"line":528,"column":63}},{"start":{"line":528,"column":63},"end":{"line":528,"column":97}}],"line":528},"50":{"loc":{"start":{"line":544,"column":5},"end":{"line":544,"column":null}},"type":"binary-expr","locations":[{"start":{"line":544,"column":5},"end":{"line":544,"column":88}},{"start":{"line":544,"column":88},"end":{"line":544,"column":null}}],"line":544},"51":{"loc":{"start":{"line":557,"column":4},"end":{"line":557,"column":null}},"type":"if","locations":[{"start":{"line":557,"column":4},"end":{"line":557,"column":null}},{"start":{},"end":{}}],"line":557},"52":{"loc":{"start":{"line":572,"column":6},"end":{"line":574,"column":null}},"type":"if","locations":[{"start":{"line":572,"column":6},"end":{"line":574,"column":null}},{"start":{},"end":{}}],"line":572},"53":{"loc":{"start":{"line":583,"column":18},"end":{"line":585,"column":null}},"type":"cond-expr","locations":[{"start":{"line":584,"column":10},"end":{"line":584,"column":null}},{"start":{"line":585,"column":10},"end":{"line":585,"column":null}}],"line":583},"54":{"loc":{"start":{"line":591,"column":6},"end":{"line":591,"column":null}},"type":"if","locations":[{"start":{"line":591,"column":6},"end":{"line":591,"column":null}},{"start":{},"end":{}}],"line":591},"55":{"loc":{"start":{"line":597,"column":6},"end":{"line":601,"column":null}},"type":"if","locations":[{"start":{"line":597,"column":6},"end":{"line":601,"column":null}},{"start":{},"end":{}}],"line":597},"56":{"loc":{"start":{"line":597,"column":10},"end":{"line":597,"column":48}},"type":"binary-expr","locations":[{"start":{"line":597,"column":10},"end":{"line":597,"column":24}},{"start":{"line":597,"column":24},"end":{"line":597,"column":48}}],"line":597},"57":{"loc":{"start":{"line":604,"column":6},"end":{"line":622,"column":null}},"type":"if","locations":[{"start":{"line":604,"column":6},"end":{"line":622,"column":null}},{"start":{"line":619,"column":13},"end":{"line":622,"column":null}}],"line":604},"58":{"loc":{"start":{"line":611,"column":14},"end":{"line":612,"column":null}},"type":"binary-expr","locations":[{"start":{"line":611,"column":14},"end":{"line":611,"column":null}},{"start":{"line":612,"column":14},"end":{"line":612,"column":null}}],"line":611},"59":{"loc":{"start":{"line":618,"column":31},"end":{"line":618,"column":62}},"type":"binary-expr","locations":[{"start":{"line":618,"column":31},"end":{"line":618,"column":50}},{"start":{"line":618,"column":50},"end":{"line":618,"column":62}}],"line":618},"60":{"loc":{"start":{"line":632,"column":4},"end":{"line":632,"column":null}},"type":"if","locations":[{"start":{"line":632,"column":4},"end":{"line":632,"column":null}},{"start":{},"end":{}}],"line":632},"61":{"loc":{"start":{"line":632,"column":8},"end":{"line":632,"column":28}},"type":"binary-expr","locations":[{"start":{"line":632,"column":8},"end":{"line":632,"column":17}},{"start":{"line":632,"column":17},"end":{"line":632,"column":28}}],"line":632},"62":{"loc":{"start":{"line":639,"column":6},"end":{"line":642,"column":null}},"type":"if","locations":[{"start":{"line":639,"column":6},"end":{"line":642,"column":null}},{"start":{},"end":{}}],"line":639},"63":{"loc":{"start":{"line":639,"column":10},"end":{"line":639,"column":69}},"type":"binary-expr","locations":[{"start":{"line":639,"column":10},"end":{"line":639,"column":26}},{"start":{"line":639,"column":26},"end":{"line":639,"column":69}}],"line":639},"64":{"loc":{"start":{"line":644,"column":6},"end":{"line":644,"column":null}},"type":"if","locations":[{"start":{"line":644,"column":6},"end":{"line":644,"column":null}},{"start":{},"end":{}}],"line":644},"65":{"loc":{"start":{"line":647,"column":6},"end":{"line":653,"column":null}},"type":"if","locations":[{"start":{"line":647,"column":6},"end":{"line":653,"column":null}},{"start":{},"end":{}}],"line":647},"66":{"loc":{"start":{"line":647,"column":10},"end":{"line":647,"column":66}},"type":"binary-expr","locations":[{"start":{"line":647,"column":10},"end":{"line":647,"column":26}},{"start":{"line":647,"column":26},"end":{"line":647,"column":39}},{"start":{"line":647,"column":39},"end":{"line":647,"column":66}}],"line":647},"67":{"loc":{"start":{"line":662,"column":39},"end":{"line":662,"column":69}},"type":"default-arg","locations":[{"start":{"line":662,"column":59},"end":{"line":662,"column":69}}],"line":662},"68":{"loc":{"start":{"line":663,"column":4},"end":{"line":667,"column":null}},"type":"if","locations":[{"start":{"line":663,"column":4},"end":{"line":667,"column":null}},{"start":{},"end":{}}],"line":663},"69":{"loc":{"start":{"line":694,"column":8},"end":{"line":709,"column":null}},"type":"if","locations":[{"start":{"line":694,"column":8},"end":{"line":709,"column":null}},{"start":{},"end":{}}],"line":694},"70":{"loc":{"start":{"line":706,"column":10},"end":{"line":708,"column":null}},"type":"if","locations":[{"start":{"line":706,"column":10},"end":{"line":708,"column":null}},{"start":{},"end":{}}],"line":706},"71":{"loc":{"start":{"line":712,"column":8},"end":{"line":716,"column":null}},"type":"if","locations":[{"start":{"line":712,"column":8},"end":{"line":716,"column":null}},{"start":{},"end":{}}],"line":712},"72":{"loc":{"start":{"line":712,"column":12},"end":{"line":712,"column":67}},"type":"binary-expr","locations":[{"start":{"line":712,"column":12},"end":{"line":712,"column":39}},{"start":{"line":712,"column":39},"end":{"line":712,"column":67}}],"line":712},"73":{"loc":{"start":{"line":721,"column":8},"end":{"line":725,"column":null}},"type":"if","locations":[{"start":{"line":721,"column":8},"end":{"line":725,"column":null}},{"start":{"line":723,"column":15},"end":{"line":725,"column":null}}],"line":721},"74":{"loc":{"start":{"line":737,"column":4},"end":{"line":774,"column":null}},"type":"if","locations":[{"start":{"line":737,"column":4},"end":{"line":774,"column":null}},{"start":{"line":768,"column":11},"end":{"line":774,"column":null}}],"line":737},"75":{"loc":{"start":{"line":750,"column":8},"end":{"line":764,"column":null}},"type":"if","locations":[{"start":{"line":750,"column":8},"end":{"line":764,"column":null}},{"start":{"line":756,"column":15},"end":{"line":764,"column":null}}],"line":750},"76":{"loc":{"start":{"line":758,"column":10},"end":{"line":763,"column":null}},"type":"if","locations":[{"start":{"line":758,"column":10},"end":{"line":763,"column":null}},{"start":{"line":760,"column":17},"end":{"line":763,"column":null}}],"line":758},"77":{"loc":{"start":{"line":786,"column":4},"end":{"line":786,"column":null}},"type":"if","locations":[{"start":{"line":786,"column":4},"end":{"line":786,"column":null}},{"start":{},"end":{}}],"line":786},"78":{"loc":{"start":{"line":787,"column":4},"end":{"line":787,"column":null}},"type":"if","locations":[{"start":{"line":787,"column":4},"end":{"line":787,"column":null}},{"start":{},"end":{}}],"line":787},"79":{"loc":{"start":{"line":790,"column":21},"end":{"line":790,"column":null}},"type":"cond-expr","locations":[{"start":{"line":790,"column":53},"end":{"line":790,"column":65}},{"start":{"line":790,"column":65},"end":{"line":790,"column":null}}],"line":790},"80":{"loc":{"start":{"line":795,"column":4},"end":{"line":807,"column":null}},"type":"if","locations":[{"start":{"line":795,"column":4},"end":{"line":807,"column":null}},{"start":{},"end":{}}],"line":795},"81":{"loc":{"start":{"line":798,"column":6},"end":{"line":806,"column":null}},"type":"if","locations":[{"start":{"line":798,"column":6},"end":{"line":806,"column":null}},{"start":{},"end":{}}],"line":798},"82":{"loc":{"start":{"line":799,"column":8},"end":{"line":805,"column":null}},"type":"if","locations":[{"start":{"line":799,"column":8},"end":{"line":805,"column":null}},{"start":{"line":802,"column":8},"end":{"line":805,"column":null}}],"line":799},"83":{"loc":{"start":{"line":802,"column":8},"end":{"line":805,"column":null}},"type":"if","locations":[{"start":{"line":802,"column":8},"end":{"line":805,"column":null}},{"start":{},"end":{}}],"line":802},"84":{"loc":{"start":{"line":949,"column":21},"end":{"line":949,"column":null}},"type":"binary-expr","locations":[{"start":{"line":949,"column":21},"end":{"line":949,"column":73}},{"start":{"line":949,"column":73},"end":{"line":949,"column":null}}],"line":949},"85":{"loc":{"start":{"line":956,"column":13},"end":{"line":1008,"column":null}},"type":"binary-expr","locations":[{"start":{"line":956,"column":13},"end":{"line":956,"column":66}},{"start":{"line":956,"column":66},"end":{"line":956,"column":null}},{"start":{"line":957,"column":14},"end":{"line":1008,"column":null}}],"line":956},"86":{"loc":{"start":{"line":983,"column":36},"end":{"line":987,"column":null}},"type":"cond-expr","locations":[{"start":{"line":984,"column":40},"end":{"line":984,"column":null}},{"start":{"line":985,"column":40},"end":{"line":987,"column":null}}],"line":983},"87":{"loc":{"start":{"line":985,"column":40},"end":{"line":987,"column":null}},"type":"cond-expr","locations":[{"start":{"line":986,"column":40},"end":{"line":986,"column":null}},{"start":{"line":987,"column":40},"end":{"line":987,"column":null}}],"line":985},"88":{"loc":{"start":{"line":991,"column":35},"end":{"line":991,"column":null}},"type":"binary-expr","locations":[{"start":{"line":991,"column":35},"end":{"line":991,"column":49}},{"start":{"line":991,"column":49},"end":{"line":991,"column":null}}],"line":991},"89":{"loc":{"start":{"line":997,"column":67},"end":{"line":997,"column":145}},"type":"cond-expr","locations":[{"start":{"line":997,"column":123},"end":{"line":997,"column":129}},{"start":{"line":997,"column":129},"end":{"line":997,"column":145}}],"line":997},"90":{"loc":{"start":{"line":997,"column":67},"end":{"line":997,"column":123}},"type":"binary-expr","locations":[{"start":{"line":997,"column":67},"end":{"line":997,"column":84}},{"start":{"line":997,"column":84},"end":{"line":997,"column":123}}],"line":997},"91":{"loc":{"start":{"line":1008,"column":14},"end":{"line":1108,"column":null}},"type":"binary-expr","locations":[{"start":{"line":1012,"column":14},"end":{"line":1012,"column":38}},{"start":{"line":1012,"column":38},"end":{"line":1012,"column":null}},{"start":{"line":1013,"column":14},"end":{"line":1108,"column":null}}],"line":1008},"92":{"loc":{"start":{"line":1023,"column":21},"end":{"line":1063,"column":null}},"type":"binary-expr","locations":[{"start":{"line":1023,"column":21},"end":{"line":1023,"column":null}},{"start":{"line":1024,"column":22},"end":{"line":1063,"column":null}}],"line":1023},"93":{"loc":{"start":{"line":1067,"column":21},"end":{"line":1104,"column":null}},"type":"binary-expr","locations":[{"start":{"line":1067,"column":21},"end":{"line":1067,"column":null}},{"start":{"line":1068,"column":22},"end":{"line":1104,"column":null}}],"line":1067},"94":{"loc":{"start":{"line":1114,"column":27},"end":{"line":1157,"column":null}},"type":"binary-expr","locations":[{"start":{"line":1116,"column":16},"end":{"line":1116,"column":76}},{"start":{"line":1116,"column":76},"end":{"line":1116,"column":null}},{"start":{"line":1117,"column":16},"end":{"line":1157,"column":null}}],"line":1114},"95":{"loc":{"start":{"line":1129,"column":23},"end":{"line":1153,"column":null}},"type":"cond-expr","locations":[{"start":{"line":1130,"column":24},"end":{"line":1144,"column":null}},{"start":{"line":1146,"column":24},"end":{"line":1153,"column":null}}],"line":1129},"96":{"loc":{"start":{"line":1157,"column":16},"end":{"line":1202,"column":null}},"type":"binary-expr","locations":[{"start":{"line":1161,"column":16},"end":{"line":1161,"column":74}},{"start":{"line":1161,"column":74},"end":{"line":1161,"column":null}},{"start":{"line":1162,"column":16},"end":{"line":1202,"column":null}}],"line":1157},"97":{"loc":{"start":{"line":1174,"column":23},"end":{"line":1198,"column":null}},"type":"cond-expr","locations":[{"start":{"line":1175,"column":24},"end":{"line":1189,"column":null}},{"start":{"line":1191,"column":24},"end":{"line":1198,"column":null}}],"line":1174},"98":{"loc":{"start":{"line":1212,"column":14},"end":{"line":1229,"column":null}},"type":"if","locations":[{"start":{"line":1212,"column":14},"end":{"line":1229,"column":null}},{"start":{"line":1214,"column":14},"end":{"line":1229,"column":null}}],"line":1212},"99":{"loc":{"start":{"line":1214,"column":14},"end":{"line":1229,"column":null}},"type":"if","locations":[{"start":{"line":1214,"column":14},"end":{"line":1229,"column":null}},{"start":{},"end":{}}],"line":1214},"100":{"loc":{"start":{"line":1220,"column":35},"end":{"line":1226,"column":null}},"type":"cond-expr","locations":[{"start":{"line":1221,"column":22},"end":{"line":1221,"column":null}},{"start":{"line":1222,"column":22},"end":{"line":1226,"column":null}}],"line":1220},"101":{"loc":{"start":{"line":1223,"column":31},"end":{"line":1223,"column":null}},"type":"binary-expr","locations":[{"start":{"line":1223,"column":31},"end":{"line":1223,"column":82}},{"start":{"line":1223,"column":82},"end":{"line":1223,"column":null}}],"line":1223},"102":{"loc":{"start":{"line":1224,"column":33},"end":{"line":1224,"column":null}},"type":"binary-expr","locations":[{"start":{"line":1224,"column":33},"end":{"line":1224,"column":86}},{"start":{"line":1224,"column":86},"end":{"line":1224,"column":null}}],"line":1224},"103":{"loc":{"start":{"line":1225,"column":35},"end":{"line":1225,"column":null}},"type":"binary-expr","locations":[{"start":{"line":1225,"column":35},"end":{"line":1225,"column":89}},{"start":{"line":1225,"column":89},"end":{"line":1225,"column":null}}],"line":1225},"104":{"loc":{"start":{"line":1231,"column":14},"end":{"line":1231,"column":null}},"type":"if","locations":[{"start":{"line":1231,"column":14},"end":{"line":1231,"column":null}},{"start":{},"end":{}}],"line":1231},"105":{"loc":{"start":{"line":1257,"column":33},"end":{"line":1271,"column":null}},"type":"binary-expr","locations":[{"start":{"line":1257,"column":33},"end":{"line":1257,"column":null}},{"start":{"line":1258,"column":34},"end":{"line":1271,"column":null}}],"line":1257},"106":{"loc":{"start":{"line":1260,"column":38},"end":{"line":1264,"column":null}},"type":"cond-expr","locations":[{"start":{"line":1261,"column":42},"end":{"line":1261,"column":null}},{"start":{"line":1262,"column":42},"end":{"line":1264,"column":null}}],"line":1260},"107":{"loc":{"start":{"line":1262,"column":42},"end":{"line":1264,"column":null}},"type":"cond-expr","locations":[{"start":{"line":1263,"column":42},"end":{"line":1263,"column":null}},{"start":{"line":1264,"column":42},"end":{"line":1264,"column":null}}],"line":1262},"108":{"loc":{"start":{"line":1267,"column":37},"end":{"line":1267,"column":null}},"type":"binary-expr","locations":[{"start":{"line":1267,"column":37},"end":{"line":1267,"column":61}},{"start":{"line":1267,"column":61},"end":{"line":1267,"column":null}}],"line":1267},"109":{"loc":{"start":{"line":1268,"column":37},"end":{"line":1268,"column":null}},"type":"binary-expr","locations":[{"start":{"line":1268,"column":37},"end":{"line":1268,"column":59}},{"start":{"line":1268,"column":59},"end":{"line":1268,"column":null}}],"line":1268},"110":{"loc":{"start":{"line":1269,"column":37},"end":{"line":1269,"column":null}},"type":"binary-expr","locations":[{"start":{"line":1269,"column":37},"end":{"line":1269,"column":62}},{"start":{"line":1269,"column":62},"end":{"line":1269,"column":null}}],"line":1269},"111":{"loc":{"start":{"line":1286,"column":13},"end":{"line":1444,"column":null}},"type":"binary-expr","locations":[{"start":{"line":1286,"column":13},"end":{"line":1286,"column":null}},{"start":{"line":1287,"column":14},"end":{"line":1444,"column":null}}],"line":1286},"112":{"loc":{"start":{"line":1291,"column":17},"end":{"line":1314,"column":null}},"type":"binary-expr","locations":[{"start":{"line":1291,"column":17},"end":{"line":1291,"column":48}},{"start":{"line":1291,"column":48},"end":{"line":1291,"column":null}},{"start":{"line":1292,"column":18},"end":{"line":1314,"column":null}}],"line":1291},"113":{"loc":{"start":{"line":1328,"column":27},"end":{"line":1328,"column":null}},"type":"binary-expr","locations":[{"start":{"line":1328,"column":27},"end":{"line":1328,"column":57}},{"start":{"line":1328,"column":57},"end":{"line":1328,"column":null}}],"line":1328},"114":{"loc":{"start":{"line":1329,"column":27},"end":{"line":1329,"column":null}},"type":"binary-expr","locations":[{"start":{"line":1329,"column":27},"end":{"line":1329,"column":58}},{"start":{"line":1329,"column":58},"end":{"line":1329,"column":null}}],"line":1329},"115":{"loc":{"start":{"line":1330,"column":27},"end":{"line":1330,"column":null}},"type":"binary-expr","locations":[{"start":{"line":1330,"column":27},"end":{"line":1330,"column":58}},{"start":{"line":1330,"column":58},"end":{"line":1330,"column":null}}],"line":1330},"116":{"loc":{"start":{"line":1331,"column":27},"end":{"line":1331,"column":null}},"type":"binary-expr","locations":[{"start":{"line":1331,"column":27},"end":{"line":1331,"column":63}},{"start":{"line":1331,"column":63},"end":{"line":1331,"column":null}}],"line":1331},"117":{"loc":{"start":{"line":1332,"column":27},"end":{"line":1332,"column":null}},"type":"binary-expr","locations":[{"start":{"line":1332,"column":27},"end":{"line":1332,"column":61}},{"start":{"line":1332,"column":61},"end":{"line":1332,"column":null}}],"line":1332},"118":{"loc":{"start":{"line":1335,"column":23},"end":{"line":1338,"column":null}},"type":"binary-expr","locations":[{"start":{"line":1335,"column":23},"end":{"line":1335,"column":null}},{"start":{"line":1336,"column":24},"end":{"line":1338,"column":null}}],"line":1335},"119":{"loc":{"start":{"line":1357,"column":31},"end":{"line":1361,"column":null}},"type":"binary-expr","locations":[{"start":{"line":1357,"column":31},"end":{"line":1357,"column":null}},{"start":{"line":1358,"column":32},"end":{"line":1361,"column":null}}],"line":1357},"120":{"loc":{"start":{"line":1434,"column":26},"end":{"line":1436,"column":null}},"type":"cond-expr","locations":[{"start":{"line":1435,"column":30},"end":{"line":1435,"column":null}},{"start":{"line":1436,"column":30},"end":{"line":1436,"column":null}}],"line":1434},"121":{"loc":{"start":{"line":1477,"column":15},"end":{"line":1477,"column":null}},"type":"cond-expr","locations":[{"start":{"line":1477,"column":42},"end":{"line":1477,"column":58}},{"start":{"line":1477,"column":58},"end":{"line":1477,"column":null}}],"line":1477}},"s":{"0":0,"1":0,"2":0,"3":0,"4":0,"5":0,"6":0,"7":0,"8":0,"9":0,"10":0,"11":0,"12":0,"13":0,"14":0,"15":0,"16":0,"17":0,"18":0,"19":0,"20":0,"21":0,"22":0,"23":0,"24":0,"25":0,"26":0,"27":0,"28":0,"29":0,"30":0,"31":0,"32":0,"33":0,"34":0,"35":0,"36":0,"37":0,"38":0,"39":0,"40":0,"41":0,"42":0,"43":0,"44":0,"45":0,"46":0,"47":0,"48":0,"49":0,"50":0,"51":0,"52":0,"53":0,"54":0,"55":0,"56":0,"57":0,"58":0,"59":0,"60":0,"61":0,"62":0,"63":0,"64":0,"65":0,"66":0,"67":0,"68":0,"69":0,"70":0,"71":0,"72":0,"73":0,"74":0,"75":0,"76":0,"77":0,"78":0,"79":0,"80":0,"81":0,"82":0,"83":0,"84":0,"85":0,"86":0,"87":0,"88":0,"89":0,"90":0,"91":0,"92":0,"93":0,"94":0,"95":0,"96":0,"97":0,"98":0,"99":0,"100":0,"101":0,"102":0,"103":0,"104":0,"105":0,"106":0,"107":0,"108":0,"109":0,"110":0,"111":0,"112":0,"113":0,"114":0,"115":0,"116":0,"117":0,"118":0,"119":0,"120":0,"121":0,"122":0,"123":0,"124":0,"125":0,"126":0,"127":0,"128":0,"129":0,"130":0,"131":0,"132":0,"133":0,"134":0,"135":0,"136":0,"137":0,"138":0,"139":0,"140":0,"141":0,"142":0,"143":0,"144":0,"145":0,"146":0,"147":0,"148":0,"149":0,"150":0,"151":0,"152":0,"153":0,"154":0,"155":0,"156":0,"157":0,"158":0,"159":0,"160":0,"161":0,"162":0,"163":0,"164":0,"165":0,"166":0,"167":0,"168":0,"169":0,"170":0,"171":0,"172":0,"173":0,"174":0,"175":0,"176":0,"177":0,"178":0,"179":0,"180":0,"181":0,"182":0,"183":0,"184":0,"185":0,"186":0,"187":0,"188":0,"189":0,"190":0,"191":0,"192":0,"193":0,"194":0,"195":0,"196":0,"197":0,"198":0,"199":0,"200":0,"201":0,"202":0,"203":0,"204":0,"205":0,"206":0,"207":0,"208":0,"209":0,"210":0,"211":0,"212":0,"213":0,"214":0,"215":0,"216":0,"217":0,"218":0,"219":0,"220":0,"221":0,"222":0,"223":0,"224":0,"225":0,"226":0,"227":0,"228":0,"229":0,"230":0,"231":0,"232":0,"233":0,"234":0,"235":0,"236":0,"237":0,"238":0,"239":0,"240":0,"241":0,"242":0,"243":0,"244":0,"245":0,"246":0,"247":0,"248":0,"249":0,"250":0,"251":0,"252":0,"253":0,"254":0,"255":0,"256":0,"257":0,"258":0,"259":0,"260":0,"261":0,"262":0,"263":0,"264":0,"265":0,"266":0,"267":0,"268":0,"269":0,"270":0,"271":0,"272":0,"273":0,"274":0,"275":0,"276":0,"277":0,"278":0,"279":0,"280":0,"281":0,"282":0,"283":0,"284":0,"285":0,"286":0,"287":0,"288":0,"289":0,"290":0,"291":0,"292":0,"293":0,"294":0,"295":0,"296":0,"297":0,"298":0,"299":0,"300":0,"301":0,"302":0,"303":0,"304":0,"305":0,"306":0,"307":0,"308":0,"309":0,"310":0,"311":0,"312":0,"313":0,"314":0,"315":0,"316":0,"317":0,"318":0,"319":0,"320":0,"321":0,"322":0,"323":0,"324":0,"325":0,"326":0,"327":0,"328":0,"329":0,"330":0,"331":0,"332":0,"333":0,"334":0,"335":0,"336":0,"337":0,"338":0,"339":0,"340":0,"341":0,"342":0,"343":0,"344":0,"345":0,"346":0,"347":0,"348":0,"349":0,"350":0,"351":0,"352":0,"353":0,"354":0,"355":0,"356":0,"357":0,"358":0,"359":0,"360":0,"361":0,"362":0,"363":0,"364":0,"365":0,"366":0,"367":0,"368":0,"369":0,"370":0,"371":0,"372":0,"373":0,"374":0,"375":0,"376":0,"377":0,"378":0,"379":0,"380":0,"381":0,"382":0,"383":0,"384":0,"385":0,"386":0,"387":0,"388":0,"389":0,"390":0,"391":0,"392":0,"393":0,"394":0,"395":0,"396":0,"397":0,"398":0,"399":0,"400":0,"401":0,"402":0,"403":0,"404":0,"405":0,"406":0,"407":0,"408":0,"409":0,"410":0,"411":0,"412":0,"413":0,"414":0,"415":0,"416":0,"417":0,"418":0,"419":0,"420":0,"421":0,"422":0,"423":0,"424":0,"425":0,"426":0,"427":0},"f":{"0":0,"1":0,"2":0,"3":0,"4":0,"5":0,"6":0,"7":0,"8":0,"9":0,"10":0,"11":0,"12":0,"13":0,"14":0,"15":0,"16":0,"17":0,"18":0,"19":0,"20":0,"21":0,"22":0,"23":0,"24":0,"25":0,"26":0,"27":0,"28":0,"29":0,"30":0,"31":0,"32":0,"33":0,"34":0,"35":0,"36":0,"37":0,"38":0,"39":0,"40":0,"41":0,"42":0,"43":0,"44":0,"45":0,"46":0,"47":0,"48":0,"49":0,"50":0,"51":0,"52":0},"b":{"0":[0,0,0,0],"1":[0,0],"2":[0,0],"3":[0,0],"4":[0,0],"5":[0,0],"6":[0,0],"7":[0,0],"8":[0,0],"9":[0,0],"10":[0,0],"11":[0,0],"12":[0,0],"13":[0,0],"14":[0,0],"15":[0,0],"16":[0,0],"17":[0,0],"18":[0,0],"19":[0,0],"20":[0,0],"21":[0,0],"22":[0,0],"23":[0,0],"24":[0,0],"25":[0,0],"26":[0,0],"27":[0,0],"28":[0,0],"29":[0,0],"30":[0,0],"31":[0,0],"32":[0,0],"33":[0,0],"34":[0,0],"35":[0,0],"36":[0,0],"37":[0,0],"38":[0,0],"39":[0,0],"40":[0,0],"41":[0,0],"42":[0,0],"43":[0,0],"44":[0,0],"45":[0,0],"46":[0,0],"47":[0,0],"48":[0,0],"49":[0,0],"50":[0,0],"51":[0,0],"52":[0,0],"53":[0,0],"54":[0,0],"55":[0,0],"56":[0,0],"57":[0,0],"58":[0,0],"59":[0,0],"60":[0,0],"61":[0,0],"62":[0,0],"63":[0,0],"64":[0,0],"65":[0,0],"66":[0,0,0],"67":[0],"68":[0,0],"69":[0,0],"70":[0,0],"71":[0,0],"72":[0,0],"73":[0,0],"74":[0,0],"75":[0,0],"76":[0,0],"77":[0,0],"78":[0,0],"79":[0,0],"80":[0,0],"81":[0,0],"82":[0,0],"83":[0,0],"84":[0,0],"85":[0,0,0],"86":[0,0],"87":[0,0],"88":[0,0],"89":[0,0],"90":[0,0],"91":[0,0,0],"92":[0,0],"93":[0,0],"94":[0,0,0],"95":[0,0],"96":[0,0,0],"97":[0,0],"98":[0,0],"99":[0,0],"100":[0,0],"101":[0,0],"102":[0,0],"103":[0,0],"104":[0,0],"105":[0,0],"106":[0,0],"107":[0,0],"108":[0,0],"109":[0,0],"110":[0,0],"111":[0,0],"112":[0,0,0],"113":[0,0],"114":[0,0],"115":[0,0],"116":[0,0],"117":[0,0],"118":[0,0],"119":[0,0],"120":[0,0],"121":[0,0]},"meta":{"lastBranch":122,"lastFunction":53,"lastStatement":428,"seen":{"s:90:22:137:Infinity":0,"f:90:22:90:23":0,"b:92:4:102:Infinity:103:4:113:Infinity:114:4:124:Infinity:125:4:135:Infinity":0,"s:91:2:136:Infinity":1,"s:93:6:102:Infinity":2,"s:104:6:113:Infinity":3,"s:115:6:124:Infinity":4,"s:126:6:135:Infinity":5,"s:141:26:152:Infinity":6,"f:155:9:155:27":1,"b:156:2:156:Infinity:undefined:undefined:undefined:undefined":1,"s:156:2:156:Infinity":7,"b:156:6:156:22:156:22:156:36":2,"s:156:36:156:Infinity":8,"b:157:2:161:Infinity:undefined:undefined:undefined:undefined":3,"s:157:2:161:Infinity":9,"s:158:10:158:Infinity":10,"s:159:18:159:Infinity":11,"s:160:4:160:Infinity":12,"b:162:2:166:Infinity:undefined:undefined:undefined:undefined":4,"s:162:2:166:Infinity":13,"s:163:10:163:Infinity":14,"s:164:18:164:Infinity":15,"s:165:4:165:Infinity":16,"s:167:2:167:Infinity":17,"f:171:9:171:35":2,"b:172:2:172:Infinity:undefined:undefined:undefined:undefined":5,"s:172:2:172:Infinity":18,"b:172:6:172:22:172:22:172:36":6,"s:172:36:172:Infinity":19,"b:173:2:179:Infinity:176:9:179:Infinity":7,"s:173:2:179:Infinity":20,"s:174:10:174:Infinity":21,"s:175:4:175:Infinity":22,"s:177:10:177:Infinity":23,"s:178:4:178:Infinity":24,"f:182:9:182:33":3,"s:183:78:183:Infinity":25,"s:184:80:184:Infinity":26,"s:186:17:186:Infinity":27,"s:187:19:187:Infinity":28,"b:189:2:191:Infinity:undefined:undefined:undefined:undefined":8,"s:189:2:191:Infinity":29,"b:189:6:189:43:189:43:189:75":9,"s:190:4:190:Infinity":30,"s:193:2:237:Infinity":31,"f:193:28:193:29":4,"s:194:21:194:Infinity":32,"b:196:4:236:Infinity:undefined:undefined:undefined:undefined":10,"s:196:4:236:Infinity":33,"s:198:25:198:Infinity":34,"s:199:23:199:Infinity":35,"s:202:23:202:Infinity":36,"s:203:6:205:Infinity":37,"f:203:58:203:59":5,"s:204:8:204:Infinity":38,"b:208:6:212:Infinity:undefined:undefined:undefined:undefined":11,"s:208:6:212:Infinity":39,"s:209:8:211:Infinity":40,"f:209:60:209:61":6,"s:210:10:210:Infinity":41,"b:210:10:210:52:210:52:210:Infinity":12,"b:214:6:235:Infinity:undefined:undefined:undefined:undefined":13,"s:214:6:235:Infinity":42,"s:215:26:215:Infinity":43,"s:2
[...]
:609:44:609:49":16,"s:609:49:609:72":230,"f:609:78:609:83":17,"s:609:83:609:94":231,"s:610:29:610:Infinity":232,"f:610:46:610:51":18,"s:610:51:610:76":233,"f:610:82:610:87":19,"s:610:87:610:98":234,"s:612:4:612:Infinity":235,"b:612:126:612:174:612:174:612:176":83,"b:614:4:616:Infinity:undefined:undefined:undefined:undefined":84,"s:614:4:616:Infinity":236,"s:615:6:615:Infinity":237,"b:617:4:619:Infinity:undefined:undefined:undefined:undefined":85,"s:617:4:619:Infinity":238,"s:618:6:618:Infinity":239,"s:621:4:621:Infinity":240,"b:621:120:621:165:621:165:621:184":86,"b:625:2:631:Infinity:undefined:undefined:undefined:undefined":87,"s:625:2:631:Infinity":241,"s:626:4:630:Infinity":242,"s:633:2:641:Infinity":243,"f:644:9:644:Infinity":20,"s:649:22:649:Infinity":244,"b:649:40:649:62:649:62:649:65":88,"s:650:14:650:Infinity":245,"b:650:32:650:46:650:46:650:48":89,"s:651:14:651:Infinity":246,"b:651:32:651:46:651:46:651:49":90,"s:652:24:652:Infinity":247,"b:652:42:652:66:652:66:652:69":91,"s:654:32:654:Infinity":248,"s:655:96:655:Infinity":249,"s:656:94:656:Infinity":250,"s:657:103:657:Infinity":251,"s:660:57:660:Infinity":252,"s:661:27:661:Infinity":253,"b:663:2:674:Infinity:671:2:674:Infinity":92,"s:663:2:674:Infinity":254,"s:664:4:664:Infinity":255,"s:665:4:665:Infinity":256,"s:666:4:670:Infinity":257,"b:671:2:674:Infinity:undefined:undefined:undefined:undefined":93,"s:671:2:674:Infinity":258,"s:672:4:672:Infinity":259,"s:673:4:673:Infinity":260,"s:676:2:682:Infinity":261,"s:685:56:685:Infinity":262,"s:686:26:686:Infinity":263,"b:688:2:703:Infinity:698:2:703:Infinity":94,"s:688:2:703:Infinity":264,"s:689:4:689:Infinity":265,"s:690:4:690:Infinity":266,"b:691:4:697:Infinity:undefined:undefined:undefined:undefined":95,"s:691:4:697:Infinity":267,"f:691:26:691:31":21,"s:691:31:691:56":268,"s:692:6:696:Infinity":269,"b:698:2:703:Infinity:701:2:703:Infinity":96,"s:698:2:703:Infinity":270,"s:699:4:699:Infinity":271,"s:700:4:700:Infinity":272,"b:701:2:703:Infinity:undefined:undefined:undefined:undefined":97,"s:701:2:703:Infinity":273,"s:702:4:702:Infinity":274,"s:705:2:711:Infinity":275,"s:714:56:714:Infinity":276,"s:715:26:715:Infinity":277,"b:717:2:729:Infinity:727:2:729:Infinity":98,"s:717:2:729:Infinity":278,"s:718:4:718:Infinity":279,"s:719:4:719:Infinity":280,"b:720:4:726:Infinity:undefined:undefined:undefined:undefined":99,"s:720:4:726:Infinity":281,"f:720:26:720:31":22,"s:720:31:720:56":282,"s:721:6:725:Infinity":283,"b:727:2:729:Infinity:undefined:undefined:undefined:undefined":100,"s:727:2:729:Infinity":284,"s:728:4:728:Infinity":285,"s:731:2:737:Infinity":286,"s:740:55:740:Infinity":287,"s:741:25:741:Infinity":288,"b:743:2:756:Infinity:753:2:756:Infinity":101,"s:743:2:756:Infinity":289,"s:744:4:744:Infinity":290,"s:745:4:745:Infinity":291,"b:746:4:752:Infinity:undefined:undefined:undefined:undefined":102,"s:746:4:752:Infinity":292,"f:746:26:746:31":23,"s:746:31:746:56":293,"s:747:6:751:Infinity":294,"b:753:2:756:Infinity:undefined:undefined:undefined:undefined":103,"s:753:2:756:Infinity":295,"s:754:4:754:Infinity":296,"s:755:4:755:Infinity":297,"s:758:2:764:Infinity":298,"b:767:2:797:Infinity:791:9:797:Infinity":104,"s:767:2:797:Infinity":299,"b:767:6:767:33:767:33:767:59:767:59:767:82":105,"s:768:4:772:Infinity":300,"b:771:51:771:96:771:96:771:184":106,"b:771:121:771:144:771:144:771:184":107,"s:774:4:778:Infinity":301,"s:780:4:784:Infinity":302,"s:786:4:790:Infinity":303,"s:792:4:796:Infinity":304,"b:799:2:811:Infinity:undefined:undefined:undefined:undefined":108,"s:799:2:811:Infinity":305,"s:800:4:804:Infinity":306,"s:806:4:810:Infinity":307,"b:813:2:831:Infinity:undefined:undefined:undefined:undefined":109,"s:813:2:831:Infinity":308,"s:814:4:818:Infinity":309,"s:820:4:824:Infinity":310,"s:826:4:830:Infinity":311,"b:828:45:828:121:828:121:828:Infinity":110,"b:834:2:852:Infinity:840:2:852:Infinity":111,"s:834:2:852:Infinity":312,"b:834:6:834:35:834:35:834:61":112,"s:835:4:839:Infinity":313,"b:840:2:852:Infinity:846:9:852:Infinity":113,"s:840:2:852:Infinity":314,"b:840:13:840:44:840:44:840:72":114,"s:841:4:845:Infinity":315,"s:847:4:851:Infinity":316,"b:854:2:866:Infinity:860:2:866:Infinity":115,"s:854:2:866:Infinity":317,"b:854:6:854:32:854:32:854:59:854:59:854:82":116,"s:855:4:859:Infinity":318,"b:860:2:866:Infinity:undefined:undefined:undefined:undefined":117,"s:860:2:866:Infinity":319,"s:861:4:865:Infinity":320,"b:868:2:874:Infinity:undefined:undefined:undefined:undefined":118,"s:868:2:874:Infinity":321,"b:868:6:868:33:868:33:868:59:868:59:868:83":119,"s:869:4:873:Infinity":322,"b:876:2:882:Infinity:undefined:undefined:undefined:undefined":120,"s:876:2:882:Infinity":323,"s:877:4:881:Infinity":324,"s:885:24:885:Infinity":325,"f:885:41:885:46":24,"s:885:46:885:69":326,"s:886:26:886:Infinity":327,"f:886:43:886:48":25,"s:886:48:886:73":328,"s:887:22:887:Infinity":329,"f:887:41:887:46":26,"s:887:46:887:68":330,"s:888:20:888:Infinity":331,"f:888:39:888:44":27,"s:888:44:888:64":332,"s:891:53:898:Infinity":333,"b:901:2:913:Infinity:907:9:913:Infinity":121,"s:901:2:913:Infinity":334,"b:901:6:901:29:901:29:901:51:901:51:901:74":122,"s:902:4:906:Infinity":335,"s:908:4:912:Infinity":336,"b:915:2:921:Infinity:undefined:undefined:undefined:undefined":123,"s:915:2:921:Infinity":337,"b:915:6:915:33:915:33:915:57":124,"s:916:4:920:Infinity":338,"b:926:2:961:Infinity:947:9:961:Infinity":125,"s:926:2:961:Infinity":339,"b:926:6:926:29:926:29:926:52":126,"s:927:4:927:Infinity":340,"s:929:4:933:Infinity":341,"s:935:4:939:Infinity":342,"s:942:4:946:Infinity":343,"s:948:27:948:Infinity":344,"f:948:44:948:49":28,"s:948:49:948:72":345,"f:948:78:948:83":29,"s:948:83:948:94":346,"s:949:29:949:Infinity":347,"f:949:46:949:51":30,"s:949:51:949:76":348,"f:949:82:949:87":31,"s:949:87:949:98":349,"s:951:4:951:Infinity":350,"b:951:113:951:161:951:161:951:163":127,"b:953:4:955:Infinity:undefined:undefined:undefined:undefined":128,"s:953:4:955:Infinity":351,"s:954:6:954:Infinity":352,"b:956:4:958:Infinity:undefined:undefined:undefined:undefined":129,"s:956:4:958:Infinity":353,"s:957:6:957:Infinity":354,"s:960:4:960:Infinity":355,"b:960:235:960:391:960:391:960:481":130,"b:964:2:970:Infinity:undefined:undefined:undefined:undefined":131,"s:964:2:970:Infinity":356,"s:965:4:969:Infinity":357,"s:972:2:980:Infinity":358,"f:983:9:983:Infinity":32,"s:988:13:988:Infinity":359,"b:988:31:988:44:988:44:988:47":132,"s:990:26:990:Infinity":360,"b:990:44:990:71:990:71:990:97:990:97:990:102":133,"s:991:23:991:Infinity":361,"b:991:30:991:48:991:48:991:58":134,"s:992:18:992:Infinity":362,"b:992:76:992:91:992:91:992:Infinity":135,"b:992:18:992:49:992:49:992:76":136,"s:995:19:995:Infinity":363,"b:995:37:995:66:995:66:995:86:995:86:995:87":137,"s:996:19:996:Infinity":364,"b:996:37:996:57:996:57:996:73:996:73:996:74":138,"s:997:24:997:Infinity":365,"b:997:31:997:50:997:50:997:60":139,"s:998:19:998:Infinity":366,"b:998:105:998:121:998:121:998:Infinity":140,"b:998:19:998:46:998:46:998:78:998:78:998:105":141,"s:1001:18:1001:Infinity":367,"b:1001:36:1001:54:1001:54:1001:55":142,"s:1004:16:1004:Infinity":368,"b:1004:23:1004:39:1004:39:1004:47":143,"s:1005:18:1005:Infinity":369,"b:1005:25:1005:43:1005:43:1005:50":144,"s:1007:32:1007:Infinity":370,"s:1008:96:1008:Infinity":371,"s:1009:94:1009:Infinity":372,"s:1010:103:1010:Infinity":373,"s:1013:55:1013:Infinity":374,"s:1014:25:1014:Infinity":375,"b:1016:2:1038:Infinity:1024:2:1038:Infinity":145,"s:1016:2:1038:Infinity":376,"s:1017:4:1017:Infinity":377,"s:1018:4:1018:Infinity":378,"s:1019:4:1023:Infinity":379,"b:1024:2:1038:Infinity:1032:2:1038:Infinity":146,"s:1024:2:1038:Infinity":380,"s:1025:4:1025:Infinity":381,"s:1026:4:1026:Infinity":382,"s:1027:4:1031:Infinity":383,"b:1032:2:1038:Infinity:1035:2:1038:Infinity":147,"s:1032:2:1038:Infinity":384,"s:1033:4:1033:Infinity":385,"s:1034:4:1034:Infinity":386,"b:1035:2:1038:Infinity:undefined:undefined:undefined:undefined":148,"s:1035:2:1038:Infinity":387,"s:1036:4:1036:Infinity":388,"s:1037:4:1037:Infinity":389,"s:1040:2:1046:Infinity":390,"s:1049:55:1049:Infinity":391,"s:1050:25:1050:Infinity":392,"b:1052:2:1070:Infinity:1060:2:1070:Infinity":149,"s:1052:2:1070:Infinity":393,"s:1053:4:1053:Infinity":394,"s:1054:4:1054:Infinity":395,"s:1055:4:1059:Infinity":396,"b:1060:2:1070:Infinity:undefined:undefined:undefined:undefined":150,"s:1060:2:1070:Infinity":397,"s:1061:4:1061:Infinity":398,"s:1062:4:1062:Infinity":399,"b:1063:4:1069:Infinity:undefined:undefined:undefined:undefined":151,"s:1063:4:1069:Infinity":400,"f:1063:26:1063:31":33,"s:1063:31:1063:56":401,"s:1064:6:1068:Infinity":402,"s:1073:2:1081:Infinity":403,"s:1084:2:1090:Infinity":404,"s:1093:60:1093:Infinity":405,"s:1094:30:1094:Infinity":406,"b:1096:2:1102:Infinity:1099:2:1102:Infinity":152,"s:1096:2:1102:Infinity":407,"b:1096:6:1096:34:1096:34:1096:62":153,"s:1097:4:1097:Infinity":408,"s:1098:4:1098:Infinity":409,"b:1099:2:1102:Infinity:undefined:undefined:undefined:undefined":154,"s:1099:2:1102:Infinity":410,"s:1100:4:1100:Infinity":411,"s:1101:4:1101:Infinity":412,"s:1104:2:1110:Infinity":413,"s:1112:2:1118:Infinity":414,"s:1121:60:1121:Infinity":415,"s:1122:30:1122:Infinity":416,"b:1124:2:1144:Infinity:1134:2:1144:Infinity":155,"s:1124:2:1144:Infinity":417,"s:1125:4:1125:Infinity":418,"s:1126:4:1126:Infinity":419,"b:1127:4:1133:Infinity:undefined:undefined:undefined:undefined":156,"s:1127:4:1133:Infinity":420,"f:1127:26:1127:31":34,"s:1127:31:1127:56":421,"s:1128:6:1132:Infinity":422,"b:1134:2:1144:Infinity:undefined:undefined:undefined:undefined":157,"s:1134:2:1144:Infinity":423,"s:1135:4:1135:Infinity":424,"s:1136:4:1136:Infinity":425,"b:1137:4:1143:Infinity:undefined:undefined:undefined:undefined":158,"s:1137:4:1143:Infinity":426,"f:1137:26:1137:31":35,"s:1137:31:1137:56":427,"s:1138:6:1142:Infinity":428,"s:1146:2:1152:Infinity":429,"s:1155:60:1155:Infinity":430,"s:1156:30:1156:Infinity":431,"b:1158:2:1168:Infinity:undefined:undefined:undefined:undefined":159,"s:1158:2:1168:Infinity":432,"s:1159:4:1159:Infinity":433,"s:1160:4:1160:Infinity":434,"b:1161:4:1167:Infinity:undefined:undefined:undefined:undefined":160,"s:1161:4:1167:Infinity":435,"f:1161:26:1161:31":36,"s:1161:31:1161:59":436,"s:1162:6:1166:Infinity":437,"s:1170:2:1176:Infinity":438,"b:1172:25:1172:38:1172:38:1172:Infinity":161,"s:1179:61:1179:Infinity":439,"s:1180:31:1180:Infinity":440,"b:1182:2:1202:Infinity:1192:2:1202:Infinity":162,"s:1182:2:1202:Infinity":441,"s:1183:4:1183:Infinity":442,"s:1184:4:1184:Infinity":443,"b:1185:4:1191:Infinity:undefined:undefined:undefined:undefined":163,"s:1185:4:1191:Infinity":444,"f:1185:26:1185:31":37,"s:1185:31:1185:82":445,"b:1185:31:1185:57:1185:57:1185:82":164,"s:1186:6:1190:Infinity":446,"b:1192:2:1202:Infinity:undefined:undefined:undefined:undefined":165,"s:1192:2:1202:Infinity":447,"s:1193:4:1193:Infinity":448,"s:1194:4:1194:Infinity":449,"b:1195:4:1201:Infinity:undefined:undefined:undefined:undefined":166,"s:1195:4:1201:Infinity":450,"f:1195:26:1195:31":38,"s:1195:31:1195:53":451,"s:1196:6:1200:Infinity":452,"s:1204:2:1210:Infinity":453,"s:1213:61:1213:Infinity":454,"s:1214:31:1214:Infinity":455,"b:1216:2:1236:Infinity:1226:2:1236:Infinity":167,"s:1216:2:1236:Infinity":456,"s:1217:4:1217:Infinity":457,"s:1218:4:1218:Infinity":458,"b:1219:4:1225:Infinity:undefined:undefined:undefined:undefined":168,"s:1219:4:1225:Infinity":459,"f:1219:26:1219:31":39,"s:1219:31:1219:82":460,"b:1219:31:1219:57:1219:57:1219:82":169,"s:1220:6:1224:Infinity":461,"b:1226:2:1236:Infinity:undefined:undefined:undefined:undefined":170,"s:1226:2:1236:Infinity":462,"s:1227:4:1227:Infinity":463,"s:1228:4:1228:Infinity":464,"b:1229:4:1235:Infinity:undefined:undefined:undefined:undefined":171,"s:1229:4:1235:Infinity":465,"f:1229:26:1229:31":40,"s:1229:31:1229:53":466,"s:1230:6:1234:Infinity":467,"s:1238:2:1244:Infinity":468,"s:1247:61:1247:Infinity":469,"s:1248:31:1248:Infinity":470,"b:1250:2:1256:Infinity:1253:2:1256:Infinity":172,"s:1250:2:1256:Infinity":471,"b:1250:6:1250:29:1250:29:1250:54":173,"s:1251:4:1251:Infinity":472,"s:1252:4:1252:Infinity":473,"b:1253:2:1256:Infinity:undefined:undefined:undefined:undefined":174,"s:1253:2:1256:Infinity":474,"s:1254:4:1254:Infinity":475,"s:1255:4:1255:Infinity":476,"s:1258:2:1264:Infinity":477,"b:1267:2:1321:Infinity:1309:2:1321:Infinity":175,"s:1267:2:1321:Infinity":478,"b:1267:6:1267:39:1267:39:1267:70":176,"s:1268:4:1272:Infinity":479,"s:1274:4:1278:Infinity":480,"s:1280:4:1284:Infinity":481,"s:1286:4:1290:Infinity":482,"s:1292:4:1296:Infinity":483,"s:1298:4:1302:Infinity":484,"s:1304:4:1308:Infinity":485,"b:1309:2:1321:Infinity:undefined:undefined:undefined:undefined":177,"s:1309:2:1321:Infinity":486,"b:1309:13:1309:48:1309:48:1309:83:1309:83:1309:111":178,"s:1310:4:1314:Infinity":487,"s:1316:4:1320:Infinity":488,"b:1324:2:1366:Infinity:1348:2:1366:Infinity":179,"s:1324:2:1366:Infinity":489,"s:1325:4:1329:Infinity":490,"s:1331:4:1335:Infinity":491,"s:1337:4:1341:Infinity":492,"s:1343:4:1347:Infinity":493,"b:1348:2:1366:Infinity:1360:9:1366:Infinity":180,"s:1348:2:1366:Infinity":494,"s:1349:4:1353:Infinity":495,"s:1355:4:1359:Infinity":496,"s:1361:4:1365:Infinity":497,"b:1368:2:1394:Infinity:1388:2:1394:Infinity":181,"s:1368:2:1394:Infinity":498,"b:1369:4:1387:Infinity:1381:4:1387:Infinity":182,"s:1369:4:1387:Infinity":499,"s:1370:6:1374:Infinity":500,"s:1376:6:1380:Infinity":501,"b:1381:4:1387:Infinity:undefined:undefined:undefined:undefined":183,"s:1381:4:1387:Infinity":502,"s:1382:6:1386:Infinity":503,"b:1388:2:1394:Infinity:undefined:undefined:undefined:undefined":184,"s:1388:2:1394:Infinity":504,"b:1388:13:1388:25:1388:25:1388:35":185,"s:1389:4:1393:Infinity":505,"b:1391:33:1391:100:1391:100:1391:Infinity":186,"b:1396:2:1410:Infinity:undefined:undefined:undefined:undefined":187,"s:1396:2:1410:Infinity":506,"b:1397:4:1409:Infinity:1403:4:1409:Infinity":188,"s:1397:4:1409:Infinity":507,"s:1398:6:1402:Infinity":508,"b:1403:4:1409:Infinity:undefined:undefined:undefined:undefined":189,"s:1403:4:1409:Infinity":509,"s:1404:6:1408:Infinity":510,"b:1413:2:1431:Infinity:1419:2:1431:Infinity":190,"s:1413:2:1431:Infinity":511,"s:1414:4:1418:Infinity":512,"b:1419:2:1431:Infinity:1425:9:1431:Infinity":191,"s:1419:2:1431:Infinity":513,"b:1419:13:1419:47:1419:47:1419:72:1419:72:1419:95":192,"s:1420:4:1424:Infinity":514,"s:1426:4:1430:Infinity":515,"b:1433:2:1457:Infinity:1451:9:1457:Infinity":193,"s:1433:2:1457:Infinity":516,"s:1434:4:1438:Infinity":517,"s:1440:4:1444:Infinity":518,"s:1446:4:1450:Infinity":519,"s:1452:4:1456:Infinity":520,"b:1459:2:1465:Infinity:undefined:undefined:undefined:undefined":194,"s:1459:2:1465:Infinity":521,"b:1459:6:1459:33:1459:33:1459:63:1459:63:1459:86":195,"s:1460:4:1464:Infinity":522,"b:1467:2:1473:Infinity:undefined:undefined:undefined:undefined":196,"s:1467:2:1473:Infinity":523,"s:1468:4:1472:Infinity":524,"b:1475:2:1483:Infinity:undefined:undefined:undefined:undefined":197,"s:1475:2:1483:Infinity":525,"s:1476:4:1482:Infinity":526,"b:1479:10:1479:Infinity:1480:10:1480:Infinity":198,"b:1481:64:1481:158:1481:158:1481:237":199,"s:1486:24:1486:Infinity":527,"f:1486:41:1486:46":41,"s:1486:46:1486:69":528,"s:1487:26:1487:Infinity":529,"f:1487:43:1487:48":42,"s:1487:48:1487:73":530,"s:1488:22:1488:Infinity":531,"f:1488:41:1488:46":43,"s:1488:46:1488:68":532,"s:1489:20:1489:Infinity":533,"f:1489:39:1489:44":44,"s:1489:44:1489:64":534,"s:1492:53:1499:Infinity":535,"b:1504:2:1550:Infinity:1525:2:1550:Infinity":200,"s:1504:2:1550:Infinity":536,"b:1504:6:1504:29:1504:29:1504:54:1504:54:1504:86":201,"s:1505:4:1505:Infinity":537,"s:1507:4:1511:Infinity":538,"s:1513:4:1517:Infinity":539,"s:1520:4:1524:Infinity":540,"b:1525:2:1550:Infinity:1536:9:1550:Infinity":202,"s:1525:2:1550:Infinity":541,"b:1525:13:1525:36:1525:36:1525:57":203,"s:1527:29:1527:Infinity":542,"f:1527:46:1527:51":45,"s:1527:51:1527:76":543,"f:1527:82:1527:87":46,"s:1527:87:1527:98":544,"s:1529:4:1529:Infinity":545,"b:1531:4:1533:Infinity:undefined:undefined:undefined:undefined":204,"s:1531:4:1533:Infinity":546,"s:1532:6:1532:Infinity":547,"s:1535:4:1535:Infinity":548,"s:1537:27:1537:Infinity":549,"f:1537:44:1537:49":47,"s:1537:49:1537:72":550,"f:1537:78:1537:83":48,"s:1537:83:1537:94":551,"s:1538:29:1538:Infinity":552,"f:1538:46:1538:51":49,"s:1538:51:1538:76":553,"f:1538:82:1538:87":50,"s:1538:87:1538:98":554,"s:1540:4:1540:Infinity":555,"b:1540:108:1540:156:1540:156:1540:158":205,"b:1542:4:1544:Infinity:undefined:undefined:undefined:undefined":206,"s:1542:4:1544:Infinity":556,"s:1543:6:1543:Infinity":557,"b:1545:4:1547:Infinity:undefined:undefined:undefined:undefined":207,"s:1545:4:1547:Infinity":558,"s:1546:6:1546:Infinity":559,"s:1549:4:1549:Infinity":560,"b:1549:118:1549:259:1549:259:1549:261":208,"b:1549:289:1549:455:1549:455:1549:531":209,"b:1553:2:1559:Infinity:undefined:undefined:undefined:undefined":210,"s:1553:2:1559:Infinity":561,"s:1554:4:1558:Infinity":562,"s:1561:2:1569:Infinity":563,"f:1572:9:1572:Infinity":51,"s:1577:20:1583:Infinity":564,"f:1577:47:1577:48":52,"s:1577:66:1583:4":565,"s:1585:2:1605:Infinity":566}}}
,"C:\\Users\\marjames\\LabVioUltimatum\\shared\\schema.ts": {"path":"C:\\Users\\marjames\\LabVioUltimatum\\shared\\schema.ts","statementMap":{"0":{"start":{"line":4,"column":26},"end":{"line":9,"column":null}},"1":{"start":{"line":14,"column":31},"end":{"line":23,"column":null}},"2":{"start":{"line":25,"column":37},"end":{"line":25,"column":null}},"3":{"start":{"line":31,"column":35},"end":{"line":34,"column":null}},"4":{"start":{"line":39,"column":39},"end":{"line":45,"column":null}},"5":{"start":{"line":47,"column":47},"end":{"line":51,"column":null}},"6":{"start":{"line":53,"column":46},"end":{"line":57,"column":null}},"7":{"start":{"line":59,"column":43},"end":{"line":65,"column":null}},"8":{"start":{"line":70,"column":36},"end":{"line":88,"column":null}},"9":{"start":{"line":90,"column":42},"end":{"line":90,"column":null}},"10":{"start":{"line":96,"column":33},"end":{"line":102,"column":null}},"11":{"start":{"line":104,"column":39},"end":{"line":104,"column":null}},"12":{"start":{"line":110,"column":30},"end":{"line":120,"column":null}},"13":{"start":{"line":125,"column":31},"end":{"line":131,"column":null}},"14":{"start":{"line":136,"column":36},"end":{"line":140,"column":null}},"15":{"start":{"line":145,"column":38},"end":{"line":151,"column":null}},"16":{"start":{"line":148,"column":42},"end":{"line":148,"column":56}},"17":{"start":{"line":155,"column":33},"end":{"line":157,"column":null}},"18":{"start":{"line":161,"column":43},"end":{"line":166,"column":null}},"19":{"start":{"line":163,"column":45},"end":{"line":163,"column":59}},"20":{"start":{"line":171,"column":44},"end":{"line":177,"column":null}},"21":{"start":{"line":179,"column":37},"end":{"line":183,"column":null}}},"fnMap":{"0":{"name":"(anonymous_0)","decl":{"start":{"line":148,"column":35},"end":{"line":148,"column":42}},"loc":{"start":{"line":148,"column":42},"end":{"line":148,"column":56}},"line":148},"1":{"name":"(anonymous_1)","decl":{"start":{"line":163,"column":38},"end":{"line":163,"column":45}},"loc":{"start":{"line":163,"column":45},"end":{"line":163,"column":59}},"line":163}},"branchMap":{},"s":{"0":1,"1":1,"2":1,"3":1,"4":1,"5":1,"6":1,"7":1,"8":1,"9":1,"10":1,"11":1,"12":1,"13":1,"14":1,"15":1,"16":0,"17":1,"18":1,"19":2,"20":1,"21":1},"f":{"0":0,"1":2},"b":{},"meta":{"lastBranch":0,"lastFunction":2,"lastStatement":22,"seen":{"s:4:26:9:Infinity":0,"s:14:31:23:Infinity":1,"s:25:37:25:Infinity":2,"s:31:35:34:Infinity":3,"s:39:39:45:Infinity":4,"s:47:47:51:Infinity":5,"s:53:46:57:Infinity":6,"s:59:43:65:Infinity":7,"s:70:36:88:Infinity":8,"s:90:42:90:Infinity":9,"s:96:33:102:Infinity":10,"s:104:39:104:Infinity":11,"s:110:30:120:Infinity":12,"s:125:31:131:Infinity":13,"s:136:36:140:Infinity":14,"s:145:38:151:Infinity":15,"f:148:35:148:42":0,"s:148:42:148:56":16,"s:155:33:157:Infinity":17,"s:161:43:166:Infinity":18,"f:163:38:163:45":1,"s:163:45:163:59":19,"s:171:44:177:Infinity":20,"s:179:37:183:Infinity":21}}}
}
